[2024-12-21 18:11:10] Act:.INFO: LineWebhookController message START  
[2024-12-21 18:11:10] Act:.INFO: LineWebhookController message END  
[2024-12-21 18:11:25] Act:.INFO: LineWebhookController message START  
[2024-12-21 18:11:25] Act:.INFO: LineWebhookController message END  
[2024-12-21 18:12:03] Act:.INFO: auth_user_info START  
[2024-12-21 18:12:03] Act:.INFO: auth_user_info END  
[2024-12-21 18:12:03] Act:.INFO: auth login redirectTo user = stdClass Object
(
    [id] => 1
    [name] => 新冨泰明
    [email] => shintomi.sh@gmail.com
    [email_verified_at] => 
    [organization_id] => 0
    [user_id] => 1
    [login_flg] => 2
    [admin_flg] => 2
    [created_at] => 2022-10-20T03:00:00.000000Z
    [updated_at] => 2022-10-20T03:00:00.000000Z
    [deleted_at] => 
)
  
[2024-12-21 18:12:03] Act:.INFO: loginout operation update START  
[2024-12-21 18:12:03] Act:.INFO: loginout operation update $id < 10 END  
[2024-12-21 18:12:05] Act:.INFO: auth_user_info START  
[2024-12-21 18:12:06] Act:.INFO: auth_user_info END  
[2024-12-21 18:12:06] Act:.INFO: office top index START $user->name = 新冨泰明  
[2024-12-21 18:12:06] Act:.INFO: auth_user_organization START  
[2024-12-21 18:12:06] Act:.INFO: auth_user_organization END  
[2024-12-21 18:12:06] Act:.INFO: office top index END $user->name = 新冨泰明  
[2024-12-21 18:12:15] Act:.INFO: auth_user_info START  
[2024-12-21 18:12:15] Act:.INFO: auth_user_info END  
[2024-12-21 18:12:15] Act:.INFO: HomeController index START  
[2024-12-21 18:12:15] Act:.INFO: HomeController index $user->name = 新冨泰明  
[2024-12-21 18:12:15] Act:.INFO: HomeController index END  
[2024-12-21 18:12:33] Act:.INFO: auth_user_info START  
[2024-12-21 18:12:33] Act:.INFO: auth_user_info END  
[2024-12-21 18:12:33] Act:.INFO: HomeController index START  
[2024-12-21 18:12:33] Act:.INFO: HomeController index $user->name = 新冨泰明  
[2024-12-21 18:12:33] Act:.INFO: HomeController index END  
[2024-12-21 18:12:42] Act:.INFO: auth logout redirectTo user = stdClass Object
(
    [id] => 1
    [name] => 新冨泰明
    [email] => shintomi.sh@gmail.com
    [email_verified_at] => 
    [organization_id] => 0
    [user_id] => 1
    [login_flg] => 2
    [admin_flg] => 2
    [created_at] => 2022-10-20T03:00:00.000000Z
    [updated_at] => 2022-10-20T03:00:00.000000Z
    [deleted_at] => 
)
  
[2024-12-21 18:12:42] Act:.INFO: loginout operation update START  
[2024-12-21 18:12:42] Act:.INFO: loginout operation update $id < 10 END  
