[2023-11-07 21:36:47] Act:.INFO: auth_user_info START  
[2023-11-07 21:36:47] Act:.INFO: auth_user_info END  
[2023-11-07 21:36:47] Act:.INFO: auth login redirectTo user = stdClass Object
(
    [id] => 1
    [name] => 新冨泰明
    [email] => shintomi.sh@gmail.com
    [email_verified_at] => 
    [organization_id] => 0
    [user_id] => 1
    [login_flg] => 2
    [admin_flg] => 2
    [created_at] => 2022-10-20T03:00:00.000000Z
    [updated_at] => 2022-10-20T03:00:00.000000Z
    [deleted_at] => 
)
  
[2023-11-07 21:36:53] Act:.INFO: linetrialuser input START  
[2023-11-07 21:36:53] Act:.INFO: linetrialuser input END  
[2023-11-07 21:46:44] Act:.INFO: linetrialuser input START  
[2023-11-07 21:46:44] Act:.INFO: linetrialuser input END  
[2023-11-07 21:51:11] Act:.INFO: auth_user_info START  
[2023-11-07 21:51:11] Act:.INFO: auth_user_info END  
[2023-11-07 21:51:11] Act:.INFO: office top index START $user->name = 新冨泰明  
[2023-11-07 21:51:11] Act:.INFO: auth_user_organization START  
[2023-11-07 21:51:11] Act:.INFO: auth_user_organization END  
[2023-11-07 21:51:13] Act:.INFO: office top index END $user->name = 新冨泰明  
[2023-11-07 21:51:23] Act:.INFO: linetrialuser input START  
[2023-11-07 21:51:23] Act:.INFO: linetrialuser input END  
[2023-11-07 21:52:32] Act:.INFO: linetrialuser input START  
[2023-11-07 21:52:33] Act:.INFO: linetrialuser input END  
[2023-11-07 21:52:56] Act:.INFO: linetrialuser input START  
[2023-11-07 21:52:56] Act:.INFO: linetrialuser input END  
[2023-11-07 21:58:06] Act:.INFO: linetrialuser input START  
[2023-11-07 21:58:06] Act:.INFO: linetrialuser input END  
