[2025-02-11 09:28:24] Act:.ERROR: There are no commands defined in the "backup" namespace. {"exception":"[object] (Symfony\\Component\\Console\\Exception\\NamespaceNotFoundException(code: 0): There are no commands defined in the \"backup\" namespace. at /var/www/html/vendor/symfony/console/Application.php:632)
[stacktrace]
#0 /var/www/html/vendor/symfony/console/Application.php(683): Symfony\\Component\\Console\\Application->findNamespace()
#1 /var/www/html/vendor/symfony/console/Application.php(256): Symfony\\Component\\Console\\Application->find()
#2 /var/www/html/vendor/symfony/console/Application.php(168): Symfony\\Component\\Console\\Application->doRun()
#3 /var/www/html/vendor/laravel/framework/src/Illuminate/Console/Application.php(102): Symfony\\Component\\Console\\Application->run()
#4 /var/www/html/vendor/laravel/framework/src/Illuminate/Foundation/Console/Kernel.php(155): Illuminate\\Console\\Application->run()
#5 /var/www/html/artisan(35): Illuminate\\Foundation\\Console\\Kernel->handle()
#6 {main}
"} 
[2025-02-11 09:32:27] Act:.ERROR: Email "y-shintomi" does not comply with addr-spec of RFC 2822. {"exception":"[object] (Symfony\\Component\\Mime\\Exception\\RfcComplianceException(code: 0): Email \"y-shintomi\" does not comply with addr-spec of RFC 2822. at /var/www/html/vendor/symfony/mime/Address.php:54)
[stacktrace]
#0 /var/www/html/vendor/laravel/framework/src/Illuminate/Mail/Message.php(56): Symfony\\Component\\Mime\\Address->__construct()
#1 /var/www/html/vendor/laravel/framework/src/Illuminate/Mail/Mailer.php(513): Illuminate\\Mail\\Message->from()
#2 /var/www/html/vendor/laravel/framework/src/Illuminate/Mail/Mailer.php(279): Illuminate\\Mail\\Mailer->createMessage()
#3 /var/www/html/vendor/laravel/framework/src/Illuminate/Notifications/Channels/MailChannel.php(64): Illuminate\\Mail\\Mailer->send()
#4 /var/www/html/vendor/laravel/framework/src/Illuminate/Notifications/NotificationSender.php(148): Illuminate\\Notifications\\Channels\\MailChannel->send()
#5 /var/www/html/vendor/laravel/framework/src/Illuminate/Notifications/NotificationSender.php(106): Illuminate\\Notifications\\NotificationSender->sendToNotifiable()
#6 /var/www/html/vendor/laravel/framework/src/Illuminate/Support/Traits/Localizable.php(19): Illuminate\\Notifications\\NotificationSender->Illuminate\\Notifications\\{closure}()
#7 /var/www/html/vendor/laravel/framework/src/Illuminate/Notifications/NotificationSender.php(101): Illuminate\\Notifications\\NotificationSender->withLocale()
#8 /var/www/html/vendor/laravel/framework/src/Illuminate/Notifications/NotificationSender.php(79): Illuminate\\Notifications\\NotificationSender->sendNow()
#9 /var/www/html/vendor/laravel/framework/src/Illuminate/Notifications/ChannelManager.php(39): Illuminate\\Notifications\\NotificationSender->send()
#10 /var/www/html/vendor/laravel/framework/src/Illuminate/Notifications/RoutesNotifications.php(18): Illuminate\\Notifications\\ChannelManager->send()
#11 /var/www/html/vendor/spatie/laravel-backup/src/Notifications/EventHandler.php(30): Spatie\\Backup\\Notifications\\Notifiable->notify()
#12 /var/www/html/vendor/laravel/framework/src/Illuminate/Events/Dispatcher.php(421): Spatie\\Backup\\Notifications\\EventHandler->Spatie\\Backup\\Notifications\\{closure}()
#13 /var/www/html/vendor/laravel/framework/src/Illuminate/Events/Dispatcher.php(249): Illuminate\\Events\\Dispatcher->Illuminate\\Events\\{closure}()
#14 /var/www/html/vendor/laravel/framework/src/Illuminate/Foundation/helpers.php(435): Illuminate\\Events\\Dispatcher->dispatch()
#15 /var/www/html/vendor/spatie/laravel-backup/src/Tasks/Backup/BackupJob.php(311): event()
#16 /var/www/html/vendor/laravel/framework/src/Illuminate/Foundation/helpers.php(740): Spatie\\Backup\\Tasks\\Backup\\BackupJob->Spatie\\Backup\\Tasks\\Backup\\{closure}()
#17 /var/www/html/vendor/spatie/laravel-backup/src/Tasks/Backup/BackupJob.php(310): rescue()
#18 /var/www/html/vendor/spatie/laravel-backup/src/Tasks/Backup/BackupJob.php(172): Spatie\\Backup\\Tasks\\Backup\\BackupJob->sendNotification()
#19 /var/www/html/vendor/spatie/laravel-backup/src/Commands/BackupCommand.php(58): Spatie\\Backup\\Tasks\\Backup\\BackupJob->run()
#20 /var/www/html/vendor/laravel/framework/src/Illuminate/Container/BoundMethod.php(36): Spatie\\Backup\\Commands\\BackupCommand->handle()
#21 /var/www/html/vendor/laravel/framework/src/Illuminate/Container/Util.php(41): Illuminate\\Container\\BoundMethod::Illuminate\\Container\\{closure}()
#22 /var/www/html/vendor/laravel/framework/src/Illuminate/Container/BoundMethod.php(93): Illuminate\\Container\\Util::unwrapIfClosure()
#23 /var/www/html/vendor/laravel/framework/src/Illuminate/Container/BoundMethod.php(35): Illuminate\\Container\\BoundMethod::callBoundMethod()
#24 /var/www/html/vendor/laravel/framework/src/Illuminate/Container/Container.php(661): Illuminate\\Container\\BoundMethod::call()
#25 /var/www/html/vendor/laravel/framework/src/Illuminate/Console/Command.php(194): Illuminate\\Container\\Container->call()
#26 /var/www/html/vendor/symfony/console/Command/Command.php(312): Illuminate\\Console\\Command->execute()
#27 /var/www/html/vendor/laravel/framework/src/Illuminate/Console/Command.php(163): Symfony\\Component\\Console\\Command\\Command->run()
#28 /var/www/html/vendor/spatie/laravel-backup/src/Commands/BaseCommand.php(28): Illuminate\\Console\\Command->run()
#29 /var/www/html/vendor/symfony/console/Application.php(1022): Spatie\\Backup\\Commands\\BaseCommand->run()
#30 /var/www/html/vendor/symfony/console/Application.php(314): Symfony\\Component\\Console\\Application->doRunCommand()
#31 /var/www/html/vendor/symfony/console/Application.php(168): Symfony\\Component\\Console\\Application->doRun()
#32 /var/www/html/vendor/laravel/framework/src/Illuminate/Console/Application.php(102): Symfony\\Component\\Console\\Application->run()
#33 /var/www/html/vendor/laravel/framework/src/Illuminate/Foundation/Console/Kernel.php(155): Illuminate\\Console\\Application->run()
#34 /var/www/html/artisan(35): Illuminate\\Foundation\\Console\\Kernel->handle()
#35 {main}
"} 
[2025-02-11 09:32:27] Act:.ERROR: The dump process failed with a none successful exitcode.
Exitcode
========
2: Misuse of shell builtins

Output
======
<no output>

Error Output
============
mysqldump: Got error: 2003: Can't connect to MySQL server on '127.0.0.1:3306' (111) when trying to connect
 {"exception":"[object] (Spatie\\DbDumper\\Exceptions\\DumpFailed(code: 0): The dump process failed with a none successful exitcode.
Exitcode
========
2: Misuse of shell builtins

Output
======
<no output>

Error Output
============
mysqldump: Got error: 2003: Can't connect to MySQL server on '127.0.0.1:3306' (111) when trying to connect
 at /var/www/html/vendor/spatie/db-dumper/src/Exceptions/DumpFailed.php:14)
[stacktrace]
#0 /var/www/html/vendor/spatie/db-dumper/src/DbDumper.php(194): Spatie\\DbDumper\\Exceptions\\DumpFailed::processDidNotEndSuccessfully()
#1 /var/www/html/vendor/spatie/db-dumper/src/Databases/MySql.php(170): Spatie\\DbDumper\\DbDumper->checkIfDumpWasSuccessFul()
#2 /var/www/html/vendor/spatie/laravel-backup/src/Tasks/Backup/BackupJob.php(274): Spatie\\DbDumper\\Databases\\MySql->dumpToFile()
#3 [internal function]: Spatie\\Backup\\Tasks\\Backup\\BackupJob->Spatie\\Backup\\Tasks\\Backup\\{closure}()
#4 /var/www/html/vendor/laravel/framework/src/Illuminate/Collections/Arr.php(558): array_map()
#5 /var/www/html/vendor/laravel/framework/src/Illuminate/Collections/Collection.php(770): Illuminate\\Support\\Arr::map()
#6 /var/www/html/vendor/spatie/laravel-backup/src/Tasks/Backup/BackupJob.php(248): Illuminate\\Support\\Collection->map()
#7 /var/www/html/vendor/spatie/laravel-backup/src/Tasks/Backup/BackupJob.php(188): Spatie\\Backup\\Tasks\\Backup\\BackupJob->dumpDatabases()
#8 /var/www/html/vendor/spatie/laravel-backup/src/Tasks/Backup/BackupJob.php(160): Spatie\\Backup\\Tasks\\Backup\\BackupJob->createBackupManifest()
#9 /var/www/html/vendor/spatie/laravel-backup/src/Commands/BackupCommand.php(58): Spatie\\Backup\\Tasks\\Backup\\BackupJob->run()
#10 /var/www/html/vendor/laravel/framework/src/Illuminate/Container/BoundMethod.php(36): Spatie\\Backup\\Commands\\BackupCommand->handle()
#11 /var/www/html/vendor/laravel/framework/src/Illuminate/Container/Util.php(41): Illuminate\\Container\\BoundMethod::Illuminate\\Container\\{closure}()
#12 /var/www/html/vendor/laravel/framework/src/Illuminate/Container/BoundMethod.php(93): Illuminate\\Container\\Util::unwrapIfClosure()
#13 /var/www/html/vendor/laravel/framework/src/Illuminate/Container/BoundMethod.php(35): Illuminate\\Container\\BoundMethod::callBoundMethod()
#14 /var/www/html/vendor/laravel/framework/src/Illuminate/Container/Container.php(661): Illuminate\\Container\\BoundMethod::call()
#15 /var/www/html/vendor/laravel/framework/src/Illuminate/Console/Command.php(194): Illuminate\\Container\\Container->call()
#16 /var/www/html/vendor/symfony/console/Command/Command.php(312): Illuminate\\Console\\Command->execute()
#17 /var/www/html/vendor/laravel/framework/src/Illuminate/Console/Command.php(163): Symfony\\Component\\Console\\Command\\Command->run()
#18 /var/www/html/vendor/spatie/laravel-backup/src/Commands/BaseCommand.php(28): Illuminate\\Console\\Command->run()
#19 /var/www/html/vendor/symfony/console/Application.php(1022): Spatie\\Backup\\Commands\\BaseCommand->run()
#20 /var/www/html/vendor/symfony/console/Application.php(314): Symfony\\Component\\Console\\Application->doRunCommand()
#21 /var/www/html/vendor/symfony/console/Application.php(168): Symfony\\Component\\Console\\Application->doRun()
#22 /var/www/html/vendor/laravel/framework/src/Illuminate/Console/Application.php(102): Symfony\\Component\\Console\\Application->run()
#23 /var/www/html/vendor/laravel/framework/src/Illuminate/Foundation/Console/Kernel.php(155): Illuminate\\Console\\Application->run()
#24 /var/www/html/artisan(35): Illuminate\\Foundation\\Console\\Kernel->handle()
#25 {main}
"} 
[2025-02-11 09:32:27] Act:.ERROR: Email "y-shintomi" does not comply with addr-spec of RFC 2822. {"exception":"[object] (Symfony\\Component\\Mime\\Exception\\RfcComplianceException(code: 0): Email \"y-shintomi\" does not comply with addr-spec of RFC 2822. at /var/www/html/vendor/symfony/mime/Address.php:54)
[stacktrace]
#0 /var/www/html/vendor/laravel/framework/src/Illuminate/Mail/Message.php(56): Symfony\\Component\\Mime\\Address->__construct()
#1 /var/www/html/vendor/laravel/framework/src/Illuminate/Mail/Mailer.php(513): Illuminate\\Mail\\Message->from()
#2 /var/www/html/vendor/laravel/framework/src/Illuminate/Mail/Mailer.php(279): Illuminate\\Mail\\Mailer->createMessage()
#3 /var/www/html/vendor/laravel/framework/src/Illuminate/Notifications/Channels/MailChannel.php(64): Illuminate\\Mail\\Mailer->send()
#4 /var/www/html/vendor/laravel/framework/src/Illuminate/Notifications/NotificationSender.php(148): Illuminate\\Notifications\\Channels\\MailChannel->send()
#5 /var/www/html/vendor/laravel/framework/src/Illuminate/Notifications/NotificationSender.php(106): Illuminate\\Notifications\\NotificationSender->sendToNotifiable()
#6 /var/www/html/vendor/laravel/framework/src/Illuminate/Support/Traits/Localizable.php(19): Illuminate\\Notifications\\NotificationSender->Illuminate\\Notifications\\{closure}()
#7 /var/www/html/vendor/laravel/framework/src/Illuminate/Notifications/NotificationSender.php(101): Illuminate\\Notifications\\NotificationSender->withLocale()
#8 /var/www/html/vendor/laravel/framework/src/Illuminate/Notifications/NotificationSender.php(79): Illuminate\\Notifications\\NotificationSender->sendNow()
#9 /var/www/html/vendor/laravel/framework/src/Illuminate/Notifications/ChannelManager.php(39): Illuminate\\Notifications\\NotificationSender->send()
#10 /var/www/html/vendor/laravel/framework/src/Illuminate/Notifications/RoutesNotifications.php(18): Illuminate\\Notifications\\ChannelManager->send()
#11 /var/www/html/vendor/spatie/laravel-backup/src/Notifications/EventHandler.php(30): Spatie\\Backup\\Notifications\\Notifiable->notify()
#12 /var/www/html/vendor/laravel/framework/src/Illuminate/Events/Dispatcher.php(421): Spatie\\Backup\\Notifications\\EventHandler->Spatie\\Backup\\Notifications\\{closure}()
#13 /var/www/html/vendor/laravel/framework/src/Illuminate/Events/Dispatcher.php(249): Illuminate\\Events\\Dispatcher->Illuminate\\Events\\{closure}()
#14 /var/www/html/vendor/laravel/framework/src/Illuminate/Foundation/helpers.php(435): Illuminate\\Events\\Dispatcher->dispatch()
#15 /var/www/html/vendor/spatie/laravel-backup/src/Commands/BackupCommand.php(67): event()
#16 /var/www/html/vendor/laravel/framework/src/Illuminate/Container/BoundMethod.php(36): Spatie\\Backup\\Commands\\BackupCommand->handle()
#17 /var/www/html/vendor/laravel/framework/src/Illuminate/Container/Util.php(41): Illuminate\\Container\\BoundMethod::Illuminate\\Container\\{closure}()
#18 /var/www/html/vendor/laravel/framework/src/Illuminate/Container/BoundMethod.php(93): Illuminate\\Container\\Util::unwrapIfClosure()
#19 /var/www/html/vendor/laravel/framework/src/Illuminate/Container/BoundMethod.php(35): Illuminate\\Container\\BoundMethod::callBoundMethod()
#20 /var/www/html/vendor/laravel/framework/src/Illuminate/Container/Container.php(661): Illuminate\\Container\\BoundMethod::call()
#21 /var/www/html/vendor/laravel/framework/src/Illuminate/Console/Command.php(194): Illuminate\\Container\\Container->call()
#22 /var/www/html/vendor/symfony/console/Command/Command.php(312): Illuminate\\Console\\Command->execute()
#23 /var/www/html/vendor/laravel/framework/src/Illuminate/Console/Command.php(163): Symfony\\Component\\Console\\Command\\Command->run()
#24 /var/www/html/vendor/spatie/laravel-backup/src/Commands/BaseCommand.php(28): Illuminate\\Console\\Command->run()
#25 /var/www/html/vendor/symfony/console/Application.php(1022): Spatie\\Backup\\Commands\\BaseCommand->run()
#26 /var/www/html/vendor/symfony/console/Application.php(314): Symfony\\Component\\Console\\Application->doRunCommand()
#27 /var/www/html/vendor/symfony/console/Application.php(168): Symfony\\Component\\Console\\Application->doRun()
#28 /var/www/html/vendor/laravel/framework/src/Illuminate/Console/Application.php(102): Symfony\\Component\\Console\\Application->run()
#29 /var/www/html/vendor/laravel/framework/src/Illuminate/Foundation/Console/Kernel.php(155): Illuminate\\Console\\Application->run()
#30 /var/www/html/artisan(35): Illuminate\\Foundation\\Console\\Kernel->handle()
#31 {main}
"} 
[2025-02-11 09:34:08] Act:.ERROR: Email "y-shintomi" does not comply with addr-spec of RFC 2822. {"exception":"[object] (Symfony\\Component\\Mime\\Exception\\RfcComplianceException(code: 0): Email \"y-shintomi\" does not comply with addr-spec of RFC 2822. at /var/www/html/vendor/symfony/mime/Address.php:54)
[stacktrace]
#0 /var/www/html/vendor/laravel/framework/src/Illuminate/Mail/Message.php(56): Symfony\\Component\\Mime\\Address->__construct()
#1 /var/www/html/vendor/laravel/framework/src/Illuminate/Mail/Mailer.php(513): Illuminate\\Mail\\Message->from()
#2 /var/www/html/vendor/laravel/framework/src/Illuminate/Mail/Mailer.php(279): Illuminate\\Mail\\Mailer->createMessage()
#3 /var/www/html/vendor/laravel/framework/src/Illuminate/Notifications/Channels/MailChannel.php(64): Illuminate\\Mail\\Mailer->send()
#4 /var/www/html/vendor/laravel/framework/src/Illuminate/Notifications/NotificationSender.php(148): Illuminate\\Notifications\\Channels\\MailChannel->send()
#5 /var/www/html/vendor/laravel/framework/src/Illuminate/Notifications/NotificationSender.php(106): Illuminate\\Notifications\\NotificationSender->sendToNotifiable()
#6 /var/www/html/vendor/laravel/framework/src/Illuminate/Support/Traits/Localizable.php(19): Illuminate\\Notifications\\NotificationSender->Illuminate\\Notifications\\{closure}()
#7 /var/www/html/vendor/laravel/framework/src/Illuminate/Notifications/NotificationSender.php(101): Illuminate\\Notifications\\NotificationSender->withLocale()
#8 /var/www/html/vendor/laravel/framework/src/Illuminate/Notifications/NotificationSender.php(79): Illuminate\\Notifications\\NotificationSender->sendNow()
#9 /var/www/html/vendor/laravel/framework/src/Illuminate/Notifications/ChannelManager.php(39): Illuminate\\Notifications\\NotificationSender->send()
#10 /var/www/html/vendor/laravel/framework/src/Illuminate/Notifications/RoutesNotifications.php(18): Illuminate\\Notifications\\ChannelManager->send()
#11 /var/www/html/vendor/spatie/laravel-backup/src/Notifications/EventHandler.php(30): Spatie\\Backup\\Notifications\\Notifiable->notify()
#12 /var/www/html/vendor/laravel/framework/src/Illuminate/Events/Dispatcher.php(421): Spatie\\Backup\\Notifications\\EventHandler->Spatie\\Backup\\Notifications\\{closure}()
#13 /var/www/html/vendor/laravel/framework/src/Illuminate/Events/Dispatcher.php(249): Illuminate\\Events\\Dispatcher->Illuminate\\Events\\{closure}()
#14 /var/www/html/vendor/laravel/framework/src/Illuminate/Foundation/helpers.php(435): Illuminate\\Events\\Dispatcher->dispatch()
#15 /var/www/html/vendor/spatie/laravel-backup/src/Tasks/Backup/BackupJob.php(311): event()
#16 /var/www/html/vendor/laravel/framework/src/Illuminate/Foundation/helpers.php(740): Spatie\\Backup\\Tasks\\Backup\\BackupJob->Spatie\\Backup\\Tasks\\Backup\\{closure}()
#17 /var/www/html/vendor/spatie/laravel-backup/src/Tasks/Backup/BackupJob.php(310): rescue()
#18 /var/www/html/vendor/spatie/laravel-backup/src/Tasks/Backup/BackupJob.php(296): Spatie\\Backup\\Tasks\\Backup\\BackupJob->sendNotification()
#19 /var/www/html/vendor/laravel/framework/src/Illuminate/Collections/Traits/EnumeratesValues.php(235): Spatie\\Backup\\Tasks\\Backup\\BackupJob->Spatie\\Backup\\Tasks\\Backup\\{closure}()
#20 /var/www/html/vendor/spatie/laravel-backup/src/Tasks/Backup/BackupJob.php(284): Illuminate\\Support\\Collection->each()
#21 /var/www/html/vendor/spatie/laravel-backup/src/Tasks/Backup/BackupJob.php(168): Spatie\\Backup\\Tasks\\Backup\\BackupJob->copyToBackupDestinations()
#22 /var/www/html/vendor/spatie/laravel-backup/src/Commands/BackupCommand.php(58): Spatie\\Backup\\Tasks\\Backup\\BackupJob->run()
#23 /var/www/html/vendor/laravel/framework/src/Illuminate/Container/BoundMethod.php(36): Spatie\\Backup\\Commands\\BackupCommand->handle()
#24 /var/www/html/vendor/laravel/framework/src/Illuminate/Container/Util.php(41): Illuminate\\Container\\BoundMethod::Illuminate\\Container\\{closure}()
#25 /var/www/html/vendor/laravel/framework/src/Illuminate/Container/BoundMethod.php(93): Illuminate\\Container\\Util::unwrapIfClosure()
#26 /var/www/html/vendor/laravel/framework/src/Illuminate/Container/BoundMethod.php(35): Illuminate\\Container\\BoundMethod::callBoundMethod()
#27 /var/www/html/vendor/laravel/framework/src/Illuminate/Container/Container.php(661): Illuminate\\Container\\BoundMethod::call()
#28 /var/www/html/vendor/laravel/framework/src/Illuminate/Console/Command.php(194): Illuminate\\Container\\Container->call()
#29 /var/www/html/vendor/symfony/console/Command/Command.php(312): Illuminate\\Console\\Command->execute()
#30 /var/www/html/vendor/laravel/framework/src/Illuminate/Console/Command.php(163): Symfony\\Component\\Console\\Command\\Command->run()
#31 /var/www/html/vendor/spatie/laravel-backup/src/Commands/BaseCommand.php(28): Illuminate\\Console\\Command->run()
#32 /var/www/html/vendor/symfony/console/Application.php(1022): Spatie\\Backup\\Commands\\BaseCommand->run()
#33 /var/www/html/vendor/symfony/console/Application.php(314): Symfony\\Component\\Console\\Application->doRunCommand()
#34 /var/www/html/vendor/symfony/console/Application.php(168): Symfony\\Component\\Console\\Application->doRun()
#35 /var/www/html/vendor/laravel/framework/src/Illuminate/Console/Application.php(102): Symfony\\Component\\Console\\Application->run()
#36 /var/www/html/vendor/laravel/framework/src/Illuminate/Foundation/Console/Kernel.php(155): Illuminate\\Console\\Application->run()
#37 /var/www/html/artisan(35): Illuminate\\Foundation\\Console\\Kernel->handle()
#38 {main}
"} 
