[2022-11-13 00:39:58] local.INFO: auth_user_info START  
[2022-11-13 00:39:58] local.INFO: auth_user_info END  
[2022-11-13 00:39:58] local.INFO: auth login redirectTo user = stdClass Object
(
    [id] => 7
    [name] => 新冨泰明
    [email] => y-shintomi@aizen-sol.co.jp
    [email_verified_at] => 
    [organization_id] => 1
    [user_id] => 1
    [login_flg] => 2
    [admin_flg] => 2
    [created_at] => 2022-10-20T12:00:00.000000Z
    [updated_at] => 2022-10-24T06:11:32.000000Z
    [deleted_at] => 
)
  
[2022-11-13 00:39:58] local.INFO: auth_user_info START  
[2022-11-13 00:39:58] local.INFO: auth_user_info END  
[2022-11-13 00:39:58] local.INFO: office top index START $user->name = 新冨泰明  
[2022-11-13 00:39:58] local.INFO: auth_user_organization START  
[2022-11-13 00:39:58] local.INFO: auth_user_organization END  
[2022-11-13 00:39:58] local.INFO: office top index END $user->name = 新冨泰明  
