[2024-06-21 14:19:24] Act:.INFO: auth_user_info START  
[2024-06-21 14:19:24] Act:.INFO: auth_user_info END  
[2024-06-21 14:19:24] Act:.INFO: auth login redirectTo user = stdClass Object
(
    [id] => 1
    [name] => 新冨泰明
    [email] => shintomi.sh@gmail.com
    [email_verified_at] => 
    [organization_id] => 0
    [user_id] => 1
    [login_flg] => 2
    [admin_flg] => 2
    [created_at] => 2022-10-20T12:00:00.000000Z
    [updated_at] => 2022-10-20T12:00:00.000000Z
    [deleted_at] => 
)
  
[2024-06-21 14:19:24] Act:.INFO: loginout operation update START  
[2024-06-21 14:19:24] Act:.INFO: loginout operation update $id < 10 END  
[2024-06-21 14:19:24] Act:.INFO: auth_user_info START  
[2024-06-21 14:19:24] Act:.INFO: auth_user_info END  
[2024-06-21 14:19:24] Act:.INFO: office top index START $user->name = 新冨泰明  
[2024-06-21 14:19:24] Act:.INFO: auth_user_organization START  
[2024-06-21 14:19:24] Act:.INFO: auth_user_organization END  
[2024-06-21 14:19:24] Act:.INFO: office top index END $user->name = 新冨泰明  
[2024-06-21 14:19:26] Act:.INFO: user index START  
[2024-06-21 14:19:26] Act:.INFO: auth_user_organization START  
[2024-06-21 14:19:26] Act:.INFO: auth_user_organization END  
[2024-06-21 14:19:26] Act:.INFO: user index END  
[2024-06-21 14:19:36] Act:.INFO: customer index START  
[2024-06-21 14:19:36] Act:.INFO: auth_user_organization START  
[2024-06-21 14:19:36] Act:.INFO: auth_user_organization END  
[2024-06-21 14:19:36] Act:.INFO: customer index END  
[2024-06-21 14:19:56] Act:.INFO: newsrepos index START  
[2024-06-21 14:19:56] Act:.INFO: auth_user_info START  
[2024-06-21 14:19:56] Act:.INFO: auth_user_info END  
[2024-06-21 14:19:56] Act:.INFO: auth_user_organization START  
[2024-06-21 14:19:56] Act:.INFO: auth_user_organization END  
[2024-06-21 14:19:56] Act:.INFO: newsrepo index END  
[2024-06-21 14:20:14] Act:.INFO: auth logout redirectTo user = stdClass Object
(
    [id] => 1
    [name] => 新冨泰明
    [email] => shintomi.sh@gmail.com
    [email_verified_at] => 
    [organization_id] => 0
    [user_id] => 1
    [login_flg] => 2
    [admin_flg] => 2
    [created_at] => 2022-10-20T12:00:00.000000Z
    [updated_at] => 2022-10-20T12:00:00.000000Z
    [deleted_at] => 
)
  
[2024-06-21 14:20:14] Act:.INFO: loginout operation update START  
[2024-06-21 14:20:14] Act:.INFO: loginout operation update $id < 10 END  
