[2024-06-05 08:52:17] Act:.INFO: auth_user_info START  
[2024-06-05 08:52:17] Act:.INFO: auth_user_info END  
[2024-06-05 08:52:17] Act:.INFO: auth login redirectTo user = stdClass Object
(
    [id] => 1
    [name] => 新冨泰明
    [email] => shintomi.sh@gmail.com
    [email_verified_at] => 
    [organization_id] => 0
    [user_id] => 1
    [login_flg] => 2
    [admin_flg] => 2
    [created_at] => 2022-10-20T12:00:00.000000Z
    [updated_at] => 2022-10-20T12:00:00.000000Z
    [deleted_at] => 
)
  
[2024-06-05 08:52:17] Act:.INFO: loginout operation update START  
[2024-06-05 08:52:17] Act:.INFO: loginout operation update $id < 10 END  
[2024-06-05 08:52:18] Act:.INFO: auth_user_info START  
[2024-06-05 08:52:18] Act:.INFO: auth_user_info END  
[2024-06-05 08:52:18] Act:.INFO: office top index START $user->name = 新冨泰明  
[2024-06-05 08:52:18] Act:.INFO: auth_user_organization START  
[2024-06-05 08:52:18] Act:.INFO: auth_user_organization END  
[2024-06-05 08:52:18] Act:.INFO: office top index END $user->name = 新冨泰明  
[2024-06-05 08:52:20] Act:.INFO: linetrialuser input START  
[2024-06-05 08:52:20] Act:.INFO: linetrialuser input END  
[2024-06-05 08:52:36] Act:.INFO: LineExcelMakeController lineexcel START  
[2024-06-05 08:52:36] Act:.INFO: auth_user_organization START  
[2024-06-05 08:52:36] Act:.INFO: auth_user_organization END  
[2024-06-05 08:52:36] Act:.DEBUG: LineExcelMakeController lineexcel $id = 1  
[2024-06-05 08:52:36] Act:.DEBUG: LineExcelMakeController lineexcel $user_name = 市川 廣夢  
[2024-06-05 08:52:36] Act:.INFO: ExportService LinemakeXlsPdf START  
[2024-06-05 08:52:36] Act:.INFO: ExportService  line_trial_users_history_Update START  
[2024-06-05 08:52:36] Act:.INFO: beginTransaction - ExportService  line_trial_users_history_Update saveFile start  
[2024-06-05 08:52:36] Act:.INFO: beginTransaction - ExportService  line_trial_users_history_Update saveFile end(commit)  
[2024-06-05 08:52:36] Act:.INFO: ExportService  line_trial_users_history_Update END  
[2024-06-05 08:52:36] Act:.INFO: ExportService convertOfficeToPdf START  
[2024-06-05 08:52:38] Act:.INFO: ExportService convertOfficeToPdf exec $return_var = 0  
[2024-06-05 08:52:38] Act:.INFO: ExportService convertOfficeToPdf END  
[2024-06-05 08:52:38] Act:.INFO: ExportService  line_trial_users_history_Update START  
[2024-06-05 08:52:38] Act:.INFO: beginTransaction - ExportService  line_trial_users_history_Update saveFile start  
[2024-06-05 08:52:38] Act:.INFO: beginTransaction - ExportService  line_trial_users_history_Update saveFile end(commit)  
[2024-06-05 08:52:38] Act:.INFO: ExportService  line_trial_users_history_Update END  
[2024-06-05 08:52:38] Act:.INFO: line_trial_users_Update START  
[2024-06-05 08:52:38] Act:.INFO: line_trial_users_Update beginTransaction - start  
[2024-06-05 08:52:38] Act:.INFO: line_trial_users_Update beginTransaction - end  
[2024-06-05 08:52:38] Act:.INFO: line_trial_users_Update END  
[2024-06-05 08:52:38] Act:.INFO: ExportService LinemakeXlsPdf END  
[2024-06-05 08:52:38] Act:.INFO: LineExcelMakeController lineexcel END  
[2024-06-05 08:52:38] Act:.INFO: linetrialuser input START  
[2024-06-05 08:52:38] Act:.INFO: linetrialuser input END  
[2024-06-05 08:52:45] Act:.INFO: LineExcelMakeController lineexcel START  
[2024-06-05 08:52:45] Act:.INFO: auth_user_organization START  
[2024-06-05 08:52:45] Act:.INFO: auth_user_organization END  
[2024-06-05 08:52:45] Act:.DEBUG: LineExcelMakeController lineexcel $id = 2  
[2024-06-05 08:52:45] Act:.DEBUG: LineExcelMakeController lineexcel $user_name = 中村 樹  
[2024-06-05 08:52:45] Act:.INFO: ExportService LinemakeXlsPdf START  
[2024-06-05 08:52:45] Act:.INFO: ExportService  line_trial_users_history_Update START  
[2024-06-05 08:52:45] Act:.INFO: beginTransaction - ExportService  line_trial_users_history_Update saveFile start  
[2024-06-05 08:52:45] Act:.INFO: beginTransaction - ExportService  line_trial_users_history_Update saveFile end(commit)  
[2024-06-05 08:52:45] Act:.INFO: ExportService  line_trial_users_history_Update END  
[2024-06-05 08:52:45] Act:.INFO: ExportService convertOfficeToPdf START  
[2024-06-05 08:52:45] Act:.INFO: ExportService convertOfficeToPdf exec $return_var = 0  
[2024-06-05 08:52:45] Act:.INFO: ExportService convertOfficeToPdf END  
[2024-06-05 08:52:45] Act:.INFO: ExportService  line_trial_users_history_Update START  
[2024-06-05 08:52:45] Act:.INFO: beginTransaction - ExportService  line_trial_users_history_Update saveFile start  
[2024-06-05 08:52:45] Act:.INFO: beginTransaction - ExportService  line_trial_users_history_Update saveFile end(commit)  
[2024-06-05 08:52:45] Act:.INFO: ExportService  line_trial_users_history_Update END  
[2024-06-05 08:52:45] Act:.INFO: line_trial_users_Update START  
[2024-06-05 08:52:45] Act:.INFO: line_trial_users_Update beginTransaction - start  
[2024-06-05 08:52:45] Act:.INFO: line_trial_users_Update beginTransaction - end  
[2024-06-05 08:52:45] Act:.INFO: line_trial_users_Update END  
[2024-06-05 08:52:45] Act:.INFO: ExportService LinemakeXlsPdf END  
[2024-06-05 08:52:45] Act:.INFO: LineExcelMakeController lineexcel END  
[2024-06-05 08:52:46] Act:.INFO: linetrialuser input START  
[2024-06-05 08:52:46] Act:.INFO: linetrialuser input END  
[2024-06-05 08:52:51] Act:.INFO: LineExcelMakeController lineexcel START  
[2024-06-05 08:52:51] Act:.INFO: auth_user_organization START  
[2024-06-05 08:52:51] Act:.INFO: auth_user_organization END  
[2024-06-05 08:52:51] Act:.DEBUG: LineExcelMakeController lineexcel $id = 3  
[2024-06-05 08:52:51] Act:.DEBUG: LineExcelMakeController lineexcel $user_name = 中村 葵  
[2024-06-05 08:52:51] Act:.INFO: ExportService LinemakeXlsPdf START  
[2024-06-05 08:52:51] Act:.INFO: ExportService  line_trial_users_history_Update START  
[2024-06-05 08:52:51] Act:.INFO: beginTransaction - ExportService  line_trial_users_history_Update saveFile start  
[2024-06-05 08:52:51] Act:.INFO: beginTransaction - ExportService  line_trial_users_history_Update saveFile end(commit)  
[2024-06-05 08:52:51] Act:.INFO: ExportService  line_trial_users_history_Update END  
[2024-06-05 08:52:51] Act:.INFO: ExportService convertOfficeToPdf START  
[2024-06-05 08:52:51] Act:.INFO: ExportService convertOfficeToPdf exec $return_var = 0  
[2024-06-05 08:52:51] Act:.INFO: ExportService convertOfficeToPdf END  
[2024-06-05 08:52:51] Act:.INFO: ExportService  line_trial_users_history_Update START  
[2024-06-05 08:52:51] Act:.INFO: beginTransaction - ExportService  line_trial_users_history_Update saveFile start  
[2024-06-05 08:52:51] Act:.INFO: beginTransaction - ExportService  line_trial_users_history_Update saveFile end(commit)  
[2024-06-05 08:52:51] Act:.INFO: ExportService  line_trial_users_history_Update END  
[2024-06-05 08:52:51] Act:.INFO: line_trial_users_Update START  
[2024-06-05 08:52:51] Act:.INFO: line_trial_users_Update beginTransaction - start  
[2024-06-05 08:52:51] Act:.INFO: line_trial_users_Update beginTransaction - end  
[2024-06-05 08:52:51] Act:.INFO: line_trial_users_Update END  
[2024-06-05 08:52:51] Act:.INFO: ExportService LinemakeXlsPdf END  
[2024-06-05 08:52:51] Act:.INFO: LineExcelMakeController lineexcel END  
[2024-06-05 08:52:52] Act:.INFO: linetrialuser input START  
[2024-06-05 08:52:52] Act:.INFO: linetrialuser input END  
[2024-06-05 08:52:57] Act:.INFO: LineExcelMakeController lineexcel START  
[2024-06-05 08:52:57] Act:.INFO: auth_user_organization START  
[2024-06-05 08:52:57] Act:.INFO: auth_user_organization END  
[2024-06-05 08:52:57] Act:.DEBUG: LineExcelMakeController lineexcel $id = 4  
[2024-06-05 08:52:57] Act:.DEBUG: LineExcelMakeController lineexcel $user_name = 厩橋 大輝(うまやばし　たいき)  
[2024-06-05 08:52:57] Act:.INFO: ExportService LinemakeXlsPdf START  
[2024-06-05 08:52:57] Act:.INFO: ExportService  line_trial_users_history_Update START  
[2024-06-05 08:52:57] Act:.INFO: beginTransaction - ExportService  line_trial_users_history_Update saveFile start  
[2024-06-05 08:52:57] Act:.INFO: beginTransaction - ExportService  line_trial_users_history_Update saveFile end(commit)  
[2024-06-05 08:52:57] Act:.INFO: ExportService  line_trial_users_history_Update END  
[2024-06-05 08:52:57] Act:.INFO: ExportService convertOfficeToPdf START  
[2024-06-05 08:52:57] Act:.INFO: ExportService convertOfficeToPdf exec $return_var = 1  
[2024-06-05 08:52:57] Act:.INFO: ExportService convertOfficeToPdf END  
[2024-06-05 08:52:57] Act:.INFO: line_trial_users_Update START  
[2024-06-05 08:52:57] Act:.INFO: line_trial_users_Update beginTransaction - start  
[2024-06-05 08:52:57] Act:.INFO: line_trial_users_Update beginTransaction - end  
[2024-06-05 08:52:57] Act:.INFO: line_trial_users_Update END  
[2024-06-05 08:52:57] Act:.INFO: ExportService LinemakeXlsPdf END  
[2024-06-05 08:52:57] Act:.INFO: LineExcelMakeController lineexcel END  
[2024-06-05 08:52:57] Act:.INFO: linetrialuser input START  
[2024-06-05 08:52:57] Act:.INFO: linetrialuser input END  
[2024-06-05 08:53:05] Act:.INFO: linetrialuserhistory index START  
[2024-06-05 08:53:05] Act:.INFO: linetrialuserhistory index END  
[2024-06-05 08:53:09] Act:.INFO: linetrialuserhistory show_up01 START  
[2024-06-05 08:53:09] Act:.INFO: update_api linetrialuserhistory START  
[2024-06-05 08:53:09] Act:.INFO: update_api linetrialuserhistory beginTransaction - start  
[2024-06-05 08:53:09] Act:.INFO: linetrialuserhistory show_up01 END  
[2024-06-05 08:53:09] Act:.INFO: update_api linetrialuserhistory beginTransaction - end  
[2024-06-05 08:53:09] Act:.INFO: update_api linetrialuserhistory END  
[2024-06-05 08:53:09] Act:.INFO: linetrialuserhistory show_up01 START  
[2024-06-05 08:53:09] Act:.INFO: linetrialuserhistory show_up01 END  
[2024-06-05 08:53:23] Act:.INFO: linetrialuser input START  
[2024-06-05 08:53:23] Act:.INFO: linetrialuser input END  
[2024-06-05 08:53:28] Act:.INFO: LineExcelMakeController lineexcel START  
[2024-06-05 08:53:28] Act:.INFO: auth_user_organization START  
[2024-06-05 08:53:28] Act:.INFO: auth_user_organization END  
[2024-06-05 08:53:28] Act:.DEBUG: LineExcelMakeController lineexcel $id = 5  
[2024-06-05 08:53:28] Act:.DEBUG: LineExcelMakeController lineexcel $user_name = 野々山 大志  
[2024-06-05 08:53:28] Act:.INFO: ExportService LinemakeXlsPdf START  
[2024-06-05 08:53:28] Act:.INFO: ExportService  line_trial_users_history_Update START  
[2024-06-05 08:53:28] Act:.INFO: beginTransaction - ExportService  line_trial_users_history_Update saveFile start  
[2024-06-05 08:53:28] Act:.INFO: beginTransaction - ExportService  line_trial_users_history_Update saveFile end(commit)  
[2024-06-05 08:53:28] Act:.INFO: ExportService  line_trial_users_history_Update END  
[2024-06-05 08:53:28] Act:.INFO: ExportService convertOfficeToPdf START  
[2024-06-05 08:53:29] Act:.INFO: ExportService convertOfficeToPdf exec $return_var = 0  
[2024-06-05 08:53:29] Act:.INFO: ExportService convertOfficeToPdf END  
[2024-06-05 08:53:29] Act:.INFO: ExportService  line_trial_users_history_Update START  
[2024-06-05 08:53:29] Act:.INFO: beginTransaction - ExportService  line_trial_users_history_Update saveFile start  
[2024-06-05 08:53:29] Act:.INFO: beginTransaction - ExportService  line_trial_users_history_Update saveFile end(commit)  
[2024-06-05 08:53:29] Act:.INFO: ExportService  line_trial_users_history_Update END  
[2024-06-05 08:53:29] Act:.INFO: line_trial_users_Update START  
[2024-06-05 08:53:29] Act:.INFO: line_trial_users_Update beginTransaction - start  
[2024-06-05 08:53:29] Act:.INFO: line_trial_users_Update beginTransaction - end  
[2024-06-05 08:53:29] Act:.INFO: line_trial_users_Update END  
[2024-06-05 08:53:29] Act:.INFO: ExportService LinemakeXlsPdf END  
[2024-06-05 08:53:29] Act:.INFO: LineExcelMakeController lineexcel END  
[2024-06-05 08:53:29] Act:.INFO: linetrialuser input START  
[2024-06-05 08:53:29] Act:.INFO: linetrialuser input END  
[2024-06-05 08:53:34] Act:.INFO: LineExcelMakeController lineexcel START  
[2024-06-05 08:53:34] Act:.INFO: auth_user_organization START  
[2024-06-05 08:53:34] Act:.INFO: auth_user_organization END  
[2024-06-05 08:53:34] Act:.DEBUG: LineExcelMakeController lineexcel $id = 6  
[2024-06-05 08:53:34] Act:.DEBUG: LineExcelMakeController lineexcel $user_name = 木澤 大翔  
[2024-06-05 08:53:34] Act:.INFO: ExportService LinemakeXlsPdf START  
[2024-06-05 08:53:34] Act:.INFO: ExportService  line_trial_users_history_Update START  
[2024-06-05 08:53:34] Act:.INFO: beginTransaction - ExportService  line_trial_users_history_Update saveFile start  
[2024-06-05 08:53:34] Act:.INFO: beginTransaction - ExportService  line_trial_users_history_Update saveFile end(commit)  
[2024-06-05 08:53:34] Act:.INFO: ExportService  line_trial_users_history_Update END  
[2024-06-05 08:53:34] Act:.INFO: ExportService convertOfficeToPdf START  
[2024-06-05 08:53:35] Act:.INFO: ExportService convertOfficeToPdf exec $return_var = 0  
[2024-06-05 08:53:35] Act:.INFO: ExportService convertOfficeToPdf END  
[2024-06-05 08:53:35] Act:.INFO: ExportService  line_trial_users_history_Update START  
[2024-06-05 08:53:35] Act:.INFO: beginTransaction - ExportService  line_trial_users_history_Update saveFile start  
[2024-06-05 08:53:35] Act:.INFO: beginTransaction - ExportService  line_trial_users_history_Update saveFile end(commit)  
[2024-06-05 08:53:35] Act:.INFO: ExportService  line_trial_users_history_Update END  
[2024-06-05 08:53:35] Act:.INFO: line_trial_users_Update START  
[2024-06-05 08:53:35] Act:.INFO: line_trial_users_Update beginTransaction - start  
[2024-06-05 08:53:35] Act:.INFO: line_trial_users_Update beginTransaction - end  
[2024-06-05 08:53:35] Act:.INFO: line_trial_users_Update END  
[2024-06-05 08:53:35] Act:.INFO: ExportService LinemakeXlsPdf END  
[2024-06-05 08:53:35] Act:.INFO: LineExcelMakeController lineexcel END  
[2024-06-05 08:53:35] Act:.INFO: linetrialuser input START  
[2024-06-05 08:53:35] Act:.INFO: linetrialuser input END  
[2024-06-05 08:53:41] Act:.INFO: LineExcelMakeController lineexcel START  
[2024-06-05 08:53:41] Act:.INFO: auth_user_organization START  
[2024-06-05 08:53:41] Act:.INFO: auth_user_organization END  
[2024-06-05 08:53:41] Act:.DEBUG: LineExcelMakeController lineexcel $id = 7  
[2024-06-05 08:53:41] Act:.DEBUG: LineExcelMakeController lineexcel $user_name = 髙木 結月  
[2024-06-05 08:53:41] Act:.INFO: ExportService LinemakeXlsPdf START  
[2024-06-05 08:53:41] Act:.INFO: ExportService  line_trial_users_history_Update START  
[2024-06-05 08:53:41] Act:.INFO: beginTransaction - ExportService  line_trial_users_history_Update saveFile start  
[2024-06-05 08:53:41] Act:.INFO: beginTransaction - ExportService  line_trial_users_history_Update saveFile end(commit)  
[2024-06-05 08:53:41] Act:.INFO: ExportService  line_trial_users_history_Update END  
[2024-06-05 08:53:41] Act:.INFO: ExportService convertOfficeToPdf START  
[2024-06-05 08:53:41] Act:.INFO: ExportService convertOfficeToPdf exec $return_var = 0  
[2024-06-05 08:53:41] Act:.INFO: ExportService convertOfficeToPdf END  
[2024-06-05 08:53:41] Act:.INFO: ExportService  line_trial_users_history_Update START  
[2024-06-05 08:53:41] Act:.INFO: beginTransaction - ExportService  line_trial_users_history_Update saveFile start  
[2024-06-05 08:53:41] Act:.INFO: beginTransaction - ExportService  line_trial_users_history_Update saveFile end(commit)  
[2024-06-05 08:53:41] Act:.INFO: ExportService  line_trial_users_history_Update END  
[2024-06-05 08:53:41] Act:.INFO: line_trial_users_Update START  
[2024-06-05 08:53:41] Act:.INFO: line_trial_users_Update beginTransaction - start  
[2024-06-05 08:53:41] Act:.INFO: line_trial_users_Update beginTransaction - end  
[2024-06-05 08:53:41] Act:.INFO: line_trial_users_Update END  
[2024-06-05 08:53:41] Act:.INFO: ExportService LinemakeXlsPdf END  
[2024-06-05 08:53:41] Act:.INFO: LineExcelMakeController lineexcel END  
[2024-06-05 08:53:42] Act:.INFO: linetrialuser input START  
[2024-06-05 08:53:42] Act:.INFO: linetrialuser input END  
[2024-06-05 08:53:48] Act:.INFO: LineExcelMakeController lineexcel START  
[2024-06-05 08:53:48] Act:.INFO: auth_user_organization START  
[2024-06-05 08:53:48] Act:.INFO: auth_user_organization END  
[2024-06-05 08:53:48] Act:.DEBUG: LineExcelMakeController lineexcel $id = 8  
[2024-06-05 08:53:48] Act:.DEBUG: LineExcelMakeController lineexcel $user_name = 四戸 健人  
[2024-06-05 08:53:48] Act:.INFO: ExportService LinemakeXlsPdf START  
[2024-06-05 08:53:48] Act:.INFO: ExportService  line_trial_users_history_Update START  
[2024-06-05 08:53:48] Act:.INFO: beginTransaction - ExportService  line_trial_users_history_Update saveFile start  
[2024-06-05 08:53:48] Act:.INFO: beginTransaction - ExportService  line_trial_users_history_Update saveFile end(commit)  
[2024-06-05 08:53:48] Act:.INFO: ExportService  line_trial_users_history_Update END  
[2024-06-05 08:53:48] Act:.INFO: ExportService convertOfficeToPdf START  
[2024-06-05 08:53:49] Act:.INFO: ExportService convertOfficeToPdf exec $return_var = 0  
[2024-06-05 08:53:49] Act:.INFO: ExportService convertOfficeToPdf END  
[2024-06-05 08:53:49] Act:.INFO: ExportService  line_trial_users_history_Update START  
[2024-06-05 08:53:49] Act:.INFO: beginTransaction - ExportService  line_trial_users_history_Update saveFile start  
[2024-06-05 08:53:49] Act:.INFO: beginTransaction - ExportService  line_trial_users_history_Update saveFile end(commit)  
[2024-06-05 08:53:49] Act:.INFO: ExportService  line_trial_users_history_Update END  
[2024-06-05 08:53:49] Act:.INFO: line_trial_users_Update START  
[2024-06-05 08:53:49] Act:.INFO: line_trial_users_Update beginTransaction - start  
[2024-06-05 08:53:49] Act:.INFO: line_trial_users_Update beginTransaction - end  
[2024-06-05 08:53:49] Act:.INFO: line_trial_users_Update END  
[2024-06-05 08:53:49] Act:.INFO: ExportService LinemakeXlsPdf END  
[2024-06-05 08:53:49] Act:.INFO: LineExcelMakeController lineexcel END  
[2024-06-05 08:53:49] Act:.INFO: linetrialuser input START  
[2024-06-05 08:53:49] Act:.INFO: linetrialuser input END  
[2024-06-05 08:53:59] Act:.INFO: LineExcelMakeController lineexcel START  
[2024-06-05 08:53:59] Act:.INFO: auth_user_organization START  
[2024-06-05 08:53:59] Act:.INFO: auth_user_organization END  
[2024-06-05 08:53:59] Act:.DEBUG: LineExcelMakeController lineexcel $id = 9  
[2024-06-05 08:53:59] Act:.DEBUG: LineExcelMakeController lineexcel $user_name = 飯塚 蒼天  
[2024-06-05 08:53:59] Act:.INFO: ExportService LinemakeXlsPdf START  
[2024-06-05 08:53:59] Act:.INFO: ExportService  line_trial_users_history_Update START  
[2024-06-05 08:53:59] Act:.INFO: beginTransaction - ExportService  line_trial_users_history_Update saveFile start  
[2024-06-05 08:53:59] Act:.INFO: beginTransaction - ExportService  line_trial_users_history_Update saveFile end(commit)  
[2024-06-05 08:53:59] Act:.INFO: ExportService  line_trial_users_history_Update END  
[2024-06-05 08:53:59] Act:.INFO: ExportService convertOfficeToPdf START  
[2024-06-05 08:53:59] Act:.INFO: ExportService convertOfficeToPdf exec $return_var = 0  
[2024-06-05 08:53:59] Act:.INFO: ExportService convertOfficeToPdf END  
[2024-06-05 08:53:59] Act:.INFO: ExportService  line_trial_users_history_Update START  
[2024-06-05 08:53:59] Act:.INFO: beginTransaction - ExportService  line_trial_users_history_Update saveFile start  
[2024-06-05 08:53:59] Act:.INFO: beginTransaction - ExportService  line_trial_users_history_Update saveFile end(commit)  
[2024-06-05 08:53:59] Act:.INFO: ExportService  line_trial_users_history_Update END  
[2024-06-05 08:53:59] Act:.INFO: line_trial_users_Update START  
[2024-06-05 08:53:59] Act:.INFO: line_trial_users_Update beginTransaction - start  
[2024-06-05 08:53:59] Act:.INFO: line_trial_users_Update beginTransaction - end  
[2024-06-05 08:53:59] Act:.INFO: line_trial_users_Update END  
[2024-06-05 08:53:59] Act:.INFO: ExportService LinemakeXlsPdf END  
[2024-06-05 08:53:59] Act:.INFO: LineExcelMakeController lineexcel END  
[2024-06-05 08:53:59] Act:.INFO: linetrialuser input START  
[2024-06-05 08:53:59] Act:.INFO: linetrialuser input END  
[2024-06-05 08:54:04] Act:.INFO: LineExcelMakeController lineexcel START  
[2024-06-05 08:54:04] Act:.INFO: auth_user_organization START  
[2024-06-05 08:54:04] Act:.INFO: auth_user_organization END  
[2024-06-05 08:54:04] Act:.DEBUG: LineExcelMakeController lineexcel $id = 10  
[2024-06-05 08:54:04] Act:.DEBUG: LineExcelMakeController lineexcel $user_name = 石﨑 琉惟  
[2024-06-05 08:54:04] Act:.INFO: ExportService LinemakeXlsPdf START  
[2024-06-05 08:54:04] Act:.INFO: ExportService  line_trial_users_history_Update START  
[2024-06-05 08:54:04] Act:.INFO: beginTransaction - ExportService  line_trial_users_history_Update saveFile start  
[2024-06-05 08:54:04] Act:.INFO: beginTransaction - ExportService  line_trial_users_history_Update saveFile end(commit)  
[2024-06-05 08:54:04] Act:.INFO: ExportService  line_trial_users_history_Update END  
[2024-06-05 08:54:04] Act:.INFO: ExportService convertOfficeToPdf START  
[2024-06-05 08:54:05] Act:.INFO: ExportService convertOfficeToPdf exec $return_var = 0  
[2024-06-05 08:54:05] Act:.INFO: ExportService convertOfficeToPdf END  
[2024-06-05 08:54:05] Act:.INFO: ExportService  line_trial_users_history_Update START  
[2024-06-05 08:54:05] Act:.INFO: beginTransaction - ExportService  line_trial_users_history_Update saveFile start  
[2024-06-05 08:54:05] Act:.INFO: beginTransaction - ExportService  line_trial_users_history_Update saveFile end(commit)  
[2024-06-05 08:54:05] Act:.INFO: ExportService  line_trial_users_history_Update END  
[2024-06-05 08:54:05] Act:.INFO: line_trial_users_Update START  
[2024-06-05 08:54:05] Act:.INFO: line_trial_users_Update beginTransaction - start  
[2024-06-05 08:54:05] Act:.INFO: line_trial_users_Update beginTransaction - end  
[2024-06-05 08:54:05] Act:.INFO: line_trial_users_Update END  
[2024-06-05 08:54:05] Act:.INFO: ExportService LinemakeXlsPdf END  
[2024-06-05 08:54:05] Act:.INFO: LineExcelMakeController lineexcel END  
[2024-06-05 08:54:05] Act:.INFO: linetrialuser input START  
[2024-06-05 08:54:05] Act:.INFO: linetrialuser input END  
[2024-06-05 08:54:11] Act:.INFO: LineExcelMakeController lineexcel START  
[2024-06-05 08:54:11] Act:.INFO: auth_user_organization START  
[2024-06-05 08:54:11] Act:.INFO: auth_user_organization END  
[2024-06-05 08:54:11] Act:.DEBUG: LineExcelMakeController lineexcel $id = 11  
[2024-06-05 08:54:11] Act:.DEBUG: LineExcelMakeController lineexcel $user_name = 大野 煌士郎  
[2024-06-05 08:54:11] Act:.INFO: ExportService LinemakeXlsPdf START  
[2024-06-05 08:54:11] Act:.INFO: ExportService  line_trial_users_history_Update START  
[2024-06-05 08:54:11] Act:.INFO: beginTransaction - ExportService  line_trial_users_history_Update saveFile start  
[2024-06-05 08:54:11] Act:.INFO: beginTransaction - ExportService  line_trial_users_history_Update saveFile end(commit)  
[2024-06-05 08:54:11] Act:.INFO: ExportService  line_trial_users_history_Update END  
[2024-06-05 08:54:11] Act:.INFO: ExportService convertOfficeToPdf START  
[2024-06-05 08:54:12] Act:.INFO: ExportService convertOfficeToPdf exec $return_var = 0  
[2024-06-05 08:54:12] Act:.INFO: ExportService convertOfficeToPdf END  
[2024-06-05 08:54:12] Act:.INFO: ExportService  line_trial_users_history_Update START  
[2024-06-05 08:54:12] Act:.INFO: beginTransaction - ExportService  line_trial_users_history_Update saveFile start  
[2024-06-05 08:54:12] Act:.INFO: beginTransaction - ExportService  line_trial_users_history_Update saveFile end(commit)  
[2024-06-05 08:54:12] Act:.INFO: ExportService  line_trial_users_history_Update END  
[2024-06-05 08:54:12] Act:.INFO: line_trial_users_Update START  
[2024-06-05 08:54:12] Act:.INFO: line_trial_users_Update beginTransaction - start  
[2024-06-05 08:54:12] Act:.INFO: line_trial_users_Update beginTransaction - end  
[2024-06-05 08:54:12] Act:.INFO: line_trial_users_Update END  
[2024-06-05 08:54:12] Act:.INFO: ExportService LinemakeXlsPdf END  
[2024-06-05 08:54:12] Act:.INFO: LineExcelMakeController lineexcel END  
[2024-06-05 08:54:12] Act:.INFO: linetrialuser input START  
[2024-06-05 08:54:12] Act:.INFO: linetrialuser input END  
[2024-06-05 08:54:18] Act:.INFO: LineExcelMakeController lineexcel START  
[2024-06-05 08:54:18] Act:.INFO: auth_user_organization START  
[2024-06-05 08:54:18] Act:.INFO: auth_user_organization END  
[2024-06-05 08:54:18] Act:.DEBUG: LineExcelMakeController lineexcel $id = 12  
[2024-06-05 08:54:18] Act:.DEBUG: LineExcelMakeController lineexcel $user_name = 有岡 倫太郎  
[2024-06-05 08:54:18] Act:.INFO: ExportService LinemakeXlsPdf START  
[2024-06-05 08:54:18] Act:.INFO: ExportService  line_trial_users_history_Update START  
[2024-06-05 08:54:18] Act:.INFO: beginTransaction - ExportService  line_trial_users_history_Update saveFile start  
[2024-06-05 08:54:18] Act:.INFO: beginTransaction - ExportService  line_trial_users_history_Update saveFile end(commit)  
[2024-06-05 08:54:18] Act:.INFO: ExportService  line_trial_users_history_Update END  
[2024-06-05 08:54:18] Act:.INFO: ExportService convertOfficeToPdf START  
[2024-06-05 08:54:19] Act:.INFO: ExportService convertOfficeToPdf exec $return_var = 0  
[2024-06-05 08:54:19] Act:.INFO: ExportService convertOfficeToPdf END  
[2024-06-05 08:54:19] Act:.INFO: ExportService  line_trial_users_history_Update START  
[2024-06-05 08:54:19] Act:.INFO: beginTransaction - ExportService  line_trial_users_history_Update saveFile start  
[2024-06-05 08:54:19] Act:.INFO: beginTransaction - ExportService  line_trial_users_history_Update saveFile end(commit)  
[2024-06-05 08:54:19] Act:.INFO: ExportService  line_trial_users_history_Update END  
[2024-06-05 08:54:19] Act:.INFO: line_trial_users_Update START  
[2024-06-05 08:54:19] Act:.INFO: line_trial_users_Update beginTransaction - start  
[2024-06-05 08:54:19] Act:.INFO: line_trial_users_Update beginTransaction - end  
[2024-06-05 08:54:19] Act:.INFO: line_trial_users_Update END  
[2024-06-05 08:54:19] Act:.INFO: ExportService LinemakeXlsPdf END  
[2024-06-05 08:54:19] Act:.INFO: LineExcelMakeController lineexcel END  
[2024-06-05 08:54:19] Act:.INFO: linetrialuser input START  
[2024-06-05 08:54:19] Act:.INFO: linetrialuser input END  
[2024-06-05 08:54:24] Act:.INFO: LineExcelMakeController lineexcel START  
[2024-06-05 08:54:24] Act:.INFO: auth_user_organization START  
[2024-06-05 08:54:24] Act:.INFO: auth_user_organization END  
[2024-06-05 08:54:24] Act:.DEBUG: LineExcelMakeController lineexcel $id = 13  
[2024-06-05 08:54:24] Act:.DEBUG: LineExcelMakeController lineexcel $user_name = 有岡 蓮之介  
[2024-06-05 08:54:24] Act:.INFO: ExportService LinemakeXlsPdf START  
[2024-06-05 08:54:24] Act:.INFO: ExportService  line_trial_users_history_Update START  
[2024-06-05 08:54:24] Act:.INFO: beginTransaction - ExportService  line_trial_users_history_Update saveFile start  
[2024-06-05 08:54:24] Act:.INFO: beginTransaction - ExportService  line_trial_users_history_Update saveFile end(commit)  
[2024-06-05 08:54:24] Act:.INFO: ExportService  line_trial_users_history_Update END  
[2024-06-05 08:54:24] Act:.INFO: ExportService convertOfficeToPdf START  
[2024-06-05 08:54:25] Act:.INFO: ExportService convertOfficeToPdf exec $return_var = 0  
[2024-06-05 08:54:25] Act:.INFO: ExportService convertOfficeToPdf END  
[2024-06-05 08:54:25] Act:.INFO: ExportService  line_trial_users_history_Update START  
[2024-06-05 08:54:25] Act:.INFO: beginTransaction - ExportService  line_trial_users_history_Update saveFile start  
[2024-06-05 08:54:25] Act:.INFO: beginTransaction - ExportService  line_trial_users_history_Update saveFile end(commit)  
[2024-06-05 08:54:25] Act:.INFO: ExportService  line_trial_users_history_Update END  
[2024-06-05 08:54:25] Act:.INFO: line_trial_users_Update START  
[2024-06-05 08:54:25] Act:.INFO: line_trial_users_Update beginTransaction - start  
[2024-06-05 08:54:25] Act:.INFO: line_trial_users_Update beginTransaction - end  
[2024-06-05 08:54:25] Act:.INFO: line_trial_users_Update END  
[2024-06-05 08:54:25] Act:.INFO: ExportService LinemakeXlsPdf END  
[2024-06-05 08:54:25] Act:.INFO: LineExcelMakeController lineexcel END  
[2024-06-05 08:54:25] Act:.INFO: linetrialuser input START  
[2024-06-05 08:54:25] Act:.INFO: linetrialuser input END  
[2024-06-05 08:54:32] Act:.INFO: LineExcelMakeController lineexcel START  
[2024-06-05 08:54:32] Act:.INFO: auth_user_organization START  
[2024-06-05 08:54:32] Act:.INFO: auth_user_organization END  
[2024-06-05 08:54:32] Act:.DEBUG: LineExcelMakeController lineexcel $id = 14  
[2024-06-05 08:54:32] Act:.DEBUG: LineExcelMakeController lineexcel $user_name = 西﨑 佑哉  
[2024-06-05 08:54:32] Act:.INFO: ExportService LinemakeXlsPdf START  
[2024-06-05 08:54:32] Act:.INFO: ExportService  line_trial_users_history_Update START  
[2024-06-05 08:54:32] Act:.INFO: beginTransaction - ExportService  line_trial_users_history_Update saveFile start  
[2024-06-05 08:54:32] Act:.INFO: beginTransaction - ExportService  line_trial_users_history_Update saveFile end(commit)  
[2024-06-05 08:54:32] Act:.INFO: ExportService  line_trial_users_history_Update END  
[2024-06-05 08:54:32] Act:.INFO: ExportService convertOfficeToPdf START  
[2024-06-05 08:54:33] Act:.INFO: ExportService convertOfficeToPdf exec $return_var = 0  
[2024-06-05 08:54:33] Act:.INFO: ExportService convertOfficeToPdf END  
[2024-06-05 08:54:33] Act:.INFO: ExportService  line_trial_users_history_Update START  
[2024-06-05 08:54:33] Act:.INFO: beginTransaction - ExportService  line_trial_users_history_Update saveFile start  
[2024-06-05 08:54:33] Act:.INFO: beginTransaction - ExportService  line_trial_users_history_Update saveFile end(commit)  
[2024-06-05 08:54:33] Act:.INFO: ExportService  line_trial_users_history_Update END  
[2024-06-05 08:54:33] Act:.INFO: line_trial_users_Update START  
[2024-06-05 08:54:33] Act:.INFO: line_trial_users_Update beginTransaction - start  
[2024-06-05 08:54:33] Act:.INFO: line_trial_users_Update beginTransaction - end  
[2024-06-05 08:54:33] Act:.INFO: line_trial_users_Update END  
[2024-06-05 08:54:33] Act:.INFO: ExportService LinemakeXlsPdf END  
[2024-06-05 08:54:33] Act:.INFO: LineExcelMakeController lineexcel END  
[2024-06-05 08:54:33] Act:.INFO: linetrialuser input START  
[2024-06-05 08:54:33] Act:.INFO: linetrialuser input END  
[2024-06-05 08:54:38] Act:.INFO: LineExcelMakeController lineexcel START  
[2024-06-05 08:54:38] Act:.INFO: auth_user_organization START  
[2024-06-05 08:54:38] Act:.INFO: auth_user_organization END  
[2024-06-05 08:54:38] Act:.DEBUG: LineExcelMakeController lineexcel $id = 18  
[2024-06-05 08:54:38] Act:.DEBUG: LineExcelMakeController lineexcel $user_name = 髙橋 湊斗  
[2024-06-05 08:54:38] Act:.INFO: ExportService LinemakeXlsPdf START  
[2024-06-05 08:54:39] Act:.INFO: ExportService  line_trial_users_history_Update START  
[2024-06-05 08:54:39] Act:.INFO: beginTransaction - ExportService  line_trial_users_history_Update saveFile start  
[2024-06-05 08:54:39] Act:.INFO: beginTransaction - ExportService  line_trial_users_history_Update saveFile end(commit)  
[2024-06-05 08:54:39] Act:.INFO: ExportService  line_trial_users_history_Update END  
[2024-06-05 08:54:39] Act:.INFO: ExportService convertOfficeToPdf START  
[2024-06-05 08:54:39] Act:.INFO: ExportService convertOfficeToPdf exec $return_var = 0  
[2024-06-05 08:54:39] Act:.INFO: ExportService convertOfficeToPdf END  
[2024-06-05 08:54:39] Act:.INFO: ExportService  line_trial_users_history_Update START  
[2024-06-05 08:54:39] Act:.INFO: beginTransaction - ExportService  line_trial_users_history_Update saveFile start  
[2024-06-05 08:54:39] Act:.INFO: beginTransaction - ExportService  line_trial_users_history_Update saveFile end(commit)  
[2024-06-05 08:54:39] Act:.INFO: ExportService  line_trial_users_history_Update END  
[2024-06-05 08:54:39] Act:.INFO: line_trial_users_Update START  
[2024-06-05 08:54:39] Act:.INFO: line_trial_users_Update beginTransaction - start  
[2024-06-05 08:54:39] Act:.INFO: line_trial_users_Update beginTransaction - end  
[2024-06-05 08:54:39] Act:.INFO: line_trial_users_Update END  
[2024-06-05 08:54:39] Act:.INFO: ExportService LinemakeXlsPdf END  
[2024-06-05 08:54:39] Act:.INFO: LineExcelMakeController lineexcel END  
[2024-06-05 08:54:39] Act:.INFO: linetrialuser input START  
[2024-06-05 08:54:39] Act:.INFO: linetrialuser input END  
[2024-06-05 08:54:43] Act:.INFO: LineExcelMakeController lineexcel START  
[2024-06-05 08:54:43] Act:.INFO: auth_user_organization START  
[2024-06-05 08:54:43] Act:.INFO: auth_user_organization END  
[2024-06-05 08:54:43] Act:.DEBUG: LineExcelMakeController lineexcel $id = 19  
[2024-06-05 08:54:43] Act:.DEBUG: LineExcelMakeController lineexcel $user_name = 水口 響生  
[2024-06-05 08:54:43] Act:.INFO: ExportService LinemakeXlsPdf START  
[2024-06-05 08:54:43] Act:.INFO: ExportService  line_trial_users_history_Update START  
[2024-06-05 08:54:43] Act:.INFO: beginTransaction - ExportService  line_trial_users_history_Update saveFile start  
[2024-06-05 08:54:43] Act:.INFO: beginTransaction - ExportService  line_trial_users_history_Update saveFile end(commit)  
[2024-06-05 08:54:43] Act:.INFO: ExportService  line_trial_users_history_Update END  
[2024-06-05 08:54:43] Act:.INFO: ExportService convertOfficeToPdf START  
[2024-06-05 08:54:44] Act:.INFO: ExportService convertOfficeToPdf exec $return_var = 0  
[2024-06-05 08:54:44] Act:.INFO: ExportService convertOfficeToPdf END  
[2024-06-05 08:54:44] Act:.INFO: ExportService  line_trial_users_history_Update START  
[2024-06-05 08:54:44] Act:.INFO: beginTransaction - ExportService  line_trial_users_history_Update saveFile start  
[2024-06-05 08:54:44] Act:.INFO: beginTransaction - ExportService  line_trial_users_history_Update saveFile end(commit)  
[2024-06-05 08:54:44] Act:.INFO: ExportService  line_trial_users_history_Update END  
[2024-06-05 08:54:44] Act:.INFO: line_trial_users_Update START  
[2024-06-05 08:54:44] Act:.INFO: line_trial_users_Update beginTransaction - start  
[2024-06-05 08:54:44] Act:.INFO: line_trial_users_Update beginTransaction - end  
[2024-06-05 08:54:44] Act:.INFO: line_trial_users_Update END  
[2024-06-05 08:54:44] Act:.INFO: ExportService LinemakeXlsPdf END  
[2024-06-05 08:54:44] Act:.INFO: LineExcelMakeController lineexcel END  
[2024-06-05 08:54:44] Act:.INFO: linetrialuser input START  
[2024-06-05 08:54:44] Act:.INFO: linetrialuser input END  
[2024-06-05 08:54:47] Act:.INFO: LineExcelMakeController lineexcel START  
[2024-06-05 08:54:47] Act:.INFO: auth_user_organization START  
[2024-06-05 08:54:47] Act:.INFO: auth_user_organization END  
[2024-06-05 08:54:47] Act:.DEBUG: LineExcelMakeController lineexcel $id = 20  
[2024-06-05 08:54:47] Act:.DEBUG: LineExcelMakeController lineexcel $user_name = 水口 倫吾  
[2024-06-05 08:54:47] Act:.INFO: ExportService LinemakeXlsPdf START  
[2024-06-05 08:54:47] Act:.INFO: ExportService  line_trial_users_history_Update START  
[2024-06-05 08:54:47] Act:.INFO: beginTransaction - ExportService  line_trial_users_history_Update saveFile start  
[2024-06-05 08:54:47] Act:.INFO: beginTransaction - ExportService  line_trial_users_history_Update saveFile end(commit)  
[2024-06-05 08:54:47] Act:.INFO: ExportService  line_trial_users_history_Update END  
[2024-06-05 08:54:47] Act:.INFO: ExportService convertOfficeToPdf START  
[2024-06-05 08:54:48] Act:.INFO: ExportService convertOfficeToPdf exec $return_var = 0  
[2024-06-05 08:54:48] Act:.INFO: ExportService convertOfficeToPdf END  
[2024-06-05 08:54:48] Act:.INFO: ExportService  line_trial_users_history_Update START  
[2024-06-05 08:54:48] Act:.INFO: beginTransaction - ExportService  line_trial_users_history_Update saveFile start  
[2024-06-05 08:54:48] Act:.INFO: beginTransaction - ExportService  line_trial_users_history_Update saveFile end(commit)  
[2024-06-05 08:54:48] Act:.INFO: ExportService  line_trial_users_history_Update END  
[2024-06-05 08:54:48] Act:.INFO: line_trial_users_Update START  
[2024-06-05 08:54:48] Act:.INFO: line_trial_users_Update beginTransaction - start  
[2024-06-05 08:54:48] Act:.INFO: line_trial_users_Update beginTransaction - end  
[2024-06-05 08:54:48] Act:.INFO: line_trial_users_Update END  
[2024-06-05 08:54:48] Act:.INFO: ExportService LinemakeXlsPdf END  
[2024-06-05 08:54:48] Act:.INFO: LineExcelMakeController lineexcel END  
[2024-06-05 08:54:48] Act:.INFO: linetrialuser input START  
[2024-06-05 08:54:48] Act:.INFO: linetrialuser input END  
[2024-06-05 08:54:59] Act:.INFO: linetrialuser create START  
[2024-06-05 08:54:59] Act:.INFO: linetrialuser create END  
[2024-06-05 08:55:14] Act:.INFO: linetrialuser store START  
[2024-06-05 08:55:14] Act:.INFO: beginTransaction - linetrialuser store start  
[2024-06-05 08:55:14] Act:.INFO: beginTransaction - linetrialuser store end(commit)  
[2024-06-05 08:55:14] Act:.INFO: linetrialuser store END  
[2024-06-05 08:55:14] Act:.INFO: linetrialuser input START  
[2024-06-05 08:55:14] Act:.INFO: linetrialuser input END  
[2024-06-05 08:55:19] Act:.INFO: LineExcelMakeController lineexcel START  
[2024-06-05 08:55:19] Act:.INFO: auth_user_organization START  
[2024-06-05 08:55:19] Act:.INFO: auth_user_organization END  
[2024-06-05 08:55:19] Act:.DEBUG: LineExcelMakeController lineexcel $id = 21  
[2024-06-05 08:55:19] Act:.DEBUG: LineExcelMakeController lineexcel $user_name = 山本 祐生  
[2024-06-05 08:55:19] Act:.INFO: ExportService LinemakeXlsPdf START  
[2024-06-05 08:55:19] Act:.INFO: ExportService  line_trial_users_history_Update START  
[2024-06-05 08:55:19] Act:.INFO: beginTransaction - ExportService  line_trial_users_history_Update saveFile start  
[2024-06-05 08:55:19] Act:.INFO: beginTransaction - ExportService  line_trial_users_history_Update saveFile end(commit)  
[2024-06-05 08:55:19] Act:.INFO: ExportService  line_trial_users_history_Update END  
[2024-06-05 08:55:19] Act:.INFO: ExportService convertOfficeToPdf START  
[2024-06-05 08:55:20] Act:.INFO: ExportService convertOfficeToPdf exec $return_var = 0  
[2024-06-05 08:55:20] Act:.INFO: ExportService convertOfficeToPdf END  
[2024-06-05 08:55:20] Act:.INFO: ExportService  line_trial_users_history_Update START  
[2024-06-05 08:55:20] Act:.INFO: beginTransaction - ExportService  line_trial_users_history_Update saveFile start  
[2024-06-05 08:55:20] Act:.INFO: beginTransaction - ExportService  line_trial_users_history_Update saveFile end(commit)  
[2024-06-05 08:55:20] Act:.INFO: ExportService  line_trial_users_history_Update END  
[2024-06-05 08:55:20] Act:.INFO: line_trial_users_Update START  
[2024-06-05 08:55:20] Act:.INFO: line_trial_users_Update beginTransaction - start  
[2024-06-05 08:55:20] Act:.INFO: line_trial_users_Update beginTransaction - end  
[2024-06-05 08:55:20] Act:.INFO: line_trial_users_Update END  
[2024-06-05 08:55:20] Act:.INFO: ExportService LinemakeXlsPdf END  
[2024-06-05 08:55:20] Act:.INFO: LineExcelMakeController lineexcel END  
[2024-06-05 08:55:20] Act:.INFO: linetrialuser input START  
[2024-06-05 08:55:20] Act:.INFO: linetrialuser input END  
[2024-06-05 08:55:24] Act:.INFO: linetrialuserhistory index START  
[2024-06-05 08:55:24] Act:.INFO: linetrialuserhistory index END  
[2024-06-05 09:01:10] Act:.INFO: auth logout redirectTo user = stdClass Object
(
    [id] => 1
    [name] => 新冨泰明
    [email] => shintomi.sh@gmail.com
    [email_verified_at] => 
    [organization_id] => 0
    [user_id] => 1
    [login_flg] => 2
    [admin_flg] => 2
    [created_at] => 2022-10-20T12:00:00.000000Z
    [updated_at] => 2022-10-20T12:00:00.000000Z
    [deleted_at] => 
)
  
[2024-06-05 09:01:10] Act:.INFO: loginout operation update START  
[2024-06-05 09:01:10] Act:.INFO: loginout operation update $id < 10 END  
