[2024-11-08 10:44:50] Act:.INFO: auth_user_info START  
[2024-11-08 10:44:50] Act:.INFO: auth_user_info END  
[2024-11-08 10:44:50] Act:.INFO: auth login redirectTo user = stdClass Object
(
    [id] => 1
    [name] => 新冨泰明
    [email] => shintomi.sh@gmail.com
    [email_verified_at] => 
    [organization_id] => 0
    [user_id] => 1
    [login_flg] => 2
    [admin_flg] => 2
    [created_at] => 2022-10-20T12:00:00.000000Z
    [updated_at] => 2022-10-20T12:00:00.000000Z
    [deleted_at] => 
)
  
[2024-11-08 10:44:50] Act:.INFO: loginout operation update START  
[2024-11-08 10:44:50] Act:.INFO: loginout operation update $id < 10 END  
[2024-11-08 10:44:50] Act:.INFO: auth_user_info START  
[2024-11-08 10:44:50] Act:.INFO: auth_user_info END  
[2024-11-08 10:44:50] Act:.INFO: office top index START $user->name = 新冨泰明  
[2024-11-08 10:44:50] Act:.INFO: auth_user_organization START  
[2024-11-08 10:44:50] Act:.INFO: auth_user_organization END  
[2024-11-08 10:44:50] Act:.INFO: office top index END $user->name = 新冨泰明  
[2024-11-08 10:44:57] Act:.INFO: uploaduser index START  
[2024-11-08 10:44:57] Act:.INFO: auth_user_organization START  
[2024-11-08 10:44:57] Act:.INFO: auth_user_organization END  
[2024-11-08 10:44:57] Act:.INFO: auth_customer_all START  
[2024-11-08 10:44:57] Act:.INFO: auth_customer_all END  
[2024-11-08 10:44:57] Act:.INFO: uploaduser index END  
[2024-11-08 10:45:03] Act:.INFO: user index START  
[2024-11-08 10:45:03] Act:.INFO: auth_user_organization START  
[2024-11-08 10:45:03] Act:.INFO: auth_user_organization END  
[2024-11-08 10:45:03] Act:.INFO: user index END  
[2024-11-08 10:45:16] Act:.INFO: uploaduser index START  
[2024-11-08 10:45:16] Act:.INFO: auth_user_organization START  
[2024-11-08 10:45:16] Act:.INFO: auth_user_organization END  
[2024-11-08 10:45:16] Act:.INFO: auth_customer_all START  
[2024-11-08 10:45:16] Act:.INFO: auth_customer_all END  
[2024-11-08 10:45:16] Act:.INFO: uploaduser index END  
[2024-11-08 10:47:38] Act:.INFO: user index START  
[2024-11-08 10:47:38] Act:.INFO: auth_user_organization START  
[2024-11-08 10:47:38] Act:.INFO: auth_user_organization END  
[2024-11-08 10:47:38] Act:.INFO: user index END  
[2024-11-08 10:48:02] Act:.INFO: auth_user_info START  
[2024-11-08 10:48:02] Act:.INFO: auth_user_info END  
[2024-11-08 10:48:02] Act:.INFO: auth login redirectTo user = stdClass Object
(
    [id] => 19
    [name] => 中村 隆太
    [email] => user19@gmail.com
    [email_verified_at] => 
    [organization_id] => 1
    [user_id] => 19
    [login_flg] => 1
    [admin_flg] => 1
    [created_at] => 2023-09-29T01:00:00.000000Z
    [updated_at] => 2023-09-29T01:00:00.000000Z
    [deleted_at] => 
)
  
[2024-11-08 10:48:02] Act:.INFO: loginout operation update START  
[2024-11-08 10:48:02] Act:.INFO: beginTransaction - loginout operation update start  
[2024-11-08 10:48:02] Act:.INFO: beginTransaction - loginout operation update end(commit)  
[2024-11-08 10:48:02] Act:.INFO: loginout operation update END  
[2024-11-08 10:48:02] Act:.INFO: auth_user_info START  
[2024-11-08 10:48:02] Act:.INFO: auth_user_info END  
[2024-11-08 10:48:02] Act:.INFO: topclient index START $user->name = 中村 隆太  
[2024-11-08 10:48:02] Act:.INFO: auth_customer_findrec START  
[2024-11-08 10:48:02] Act:.INFO: auth_customer_findrec START $u_id = 19  
[2024-11-08 10:48:02] Act:.INFO: auth_customer_findrec END $u_id = 19  
[2024-11-08 10:48:02] Act:.INFO: auth_customer_findrec END  
[2024-11-08 10:48:02] Act:.INFO: get_three_month START  
[2024-11-08 10:48:02] Act:.INFO: get_three_month END  
[2024-11-08 10:48:02] Act:.INFO: topclient index END $user->name = 中村 隆太  
[2024-11-08 10:48:36] Act:.INFO: transhistory index START  
[2024-11-08 10:48:36] Act:.INFO: auth_user_info START  
[2024-11-08 10:48:36] Act:.INFO: auth_user_info END  
[2024-11-08 10:48:36] Act:.INFO: auth_customer_findrec START  
[2024-11-08 10:48:36] Act:.INFO: auth_customer_findrec START $u_id = 19  
[2024-11-08 10:48:36] Act:.INFO: auth_customer_findrec END $u_id = 19  
[2024-11-08 10:48:36] Act:.INFO: auth_customer_findrec END  
[2024-11-08 10:48:36] Act:.INFO: transhistory index END  
[2024-11-08 10:48:44] Act:.INFO: auth_user_info START  
[2024-11-08 10:48:44] Act:.INFO: auth_user_info END  
[2024-11-08 10:48:44] Act:.INFO: topclient index START $user->name = 中村 隆太  
[2024-11-08 10:48:44] Act:.INFO: auth_customer_findrec START  
[2024-11-08 10:48:44] Act:.INFO: auth_customer_findrec START $u_id = 19  
[2024-11-08 10:48:44] Act:.INFO: auth_customer_findrec END $u_id = 19  
[2024-11-08 10:48:44] Act:.INFO: auth_customer_findrec END  
[2024-11-08 10:48:44] Act:.INFO: get_three_month START  
[2024-11-08 10:48:44] Act:.INFO: get_three_month END  
[2024-11-08 10:48:44] Act:.INFO: topclient index END $user->name = 中村 隆太  
[2024-11-08 10:52:59] Act:.INFO: auth_user_info START  
[2024-11-08 10:52:59] Act:.INFO: auth_user_info END  
[2024-11-08 10:52:59] Act:.INFO: auth login redirectTo user = stdClass Object
(
    [id] => 19
    [name] => 中村 隆太
    [email] => user19@gmail.com
    [email_verified_at] => 
    [organization_id] => 1
    [user_id] => 19
    [login_flg] => 1
    [admin_flg] => 1
    [created_at] => 2023-09-29T01:00:00.000000Z
    [updated_at] => 2023-09-29T01:00:00.000000Z
    [deleted_at] => 
)
  
[2024-11-08 10:52:59] Act:.INFO: loginout operation update START  
[2024-11-08 10:52:59] Act:.INFO: beginTransaction - loginout operation update start  
[2024-11-08 10:52:59] Act:.INFO: beginTransaction - loginout operation update end(commit)  
[2024-11-08 10:52:59] Act:.INFO: loginout operation update END  
[2024-11-08 10:52:59] Act:.INFO: auth_user_info START  
[2024-11-08 10:52:59] Act:.INFO: auth_user_info END  
[2024-11-08 10:52:59] Act:.INFO: topclient index START $user->name = 中村 隆太  
[2024-11-08 10:52:59] Act:.INFO: auth_customer_findrec START  
[2024-11-08 10:52:59] Act:.INFO: auth_customer_findrec START $u_id = 19  
[2024-11-08 10:52:59] Act:.INFO: auth_customer_findrec END $u_id = 19  
[2024-11-08 10:52:59] Act:.INFO: auth_customer_findrec END  
[2024-11-08 10:52:59] Act:.INFO: get_three_month START  
[2024-11-08 10:52:59] Act:.INFO: get_three_month END  
[2024-11-08 10:52:59] Act:.INFO: topclient index END $user->name = 中村 隆太  
[2024-11-08 10:53:20] Act:.INFO: topclient show_alert START  
[2024-11-08 10:53:20] Act:.INFO: topclient show_alert END  
[2024-11-08 10:53:49] Act:.INFO: auth_user_info START  
[2024-11-08 10:53:49] Act:.INFO: auth_user_info END  
[2024-11-08 10:53:49] Act:.INFO: topclient index START $user->name = 中村 隆太  
[2024-11-08 10:53:49] Act:.INFO: auth_customer_findrec START  
[2024-11-08 10:53:49] Act:.INFO: auth_customer_findrec START $u_id = 19  
[2024-11-08 10:53:49] Act:.INFO: auth_customer_findrec END $u_id = 19  
[2024-11-08 10:53:49] Act:.INFO: auth_customer_findrec END  
[2024-11-08 10:53:49] Act:.INFO: get_three_month START  
[2024-11-08 10:53:49] Act:.INFO: get_three_month END  
[2024-11-08 10:53:49] Act:.INFO: topclient index END $user->name = 中村 隆太  
[2024-11-08 10:54:00] Act:.INFO: invoicehistory index START  
[2024-11-08 10:54:00] Act:.INFO: auth_user_info START  
[2024-11-08 10:54:00] Act:.INFO: auth_user_info END  
[2024-11-08 10:54:00] Act:.INFO: auth_customer_findrec START  
[2024-11-08 10:54:00] Act:.INFO: auth_customer_findrec START $u_id = 19  
[2024-11-08 10:54:00] Act:.INFO: auth_customer_findrec END $u_id = 19  
[2024-11-08 10:54:00] Act:.INFO: auth_customer_findrec END  
[2024-11-08 10:54:00] Act:.INFO: invoicehistory index END  
[2024-11-08 10:54:20] Act:.INFO: transhistory index START  
[2024-11-08 10:54:20] Act:.INFO: auth_user_info START  
[2024-11-08 10:54:20] Act:.INFO: auth_user_info END  
[2024-11-08 10:54:20] Act:.INFO: auth_customer_findrec START  
[2024-11-08 10:54:20] Act:.INFO: auth_customer_findrec START $u_id = 19  
[2024-11-08 10:54:20] Act:.INFO: auth_customer_findrec END $u_id = 19  
[2024-11-08 10:54:20] Act:.INFO: auth_customer_findrec END  
[2024-11-08 10:54:20] Act:.INFO: transhistory index END  
[2024-11-08 10:55:50] Act:.INFO: auth logout redirectTo user = stdClass Object
(
    [id] => 19
    [name] => 中村 隆太
    [email] => user19@gmail.com
    [email_verified_at] => 
    [organization_id] => 1
    [user_id] => 19
    [login_flg] => 1
    [admin_flg] => 1
    [created_at] => 2023-09-29T01:00:00.000000Z
    [updated_at] => 2023-09-29T01:00:00.000000Z
    [deleted_at] => 
)
  
[2024-11-08 10:55:50] Act:.INFO: loginout operation update START  
[2024-11-08 10:55:50] Act:.INFO: beginTransaction - loginout operation update start  
[2024-11-08 10:55:50] Act:.INFO: beginTransaction - loginout operation update end(commit)  
[2024-11-08 10:55:50] Act:.INFO: loginout operation update END  
[2024-11-08 11:05:49] Act:.INFO: auth_user_info START  
[2024-11-08 11:05:49] Act:.INFO: auth_user_info END  
[2024-11-08 11:05:49] Act:.INFO: topclient index START $user->name = 中村 隆太  
[2024-11-08 11:05:49] Act:.INFO: auth_customer_findrec START  
[2024-11-08 11:05:49] Act:.INFO: auth_customer_findrec START $u_id = 19  
[2024-11-08 11:05:49] Act:.INFO: auth_customer_findrec END $u_id = 19  
[2024-11-08 11:05:49] Act:.INFO: auth_customer_findrec END  
[2024-11-08 11:05:49] Act:.INFO: get_three_month START  
[2024-11-08 11:05:49] Act:.INFO: get_three_month END  
[2024-11-08 11:05:49] Act:.INFO: topclient index END $user->name = 中村 隆太  
[2024-11-08 11:06:21] Act:.INFO: topclient show_alert START  
[2024-11-08 11:06:21] Act:.INFO: topclient show_alert END  
[2024-11-08 11:06:29] Act:.INFO: auth logout redirectTo user = stdClass Object
(
    [id] => 19
    [name] => 中村 隆太
    [email] => user19@gmail.com
    [email_verified_at] => 
    [organization_id] => 1
    [user_id] => 19
    [login_flg] => 1
    [admin_flg] => 1
    [created_at] => 2023-09-29T01:00:00.000000Z
    [updated_at] => 2023-09-29T01:00:00.000000Z
    [deleted_at] => 
)
  
[2024-11-08 11:06:29] Act:.INFO: loginout operation update START  
[2024-11-08 11:06:29] Act:.INFO: beginTransaction - loginout operation update start  
[2024-11-08 11:06:29] Act:.INFO: beginTransaction - loginout operation update end(commit)  
[2024-11-08 11:06:29] Act:.INFO: loginout operation update END  
[2024-11-08 11:06:43] Act:.INFO: auth logout redirectTo user = stdClass Object
(
    [id] => 1
    [name] => 新冨泰明
    [email] => shintomi.sh@gmail.com
    [email_verified_at] => 
    [organization_id] => 0
    [user_id] => 1
    [login_flg] => 2
    [admin_flg] => 2
    [created_at] => 2022-10-20T12:00:00.000000Z
    [updated_at] => 2022-10-20T12:00:00.000000Z
    [deleted_at] => 
)
  
[2024-11-08 11:06:43] Act:.INFO: loginout operation update START  
[2024-11-08 11:06:43] Act:.INFO: loginout operation update $id < 10 END  
