[2024-06-20 15:17:17] Act:.INFO: auth_user_info START  
[2024-06-20 15:17:17] Act:.INFO: auth_user_info END  
[2024-06-20 15:17:17] Act:.INFO: auth login redirectTo user = stdClass Object
(
    [id] => 15
    [name] => 佐藤 雄一
    [email] => user15@gmail.com
    [email_verified_at] => 
    [organization_id] => 1
    [user_id] => 6
    [login_flg] => 1
    [admin_flg] => 1
    [created_at] => 2023-09-29T01:00:00.000000Z
    [updated_at] => 2023-09-29T01:00:00.000000Z
    [deleted_at] => 
)
  
[2024-06-20 15:17:17] Act:.INFO: loginout operation update START  
[2024-06-20 15:17:17] Act:.INFO: beginTransaction - loginout operation update start  
[2024-06-20 15:17:17] Act:.INFO: beginTransaction - loginout operation update end(commit)  
[2024-06-20 15:17:17] Act:.INFO: loginout operation update END  
[2024-06-20 15:17:17] Act:.INFO: auth_user_info START  
[2024-06-20 15:17:17] Act:.INFO: auth_user_info END  
[2024-06-20 15:17:17] Act:.INFO: topclient index START $user->name = 佐藤 雄一  
[2024-06-20 15:17:17] Act:.INFO: auth_customer_findrec START  
[2024-06-20 15:17:17] Act:.INFO: auth_customer_findrec START $u_id = 15  
[2024-06-20 15:17:17] Act:.INFO: auth_customer_findrec END $u_id = 15  
[2024-06-20 15:17:17] Act:.INFO: auth_customer_findrec END  
[2024-06-20 15:17:17] Act:.INFO: get_three_month START  
[2024-06-20 15:17:17] Act:.INFO: get_three_month END  
[2024-06-20 15:17:17] Act:.INFO: topclient index END $user->name = 佐藤 雄一  
[2024-06-20 15:17:21] Act:.INFO: invoicehistory index START  
[2024-06-20 15:17:21] Act:.INFO: auth_user_info START  
[2024-06-20 15:17:21] Act:.INFO: auth_user_info END  
[2024-06-20 15:17:21] Act:.INFO: auth_customer_findrec START  
[2024-06-20 15:17:21] Act:.INFO: auth_customer_findrec START $u_id = 15  
[2024-06-20 15:17:21] Act:.INFO: auth_customer_findrec END $u_id = 15  
[2024-06-20 15:17:21] Act:.INFO: auth_customer_findrec END  
[2024-06-20 15:17:21] Act:.INFO: invoicehistory index END  
[2024-06-20 15:29:23] Act:.INFO: auth logout redirectTo user = stdClass Object
(
    [id] => 15
    [name] => 佐藤 雄一
    [email] => user15@gmail.com
    [email_verified_at] => 
    [organization_id] => 1
    [user_id] => 6
    [login_flg] => 1
    [admin_flg] => 1
    [created_at] => 2023-09-29T01:00:00.000000Z
    [updated_at] => 2023-09-29T01:00:00.000000Z
    [deleted_at] => 
)
  
[2024-06-20 15:29:23] Act:.INFO: loginout operation update START  
[2024-06-20 15:29:23] Act:.INFO: beginTransaction - loginout operation update start  
[2024-06-20 15:29:23] Act:.INFO: beginTransaction - loginout operation update end(commit)  
[2024-06-20 15:29:23] Act:.INFO: loginout operation update END  
