[2024-07-10 19:30:41] Act:.INFO: auth_user_info START  
[2024-07-10 19:30:41] Act:.INFO: auth_user_info END  
[2024-07-10 19:30:41] Act:.INFO: auth login redirectTo user = stdClass Object
(
    [id] => 1
    [name] => 新冨泰明
    [email] => shintomi.sh@gmail.com
    [email_verified_at] => 
    [organization_id] => 0
    [user_id] => 1
    [login_flg] => 2
    [admin_flg] => 2
    [created_at] => 2022-10-20T12:00:00.000000Z
    [updated_at] => 2022-10-20T12:00:00.000000Z
    [deleted_at] => 
)
  
[2024-07-10 19:30:41] Act:.INFO: loginout operation update START  
[2024-07-10 19:30:41] Act:.INFO: loginout operation update $id < 10 END  
[2024-07-10 19:30:41] Act:.INFO: auth_user_info START  
[2024-07-10 19:30:41] Act:.INFO: auth_user_info END  
[2024-07-10 19:30:41] Act:.INFO: office top index START $user->name = 新冨泰明  
[2024-07-10 19:30:41] Act:.INFO: auth_user_organization START  
[2024-07-10 19:30:41] Act:.INFO: auth_user_organization END  
[2024-07-10 19:30:41] Act:.INFO: office top index END $user->name = 新冨泰明  
[2024-07-10 19:30:43] Act:.INFO: ChatController index START  
[2024-07-10 19:30:43] Act:.INFO: ChatController index END  
[2024-07-10 19:30:45] Act:.INFO: Ajax ChatController index START  
[2024-07-10 19:30:45] Act:.INFO: auth_user_info START  
[2024-07-10 19:30:45] Act:.INFO: auth_user_info END  
[2024-07-10 19:30:45] Act:.DEBUG: Ajax ChatClientController index  $user_id = 1  
[2024-07-10 19:30:45] Act:.INFO: Ajax ChatController index END  
[2024-07-10 19:30:51] Act:.INFO: user index START  
[2024-07-10 19:30:51] Act:.INFO: auth_user_organization START  
[2024-07-10 19:30:51] Act:.INFO: auth_user_organization END  
[2024-07-10 19:30:51] Act:.INFO: user index END  
[2024-07-10 19:30:59] Act:.INFO: auth_user_info START  
[2024-07-10 19:30:59] Act:.INFO: auth_user_info END  
[2024-07-10 19:30:59] Act:.INFO: office top index START $user->name = 新冨泰明  
[2024-07-10 19:30:59] Act:.INFO: auth_user_organization START  
[2024-07-10 19:30:59] Act:.INFO: auth_user_organization END  
[2024-07-10 19:30:59] Act:.INFO: office top index END $user->name = 新冨泰明  
[2024-07-10 19:31:01] Act:.INFO: ChatController index START  
[2024-07-10 19:31:01] Act:.INFO: ChatController index END  
[2024-07-10 19:31:02] Act:.INFO: Ajax ChatController index START  
[2024-07-10 19:31:02] Act:.INFO: auth_user_info START  
[2024-07-10 19:31:02] Act:.INFO: auth_user_info END  
[2024-07-10 19:31:02] Act:.DEBUG: Ajax ChatClientController index  $user_id = 1  
[2024-07-10 19:31:02] Act:.INFO: Ajax ChatController index END  
[2024-07-10 19:31:50] Act:.INFO: auth_user_info START  
[2024-07-10 19:31:50] Act:.INFO: auth_user_info END  
[2024-07-10 19:31:50] Act:.INFO: auth login redirectTo user = stdClass Object
(
    [id] => 12
    [name] => 山本 美咲
    [email] => user12@gmail.com
    [email_verified_at] => 
    [organization_id] => 1
    [user_id] => 3
    [login_flg] => 1
    [admin_flg] => 1
    [created_at] => 2023-09-29T01:00:00.000000Z
    [updated_at] => 2023-09-29T01:00:00.000000Z
    [deleted_at] => 
)
  
[2024-07-10 19:31:50] Act:.INFO: loginout operation update START  
[2024-07-10 19:31:50] Act:.INFO: beginTransaction - loginout operation update start  
[2024-07-10 19:31:50] Act:.INFO: beginTransaction - loginout operation update end(commit)  
[2024-07-10 19:31:50] Act:.INFO: loginout operation update END  
[2024-07-10 19:31:50] Act:.INFO: auth_user_info START  
[2024-07-10 19:31:50] Act:.INFO: auth_user_info END  
[2024-07-10 19:31:50] Act:.INFO: topclient index START $user->name = 山本 美咲  
[2024-07-10 19:31:50] Act:.INFO: auth_customer_findrec START  
[2024-07-10 19:31:50] Act:.INFO: auth_customer_findrec START $u_id = 12  
[2024-07-10 19:31:50] Act:.INFO: auth_customer_findrec END $u_id = 12  
[2024-07-10 19:31:50] Act:.INFO: auth_customer_findrec END  
[2024-07-10 19:31:50] Act:.INFO: get_three_month START  
[2024-07-10 19:31:50] Act:.INFO: get_three_month END  
[2024-07-10 19:31:50] Act:.INFO: topclient index END $user->name = 山本 美咲  
[2024-07-10 19:31:53] Act:.INFO: ChatClientController index START  
[2024-07-10 19:31:53] Act:.INFO: auth_user_info START  
[2024-07-10 19:31:53] Act:.INFO: auth_user_info END  
[2024-07-10 19:31:53] Act:.INFO: auth_customer_findrec START  
[2024-07-10 19:31:53] Act:.INFO: auth_customer_findrec START $u_id = 12  
[2024-07-10 19:31:53] Act:.INFO: auth_customer_findrec END $u_id = 12  
[2024-07-10 19:31:53] Act:.INFO: auth_customer_findrec END  
[2024-07-10 19:31:53] Act:.INFO: ChatClientController index END  
[2024-07-10 19:31:55] Act:.INFO: Ajax ChatClientController index START  
[2024-07-10 19:31:55] Act:.INFO: auth_user_info START  
[2024-07-10 19:31:55] Act:.INFO: auth_user_info END  
[2024-07-10 19:31:55] Act:.DEBUG: Ajax ChatClientController index  $user_id = 12  
[2024-07-10 19:31:55] Act:.INFO: Ajax ChatClientController index END  
[2024-07-10 19:32:30] Act:.INFO: Ajax ChatClientController create START  
[2024-07-10 19:32:30] Act:.INFO: auth_customer_findrec START  
[2024-07-10 19:32:30] Act:.INFO: auth_customer_findrec START $u_id = 12  
[2024-07-10 19:32:30] Act:.INFO: auth_customer_findrec END $u_id = 12  
[2024-07-10 19:32:30] Act:.INFO: auth_customer_findrec END  
[2024-07-10 19:32:30] Act:.INFO: Ajax ChatClientController create END  
[2024-07-10 19:32:30] Act:.INFO: Ajax ChatClientController index START  
[2024-07-10 19:32:30] Act:.INFO: auth_user_info START  
[2024-07-10 19:32:30] Act:.INFO: Ajax ChatController index START  
[2024-07-10 19:32:30] Act:.INFO: auth_user_info START  
[2024-07-10 19:32:30] Act:.INFO: auth_user_info END  
[2024-07-10 19:32:30] Act:.DEBUG: Ajax ChatClientController index  $user_id = 12  
[2024-07-10 19:32:30] Act:.INFO: auth_user_info END  
[2024-07-10 19:32:30] Act:.INFO: Ajax ChatClientController index END  
[2024-07-10 19:32:30] Act:.DEBUG: Ajax ChatClientController index  $user_id = 1  
[2024-07-10 19:32:30] Act:.INFO: Ajax ChatController index END  
[2024-07-10 19:33:05] Act:.INFO: Ajax ChatController create START  
[2024-07-10 19:33:05] Act:.INFO: auth_customer_findrec START  
[2024-07-10 19:33:05] Act:.INFO: auth_customer_findrec START $u_id = 1  
[2024-07-10 19:33:05] Act:.INFO: auth_customer_findrec END $u_id = 1  
[2024-07-10 19:33:05] Act:.INFO: auth_customer_findrec END  
[2024-07-10 19:33:05] Act:.INFO: Ajax ChatController create END  
[2024-07-10 19:33:05] Act:.INFO: Ajax ChatController index START  
[2024-07-10 19:33:05] Act:.INFO: auth_user_info START  
[2024-07-10 19:33:05] Act:.INFO: auth_user_info END  
[2024-07-10 19:33:05] Act:.DEBUG: Ajax ChatClientController index  $user_id = 1  
[2024-07-10 19:33:05] Act:.INFO: Ajax ChatController index END  
[2024-07-10 19:33:05] Act:.INFO: Ajax ChatClientController index START  
[2024-07-10 19:33:05] Act:.INFO: auth_user_info START  
[2024-07-10 19:33:05] Act:.INFO: auth_user_info END  
[2024-07-10 19:33:05] Act:.DEBUG: Ajax ChatClientController index  $user_id = 12  
[2024-07-10 19:33:05] Act:.INFO: Ajax ChatClientController index END  
[2024-07-10 19:33:19] Act:.INFO: auth logout redirectTo user = stdClass Object
(
    [id] => 1
    [name] => 新冨泰明
    [email] => shintomi.sh@gmail.com
    [email_verified_at] => 
    [organization_id] => 0
    [user_id] => 1
    [login_flg] => 2
    [admin_flg] => 2
    [created_at] => 2022-10-20T12:00:00.000000Z
    [updated_at] => 2022-10-20T12:00:00.000000Z
    [deleted_at] => 
)
  
[2024-07-10 19:33:19] Act:.INFO: loginout operation update START  
[2024-07-10 19:33:19] Act:.INFO: loginout operation update $id < 10 END  
[2024-07-10 19:33:24] Act:.INFO: auth logout redirectTo user = stdClass Object
(
    [id] => 12
    [name] => 山本 美咲
    [email] => user12@gmail.com
    [email_verified_at] => 
    [organization_id] => 1
    [user_id] => 3
    [login_flg] => 1
    [admin_flg] => 1
    [created_at] => 2023-09-29T01:00:00.000000Z
    [updated_at] => 2023-09-29T01:00:00.000000Z
    [deleted_at] => 
)
  
[2024-07-10 19:33:24] Act:.INFO: loginout operation update START  
[2024-07-10 19:33:24] Act:.INFO: beginTransaction - loginout operation update start  
[2024-07-10 19:33:24] Act:.INFO: beginTransaction - loginout operation update end(commit)  
[2024-07-10 19:33:24] Act:.INFO: loginout operation update END  
