[2024-07-09 16:32:25] Act:.INFO: auth_user_info START  
[2024-07-09 16:32:25] Act:.INFO: auth_user_info END  
[2024-07-09 16:32:25] Act:.INFO: auth login redirectTo user = stdClass Object
(
    [id] => 1
    [name] => 新冨泰明
    [email] => shintomi.sh@gmail.com
    [email_verified_at] => 
    [organization_id] => 0
    [user_id] => 1
    [login_flg] => 2
    [admin_flg] => 2
    [created_at] => 2022-10-20T12:00:00.000000Z
    [updated_at] => 2022-10-20T12:00:00.000000Z
    [deleted_at] => 
)
  
[2024-07-09 16:32:25] Act:.INFO: loginout operation update START  
[2024-07-09 16:32:25] Act:.INFO: loginout operation update $id < 10 END  
[2024-07-09 16:32:25] Act:.INFO: auth_user_info START  
[2024-07-09 16:32:25] Act:.INFO: auth_user_info END  
[2024-07-09 16:32:25] Act:.INFO: office top index START $user->name = 新冨泰明  
[2024-07-09 16:32:25] Act:.INFO: auth_user_organization START  
[2024-07-09 16:32:25] Act:.INFO: auth_user_organization END  
[2024-07-09 16:32:25] Act:.INFO: office top index END $user->name = 新冨泰明  
[2024-07-09 16:33:16] Act:.INFO: uploaduser index START  
[2024-07-09 16:33:16] Act:.INFO: auth_user_organization START  
[2024-07-09 16:33:16] Act:.INFO: auth_user_organization END  
[2024-07-09 16:33:16] Act:.INFO: auth_customer_all START  
[2024-07-09 16:33:16] Act:.INFO: auth_customer_all END  
[2024-07-09 16:33:16] Act:.INFO: uploaduser index END  
[2024-07-09 16:34:27] Act:.INFO: uploaduser index START  
[2024-07-09 16:34:27] Act:.INFO: auth_user_organization START  
[2024-07-09 16:34:27] Act:.INFO: auth_user_organization END  
[2024-07-09 16:34:27] Act:.INFO: auth_customer_all START  
[2024-07-09 16:34:27] Act:.INFO: auth_customer_all END  
[2024-07-09 16:34:27] Act:.INFO: uploaduser index END  
[2024-07-09 16:34:33] Act:.INFO: filemng post START  
[2024-07-09 16:34:33] Act:.INFO: auth_user_info START  
[2024-07-09 16:34:33] Act:.INFO: auth_user_info END  
[2024-07-09 16:34:33] Act:.INFO: filemng post $customer_id = 12  
[2024-07-09 16:34:33] Act:.INFO: filemng post END  
[2024-07-09 16:34:33] Act:.INFO: filemng index START  
[2024-07-09 16:34:33] Act:.INFO: auth_user_info START  
[2024-07-09 16:34:33] Act:.INFO: auth_user_info END  
[2024-07-09 16:34:33] Act:.INFO: filemng index $customer_id = 12  
[2024-07-09 16:34:33] Act:.INFO: auth_user_foldername START  
[2024-07-09 16:34:33] Act:.INFO: auth_user_foldername END  
[2024-07-09 16:34:33] Act:.INFO: filemng index END  
[2024-07-09 16:34:37] Act:.INFO: uploaduser index START  
[2024-07-09 16:34:37] Act:.INFO: auth_user_organization START  
[2024-07-09 16:34:37] Act:.INFO: auth_user_organization END  
[2024-07-09 16:34:37] Act:.INFO: auth_customer_all START  
[2024-07-09 16:34:37] Act:.INFO: auth_customer_all END  
[2024-07-09 16:34:37] Act:.INFO: uploaduser index END  
[2024-07-09 16:34:54] Act:.INFO: auth logout redirectTo user = stdClass Object
(
    [id] => 1
    [name] => 新冨泰明
    [email] => shintomi.sh@gmail.com
    [email_verified_at] => 
    [organization_id] => 0
    [user_id] => 1
    [login_flg] => 2
    [admin_flg] => 2
    [created_at] => 2022-10-20T12:00:00.000000Z
    [updated_at] => 2022-10-20T12:00:00.000000Z
    [deleted_at] => 
)
  
[2024-07-09 16:34:54] Act:.INFO: loginout operation update START  
[2024-07-09 16:34:54] Act:.INFO: loginout operation update $id < 10 END  
