[2024-10-25 12:34:50] Act:.INFO: auth_user_info START  
[2024-10-25 12:34:50] Act:.INFO: auth_user_info END  
[2024-10-25 12:34:50] Act:.INFO: auth login redirectTo user = stdClass Object
(
    [id] => 1
    [name] => 新冨泰明
    [email] => shintomi.sh@gmail.com
    [email_verified_at] => 
    [organization_id] => 0
    [user_id] => 1
    [login_flg] => 2
    [admin_flg] => 2
    [created_at] => 2022-10-20T12:00:00.000000Z
    [updated_at] => 2022-10-20T12:00:00.000000Z
    [deleted_at] => 
)
  
[2024-10-25 12:34:50] Act:.INFO: loginout operation update START  
[2024-10-25 12:34:50] Act:.INFO: loginout operation update $id < 10 END  
[2024-10-25 12:34:50] Act:.INFO: auth_user_info START  
[2024-10-25 12:34:50] Act:.INFO: auth_user_info END  
[2024-10-25 12:34:50] Act:.INFO: office top index START $user->name = 新冨泰明  
[2024-10-25 12:34:50] Act:.INFO: auth_user_organization START  
[2024-10-25 12:34:50] Act:.INFO: auth_user_organization END  
[2024-10-25 12:34:50] Act:.INFO: office top index END $user->name = 新冨泰明  
[2024-10-25 12:34:52] Act:.INFO: linetrialuser input START  
[2024-10-25 12:34:52] Act:.INFO: linetrialuser input END  
[2024-10-25 12:35:20] Act:.INFO: linetrialuserhistory index START  
[2024-10-25 12:35:20] Act:.INFO: linetrialuserhistory index END  
[2024-10-25 15:00:31] Act:.INFO: LineWebhookController message START  
[2024-10-25 15:00:31] Act:.INFO: LineWebhookController message END  
[2024-10-25 15:05:29] Act:.INFO: LineWebhookController message START  
[2024-10-25 15:05:29] Act:.INFO: LineWebhookController message END  
[2024-10-25 15:05:49] Act:.INFO: LineWebhookController message START  
[2024-10-25 15:05:49] Act:.INFO: LineWebhookController message case text userId = U4d15b647d8b8effec85ca24ddbbd6674  
[2024-10-25 15:05:50] Act:.INFO: LineWebhookController message END  
[2024-10-25 15:07:39] Act:.INFO: auth_user_info START  
[2024-10-25 15:07:39] Act:.INFO: auth_user_info END  
[2024-10-25 15:07:39] Act:.INFO: auth login redirectTo user = stdClass Object
(
    [id] => 1
    [name] => 新冨泰明
    [email] => shintomi.sh@gmail.com
    [email_verified_at] => 
    [organization_id] => 0
    [user_id] => 1
    [login_flg] => 2
    [admin_flg] => 2
    [created_at] => 2022-10-20T12:00:00.000000Z
    [updated_at] => 2022-10-20T12:00:00.000000Z
    [deleted_at] => 
)
  
[2024-10-25 15:07:39] Act:.INFO: loginout operation update START  
[2024-10-25 15:07:39] Act:.INFO: loginout operation update $id < 10 END  
[2024-10-25 15:07:39] Act:.INFO: linetrialuser input START  
[2024-10-25 15:07:39] Act:.INFO: linetrialuser input END  
[2024-10-25 15:07:55] Act:.INFO: LineExcelMakeController lineexcel START  
[2024-10-25 15:07:55] Act:.INFO: auth_user_organization START  
[2024-10-25 15:07:55] Act:.INFO: auth_user_organization END  
[2024-10-25 15:07:55] Act:.DEBUG: LineExcelMakeController lineexcel $id = 22  
[2024-10-25 15:07:55] Act:.DEBUG: LineExcelMakeController lineexcel $user_name = 新冨泰明  
[2024-10-25 15:07:55] Act:.INFO: ExportService LinemakeXlsPdf START  
[2024-10-25 15:07:56] Act:.INFO: ExportService  line_trial_users_history_Update START  
[2024-10-25 15:07:56] Act:.INFO: beginTransaction - ExportService  line_trial_users_history_Update saveFile start  
[2024-10-25 15:07:56] Act:.INFO: beginTransaction - ExportService  line_trial_users_history_Update saveFile end(commit)  
[2024-10-25 15:07:56] Act:.INFO: ExportService  line_trial_users_history_Update END  
[2024-10-25 15:07:56] Act:.INFO: ExportService convertOfficeToPdf START  
[2024-10-25 15:07:57] Act:.INFO: ExportService convertOfficeToPdf exec $return_var = 0  
[2024-10-25 15:07:57] Act:.INFO: ExportService convertOfficeToPdf END  
[2024-10-25 15:07:57] Act:.INFO: ExportService  line_trial_users_history_Update START  
[2024-10-25 15:07:57] Act:.INFO: beginTransaction - ExportService  line_trial_users_history_Update saveFile start  
[2024-10-25 15:07:57] Act:.INFO: beginTransaction - ExportService  line_trial_users_history_Update saveFile end(commit)  
[2024-10-25 15:07:57] Act:.INFO: ExportService  line_trial_users_history_Update END  
[2024-10-25 15:07:57] Act:.INFO: line_trial_users_Update START  
[2024-10-25 15:07:57] Act:.INFO: line_trial_users_Update beginTransaction - start  
[2024-10-25 15:07:57] Act:.INFO: line_trial_users_Update beginTransaction - end  
[2024-10-25 15:07:57] Act:.INFO: line_trial_users_Update END  
[2024-10-25 15:07:57] Act:.INFO: ExportService LinemakeXlsPdf END  
[2024-10-25 15:07:57] Act:.INFO: LineExcelMakeController lineexcel END  
[2024-10-25 15:07:57] Act:.INFO: linetrialuser input START  
[2024-10-25 15:07:58] Act:.INFO: linetrialuser input END  
[2024-10-25 15:08:02] Act:.INFO: linetrialuserhistory index START  
[2024-10-25 15:08:02] Act:.INFO: linetrialuserhistory index END  
[2024-10-25 15:08:04] Act:.INFO: linetrialuserhistory show_up01 START  
[2024-10-25 15:08:04] Act:.INFO: update_api linetrialuserhistory START  
[2024-10-25 15:08:04] Act:.INFO: update_api linetrialuserhistory beginTransaction - start  
[2024-10-25 15:08:04] Act:.INFO: update_api linetrialuserhistory beginTransaction - end  
[2024-10-25 15:08:04] Act:.INFO: update_api linetrialuserhistory END  
[2024-10-25 15:08:04] Act:.INFO: linetrialuserhistory show_up01 END  
[2024-10-25 15:08:05] Act:.INFO: linetrialuserhistory show_up01 START  
[2024-10-25 15:08:05] Act:.INFO: linetrialuserhistory show_up01 END  
[2024-10-25 15:09:05] Act:.INFO: linetrialuserhistory index START  
[2024-10-25 15:09:05] Act:.INFO: linetrialuserhistory index END  
[2024-10-25 15:09:19] Act:.INFO: linetrialuser input START  
[2024-10-25 15:09:19] Act:.INFO: linetrialuser input END  
[2024-10-25 15:09:52] Act:.INFO: auth logout redirectTo user = stdClass Object
(
    [id] => 1
    [name] => 新冨泰明
    [email] => shintomi.sh@gmail.com
    [email_verified_at] => 
    [organization_id] => 0
    [user_id] => 1
    [login_flg] => 2
    [admin_flg] => 2
    [created_at] => 2022-10-20T12:00:00.000000Z
    [updated_at] => 2022-10-20T12:00:00.000000Z
    [deleted_at] => 
)
  
[2024-10-25 15:09:52] Act:.INFO: loginout operation update START  
[2024-10-25 15:09:52] Act:.INFO: loginout operation update $id < 10 END  
