[2023-11-06 10:57:58] Act:.INFO: auth_user_info START  
[2023-11-06 10:57:58] Act:.INFO: auth_user_info END  
[2023-11-06 10:57:58] Act:.INFO: auth login redirectTo user = stdClass Object
(
    [id] => 1
    [name] => 新冨泰明
    [email] => shintomi.sh@gmail.com
    [email_verified_at] => 
    [organization_id] => 0
    [user_id] => 1
    [login_flg] => 2
    [admin_flg] => 2
    [created_at] => 2022-10-20T12:00:00.000000Z
    [updated_at] => 2022-10-20T12:00:00.000000Z
    [deleted_at] => 
)
  
[2023-11-06 10:57:58] Act:.INFO: auth_user_info START  
[2023-11-06 10:57:58] Act:.INFO: auth_user_info END  
[2023-11-06 10:57:58] Act:.INFO: office top index START $user->name = 新冨泰明  
[2023-11-06 10:57:58] Act:.INFO: auth_user_organization START  
[2023-11-06 10:57:58] Act:.INFO: auth_user_organization END  
[2023-11-06 10:57:58] Act:.INFO: office top index END $user->name = 新冨泰明  
[2023-11-06 10:58:04] Act:.INFO: linetrialuser input START  
[2023-11-06 10:58:04] Act:.INFO: linetrialuser input END  
[2023-11-06 10:58:32] Act:.INFO: linetrialuser input START  
[2023-11-06 10:58:32] Act:.INFO: linetrialuser input END  
[2023-11-06 10:58:56] Act:.INFO: linetrialuserhistory index START  
[2023-11-06 10:58:56] Act:.INFO: linetrialuserhistory index END  
[2023-11-06 10:59:03] Act:.INFO: linetrialuser input START  
[2023-11-06 10:59:03] Act:.INFO: linetrialuser input END  
[2023-11-06 10:59:32] Act:.INFO: LineExcelMakeController lineexcel START  
[2023-11-06 10:59:32] Act:.INFO: auth_user_organization START  
[2023-11-06 10:59:32] Act:.INFO: auth_user_organization END  
[2023-11-06 10:59:32] Act:.DEBUG: LineExcelMakeController lineexcel $id = 8  
[2023-11-06 10:59:32] Act:.DEBUG: LineExcelMakeController lineexcel $user_name = 山本浩二  
[2023-11-06 10:59:32] Act:.INFO: ExportService LinemakeXlsPdf START  
[2023-11-06 10:59:32] Act:.INFO: ExportService  line_trial_users_history_Update START  
[2023-11-06 10:59:32] Act:.INFO: beginTransaction - ExportService  line_trial_users_history_Update saveFile start  
[2023-11-06 10:59:32] Act:.INFO: beginTransaction - ExportService  line_trial_users_history_Update saveFile end(commit)  
[2023-11-06 10:59:32] Act:.INFO: ExportService  line_trial_users_history_Update END  
[2023-11-06 10:59:32] Act:.INFO: ExportService convertOfficeToPdf START  
[2023-11-06 10:59:33] Act:.INFO: ExportService convertOfficeToPdf exec $return_var = 0  
[2023-11-06 10:59:33] Act:.INFO: ExportService convertOfficeToPdf END  
[2023-11-06 10:59:33] Act:.INFO: ExportService  line_trial_users_history_Update START  
[2023-11-06 10:59:33] Act:.INFO: beginTransaction - ExportService  line_trial_users_history_Update saveFile start  
[2023-11-06 10:59:33] Act:.INFO: beginTransaction - ExportService  line_trial_users_history_Update saveFile end(commit)  
[2023-11-06 10:59:33] Act:.INFO: ExportService  line_trial_users_history_Update END  
[2023-11-06 10:59:33] Act:.INFO: line_trial_users_Update START  
[2023-11-06 10:59:33] Act:.INFO: line_trial_users_Update beginTransaction - start  
[2023-11-06 10:59:33] Act:.INFO: line_trial_users_Update beginTransaction - end  
[2023-11-06 10:59:33] Act:.INFO: line_trial_users_Update END  
[2023-11-06 10:59:33] Act:.INFO: ExportService LinemakeXlsPdf END  
[2023-11-06 10:59:33] Act:.INFO: LineExcelMakeController lineexcel END  
[2023-11-06 10:59:33] Act:.INFO: linetrialuser input START  
[2023-11-06 10:59:33] Act:.INFO: linetrialuser input END  
[2023-11-06 10:59:36] Act:.INFO: linetrialuserhistory index START  
[2023-11-06 10:59:36] Act:.INFO: linetrialuserhistory index END  
[2023-11-06 10:59:41] Act:.INFO: invoicehistory show_up01 START  
[2023-11-06 10:59:41] Act:.INFO: invoicehistory show_up01 END  
[2023-11-06 10:59:51] Act:.INFO: linetrialuser input START  
[2023-11-06 10:59:51] Act:.INFO: linetrialuser input END  
[2023-11-06 11:00:51] Act:.INFO: auth logout redirectTo user = stdClass Object
(
    [id] => 1
    [name] => 新冨泰明
    [email] => shintomi.sh@gmail.com
    [email_verified_at] => 
    [organization_id] => 0
    [user_id] => 1
    [login_flg] => 2
    [admin_flg] => 2
    [created_at] => 2022-10-20T12:00:00.000000Z
    [updated_at] => 2022-10-20T12:00:00.000000Z
    [deleted_at] => 
)
  
