[2024-11-02 20:41:02] Act:.INFO: auth_user_info START  
[2024-11-02 20:41:02] Act:.INFO: auth_user_info END  
[2024-11-02 20:41:02] Act:.INFO: auth login redirectTo user = stdClass Object
(
    [id] => 1
    [name] => 新冨泰明
    [email] => shintomi.sh@gmail.com
    [email_verified_at] => 
    [organization_id] => 0
    [user_id] => 1
    [login_flg] => 2
    [admin_flg] => 2
    [created_at] => 2022-10-20T12:00:00.000000Z
    [updated_at] => 2022-10-20T12:00:00.000000Z
    [deleted_at] => 
)
  
[2024-11-02 20:41:02] Act:.INFO: loginout operation update START  
[2024-11-02 20:41:02] Act:.INFO: loginout operation update $id < 10 END  
[2024-11-02 20:41:02] Act:.INFO: auth_user_info START  
[2024-11-02 20:41:02] Act:.INFO: auth_user_info END  
[2024-11-02 20:41:02] Act:.INFO: office top index START $user->name = 新冨泰明  
[2024-11-02 20:41:02] Act:.INFO: auth_user_organization START  
[2024-11-02 20:41:02] Act:.INFO: auth_user_organization END  
[2024-11-02 20:41:02] Act:.INFO: office top index END $user->name = 新冨泰明  
[2024-11-02 20:41:05] Act:.INFO: linetrialuser input START  
[2024-11-02 20:41:05] Act:.INFO: linetrialuser input END  
[2024-11-02 20:41:14] Act:.INFO: linetrialuserhistory index START  
[2024-11-02 20:41:14] Act:.INFO: linetrialuserhistory index END  
[2024-11-02 20:41:28] Act:.INFO: auth logout redirectTo user = stdClass Object
(
    [id] => 1
    [name] => 新冨泰明
    [email] => shintomi.sh@gmail.com
    [email_verified_at] => 
    [organization_id] => 0
    [user_id] => 1
    [login_flg] => 2
    [admin_flg] => 2
    [created_at] => 2022-10-20T12:00:00.000000Z
    [updated_at] => 2022-10-20T12:00:00.000000Z
    [deleted_at] => 
)
  
[2024-11-02 20:41:28] Act:.INFO: loginout operation update START  
[2024-11-02 20:41:28] Act:.INFO: loginout operation update $id < 10 END  
[2024-11-02 20:41:47] Act:.INFO: auth_user_info START  
[2024-11-02 20:41:47] Act:.INFO: auth_user_info END  
[2024-11-02 20:41:47] Act:.INFO: auth login redirectTo user = stdClass Object
(
    [id] => 1
    [name] => 新冨泰明
    [email] => shintomi.sh@gmail.com
    [email_verified_at] => 
    [organization_id] => 0
    [user_id] => 1
    [login_flg] => 2
    [admin_flg] => 2
    [created_at] => 2022-10-20T12:00:00.000000Z
    [updated_at] => 2022-10-20T12:00:00.000000Z
    [deleted_at] => 
)
  
[2024-11-02 20:41:47] Act:.INFO: loginout operation update START  
[2024-11-02 20:41:47] Act:.INFO: loginout operation update $id < 10 END  
[2024-11-02 20:41:47] Act:.INFO: auth_user_info START  
[2024-11-02 20:41:47] Act:.INFO: auth_user_info END  
[2024-11-02 20:41:47] Act:.INFO: office top index START $user->name = 新冨泰明  
[2024-11-02 20:41:47] Act:.INFO: auth_user_organization START  
[2024-11-02 20:41:47] Act:.INFO: auth_user_organization END  
[2024-11-02 20:41:47] Act:.INFO: office top index END $user->name = 新冨泰明  
[2024-11-02 20:41:59] Act:.INFO: uploaduser index START  
[2024-11-02 20:41:59] Act:.INFO: auth_user_organization START  
[2024-11-02 20:41:59] Act:.INFO: auth_user_organization END  
[2024-11-02 20:41:59] Act:.INFO: auth_customer_all START  
[2024-11-02 20:41:59] Act:.INFO: auth_customer_all END  
[2024-11-02 20:41:59] Act:.INFO: uploaduser index END  
[2024-11-02 20:42:54] Act:.INFO: auth_user_info START  
[2024-11-02 20:42:54] Act:.INFO: auth_user_info END  
[2024-11-02 20:42:54] Act:.INFO: office top index START $user->name = 新冨泰明  
[2024-11-02 20:42:54] Act:.INFO: auth_user_organization START  
[2024-11-02 20:42:54] Act:.INFO: auth_user_organization END  
[2024-11-02 20:42:54] Act:.INFO: office top index END $user->name = 新冨泰明  
[2024-11-02 20:43:37] Act:.INFO: uploaduser index START  
[2024-11-02 20:43:37] Act:.INFO: auth_user_organization START  
[2024-11-02 20:43:37] Act:.INFO: auth_user_organization END  
[2024-11-02 20:43:37] Act:.INFO: auth_customer_all START  
[2024-11-02 20:43:37] Act:.INFO: auth_customer_all END  
[2024-11-02 20:43:37] Act:.INFO: uploaduser index END  
[2024-11-02 20:43:40] Act:.INFO: filemng post START  
[2024-11-02 20:43:40] Act:.INFO: auth_user_info START  
[2024-11-02 20:43:40] Act:.INFO: auth_user_info END  
[2024-11-02 20:43:40] Act:.INFO: filemng post $customer_id = 19  
[2024-11-02 20:43:40] Act:.INFO: filemng post END  
[2024-11-02 20:43:40] Act:.INFO: filemng index START  
[2024-11-02 20:43:40] Act:.INFO: auth_user_info START  
[2024-11-02 20:43:40] Act:.INFO: auth_user_info END  
[2024-11-02 20:43:40] Act:.INFO: filemng index $customer_id = 19  
[2024-11-02 20:43:40] Act:.INFO: auth_user_foldername START  
[2024-11-02 20:43:40] Act:.INFO: auth_user_foldername END  
[2024-11-02 20:43:40] Act:.INFO: filemng index END  
[2024-11-02 20:43:47] Act:.INFO: uploaduser index START  
[2024-11-02 20:43:47] Act:.INFO: auth_user_organization START  
[2024-11-02 20:43:47] Act:.INFO: auth_user_organization END  
[2024-11-02 20:43:47] Act:.INFO: auth_customer_all START  
[2024-11-02 20:43:47] Act:.INFO: auth_customer_all END  
[2024-11-02 20:43:47] Act:.INFO: uploaduser index END  
[2024-11-02 20:45:52] Act:.INFO: filemng post START  
[2024-11-02 20:45:52] Act:.INFO: auth_user_info START  
[2024-11-02 20:45:52] Act:.INFO: auth_user_info END  
[2024-11-02 20:45:52] Act:.INFO: filemng post $customer_id = 19  
[2024-11-02 20:45:52] Act:.INFO: filemng post END  
[2024-11-02 20:45:52] Act:.INFO: filemng index START  
[2024-11-02 20:45:52] Act:.INFO: auth_user_info START  
[2024-11-02 20:45:52] Act:.INFO: auth_user_info END  
[2024-11-02 20:45:52] Act:.INFO: filemng index $customer_id = 19  
[2024-11-02 20:45:52] Act:.INFO: auth_user_foldername START  
[2024-11-02 20:45:52] Act:.INFO: auth_user_foldername END  
[2024-11-02 20:45:52] Act:.INFO: filemng index END  
[2024-11-02 20:46:47] Act:.INFO: filemng index START  
[2024-11-02 20:46:47] Act:.INFO: auth_user_info START  
[2024-11-02 20:46:47] Act:.INFO: auth_user_info END  
[2024-11-02 20:46:47] Act:.INFO: filemng index $customer_id = 19  
[2024-11-02 20:46:47] Act:.INFO: auth_user_foldername START  
[2024-11-02 20:46:47] Act:.INFO: auth_user_foldername END  
[2024-11-02 20:46:47] Act:.INFO: filemng index END  
[2024-11-02 20:46:58] Act:.INFO: uploaduser index START  
[2024-11-02 20:46:58] Act:.INFO: auth_user_organization START  
[2024-11-02 20:46:58] Act:.INFO: auth_user_organization END  
[2024-11-02 20:46:58] Act:.INFO: auth_customer_all START  
[2024-11-02 20:46:58] Act:.INFO: auth_customer_all END  
[2024-11-02 20:46:58] Act:.INFO: uploaduser index END  
[2024-11-02 20:48:55] Act:.INFO: filemng post START  
[2024-11-02 20:48:55] Act:.INFO: auth_user_info START  
[2024-11-02 20:48:55] Act:.INFO: auth_user_info END  
[2024-11-02 20:48:55] Act:.INFO: filemng post $customer_id = 2  
[2024-11-02 20:48:55] Act:.INFO: filemng post END  
[2024-11-02 20:48:55] Act:.INFO: filemng index START  
[2024-11-02 20:48:55] Act:.INFO: auth_user_info START  
[2024-11-02 20:48:55] Act:.INFO: auth_user_info END  
[2024-11-02 20:48:55] Act:.INFO: filemng index $customer_id = 2  
[2024-11-02 20:48:55] Act:.INFO: auth_user_foldername START  
[2024-11-02 20:48:55] Act:.INFO: auth_user_foldername END  
[2024-11-02 20:48:55] Act:.INFO: filemng index END  
[2024-11-02 20:49:11] Act:.INFO: uploaduser index START  
[2024-11-02 20:49:11] Act:.INFO: auth_user_organization START  
[2024-11-02 20:49:11] Act:.INFO: auth_user_organization END  
[2024-11-02 20:49:11] Act:.INFO: auth_customer_all START  
[2024-11-02 20:49:11] Act:.INFO: auth_customer_all END  
[2024-11-02 20:49:12] Act:.INFO: uploaduser index END  
[2024-11-02 20:49:14] Act:.INFO: filemng post START  
[2024-11-02 20:49:14] Act:.INFO: auth_user_info START  
[2024-11-02 20:49:14] Act:.INFO: auth_user_info END  
[2024-11-02 20:49:14] Act:.INFO: filemng post $customer_id = 12  
[2024-11-02 20:49:14] Act:.INFO: filemng post END  
[2024-11-02 20:49:14] Act:.INFO: filemng index START  
[2024-11-02 20:49:14] Act:.INFO: auth_user_info START  
[2024-11-02 20:49:14] Act:.INFO: auth_user_info END  
[2024-11-02 20:49:14] Act:.INFO: filemng index $customer_id = 12  
[2024-11-02 20:49:14] Act:.INFO: auth_user_foldername START  
[2024-11-02 20:49:14] Act:.INFO: auth_user_foldername END  
[2024-11-02 20:49:14] Act:.INFO: filemng index END  
[2024-11-02 20:49:15] Act:.INFO: uploaduser index START  
[2024-11-02 20:49:15] Act:.INFO: auth_user_organization START  
[2024-11-02 20:49:15] Act:.INFO: auth_user_organization END  
[2024-11-02 20:49:15] Act:.INFO: auth_customer_all START  
[2024-11-02 20:49:15] Act:.INFO: auth_customer_all END  
[2024-11-02 20:49:15] Act:.INFO: uploaduser index END  
[2024-11-02 20:49:18] Act:.INFO: uploaduser file_check START  
[2024-11-02 20:49:18] Act:.INFO: auth_user_organization START  
[2024-11-02 20:49:18] Act:.INFO: auth_user_organization END  
[2024-11-02 20:49:18] Act:.INFO: auth_customer_all START  
[2024-11-02 20:49:18] Act:.INFO: auth_customer_all END  
[2024-11-02 20:49:18] Act:.INFO: uploaduser file_check END  
[2024-11-02 20:49:41] Act:.INFO: customer index START  
[2024-11-02 20:49:41] Act:.INFO: auth_user_organization START  
[2024-11-02 20:49:41] Act:.INFO: auth_user_organization END  
[2024-11-02 20:49:41] Act:.INFO: customer index END  
[2024-11-02 20:50:05] Act:.INFO: newsrepos index START  
[2024-11-02 20:50:05] Act:.INFO: auth_user_info START  
[2024-11-02 20:50:05] Act:.INFO: auth_user_info END  
[2024-11-02 20:50:05] Act:.INFO: auth_user_organization START  
[2024-11-02 20:50:05] Act:.INFO: auth_user_organization END  
[2024-11-02 20:50:05] Act:.INFO: newsrepo index END  
[2024-11-02 20:50:47] Act:.INFO: user index START  
[2024-11-02 20:50:47] Act:.INFO: auth_user_organization START  
[2024-11-02 20:50:47] Act:.INFO: auth_user_organization END  
[2024-11-02 20:50:47] Act:.INFO: user index END  
[2024-11-02 20:51:09] Act:.INFO: auth_user_info START  
[2024-11-02 20:51:09] Act:.INFO: auth_user_info END  
[2024-11-02 20:51:09] Act:.INFO: auth login redirectTo user = stdClass Object
(
    [id] => 19
    [name] => 中村 隆太
    [email] => user19@gmail.com
    [email_verified_at] => 
    [organization_id] => 1
    [user_id] => 19
    [login_flg] => 1
    [admin_flg] => 1
    [created_at] => 2023-09-29T01:00:00.000000Z
    [updated_at] => 2023-09-29T01:00:00.000000Z
    [deleted_at] => 
)
  
[2024-11-02 20:51:09] Act:.INFO: loginout operation update START  
[2024-11-02 20:51:09] Act:.INFO: beginTransaction - loginout operation update start  
[2024-11-02 20:51:09] Act:.INFO: beginTransaction - loginout operation update end(commit)  
[2024-11-02 20:51:09] Act:.INFO: loginout operation update END  
[2024-11-02 20:51:09] Act:.INFO: auth_user_info START  
[2024-11-02 20:51:09] Act:.INFO: auth_user_info END  
[2024-11-02 20:51:09] Act:.INFO: topclient index START $user->name = 中村 隆太  
[2024-11-02 20:51:09] Act:.INFO: auth_customer_findrec START  
[2024-11-02 20:51:09] Act:.INFO: auth_customer_findrec START $u_id = 19  
[2024-11-02 20:51:09] Act:.INFO: auth_customer_findrec END $u_id = 19  
[2024-11-02 20:51:09] Act:.INFO: auth_customer_findrec END  
[2024-11-02 20:51:09] Act:.INFO: get_three_month START  
[2024-11-02 20:51:09] Act:.INFO: get_three_month END  
[2024-11-02 20:51:09] Act:.INFO: topclient index END $user->name = 中村 隆太  
[2024-11-02 20:54:01] Act:.INFO: auth_user_info START  
[2024-11-02 20:54:01] Act:.INFO: auth_user_info END  
[2024-11-02 20:54:01] Act:.INFO: topclient index START $user->name = 中村 隆太  
[2024-11-02 20:54:01] Act:.INFO: auth_customer_findrec START  
[2024-11-02 20:54:01] Act:.INFO: auth_customer_findrec START $u_id = 19  
[2024-11-02 20:54:01] Act:.INFO: auth_customer_findrec END $u_id = 19  
[2024-11-02 20:54:01] Act:.INFO: auth_customer_findrec END  
[2024-11-02 20:54:01] Act:.INFO: get_three_month START  
[2024-11-02 20:54:01] Act:.INFO: get_three_month END  
[2024-11-02 20:54:01] Act:.INFO: topclient index END $user->name = 中村 隆太  
[2024-11-02 20:54:07] Act:.INFO: topclient show_alert START  
[2024-11-02 20:54:07] Act:.INFO: topclient show_alert END  
[2024-11-02 20:54:20] Act:.INFO: transhistory index START  
[2024-11-02 20:54:20] Act:.INFO: auth_user_info START  
[2024-11-02 20:54:20] Act:.INFO: auth_user_info END  
[2024-11-02 20:54:20] Act:.INFO: auth_customer_findrec START  
[2024-11-02 20:54:20] Act:.INFO: auth_customer_findrec START $u_id = 19  
[2024-11-02 20:54:20] Act:.INFO: auth_customer_findrec END $u_id = 19  
[2024-11-02 20:54:20] Act:.INFO: auth_customer_findrec END  
[2024-11-02 20:54:20] Act:.INFO: transhistory index END  
[2024-11-02 20:55:11] Act:.INFO: auth_user_info START  
[2024-11-02 20:55:11] Act:.INFO: auth_user_info END  
[2024-11-02 20:55:11] Act:.INFO: topclient index START $user->name = 中村 隆太  
[2024-11-02 20:55:11] Act:.INFO: auth_customer_findrec START  
[2024-11-02 20:55:11] Act:.INFO: auth_customer_findrec START $u_id = 19  
[2024-11-02 20:55:11] Act:.INFO: auth_customer_findrec END $u_id = 19  
[2024-11-02 20:55:11] Act:.INFO: auth_customer_findrec END  
[2024-11-02 20:55:11] Act:.INFO: get_three_month START  
[2024-11-02 20:55:11] Act:.INFO: get_three_month END  
[2024-11-02 20:55:11] Act:.INFO: topclient index END $user->name = 中村 隆太  
[2024-11-02 20:55:21] Act:.INFO: client postUpload  START  
[2024-11-02 20:55:21] Act:.INFO: client postUpload_info  START  
[2024-11-02 20:55:21] Act:.INFO: auth_user_info START  
[2024-11-02 20:55:21] Act:.INFO: auth_user_info END  
[2024-11-02 20:55:21] Act:.INFO: auth_user_foldername START  
[2024-11-02 20:55:21] Act:.INFO: auth_user_foldername END  
[2024-11-02 20:55:21] Act:.INFO: client postUpload_info $compacts[customer_id]  = 19  
[2024-11-02 20:55:21] Act:.INFO: client json_put_info_set  START  
[2024-11-02 20:55:21] Act:.INFO: client json_put_info_set  END  
[2024-11-02 20:55:21] Act:.INFO: client postUpload_info  END  
[2024-11-02 20:55:21] Act:.INFO: client postUpload not empty  
[2024-11-02 20:55:21] Act:.INFO: client json_get_info  START  
[2024-11-02 20:55:21] Act:.INFO: client json_get_info not empty  
[2024-11-02 20:55:21] Act:.INFO: client json_get_info  END  
[2024-11-02 20:55:21] Act:.INFO: client postUpload  START  
[2024-11-02 20:55:21] Act:.INFO: client postUpload_info  START  
[2024-11-02 20:55:21] Act:.INFO: client postUpload  $fileName = 法人税関係.xlsx  
[2024-11-02 20:55:21] Act:.INFO: auth_user_info START  
[2024-11-02 20:55:21] Act:.INFO: beginTransaction - client postUpload saveFile start  
[2024-11-02 20:55:21] Act:.INFO: auth_user_info END  
[2024-11-02 20:55:21] Act:.INFO: auth_user_foldername START  
[2024-11-02 20:55:21] Act:.INFO: auth_user_foldername END  
[2024-11-02 20:55:21] Act:.INFO: client postUpload_info $compacts[customer_id]  = 19  
[2024-11-02 20:55:21] Act:.INFO: client json_put_info_set  START  
[2024-11-02 20:55:21] Act:.INFO: client json_put_info_set  END  
[2024-11-02 20:55:21] Act:.INFO: client postUpload_info  END  
[2024-11-02 20:55:21] Act:.INFO: client postUpload not empty  
[2024-11-02 20:55:21] Act:.INFO: client json_get_info  START  
[2024-11-02 20:55:21] Act:.INFO: client json_get_info not empty  
[2024-11-02 20:55:21] Act:.INFO: client json_get_info  END  
[2024-11-02 20:55:21] Act:.INFO: client postUpload  $fileName = 消費税関係1102.xlsx  
[2024-11-02 20:55:21] Act:.INFO: beginTransaction - client postUpload saveFile start  
[2024-11-02 20:55:21] Act:.INFO: beginTransaction - client postUpload saveFile end(commit)  
[2024-11-02 20:55:21] Act:.INFO: client json_put_status  START  
[2024-11-02 20:55:21] Act:.INFO: client json_put_status  END  
[2024-11-02 20:55:21] Act:.INFO: client postUpload  END  
[2024-11-02 20:55:21] Act:.INFO: beginTransaction - client postUpload saveFile end(commit)  
[2024-11-02 20:55:21] Act:.INFO: client json_put_status  START  
[2024-11-02 20:55:21] Act:.INFO: client json_put_status  END  
[2024-11-02 20:55:21] Act:.INFO: client postUpload  END  
[2024-11-02 20:55:21] Act:.INFO: client postUpload  START  
[2024-11-02 20:55:21] Act:.INFO: client postUpload_info  START  
[2024-11-02 20:55:21] Act:.INFO: client postUpload  START  
[2024-11-02 20:55:21] Act:.INFO: auth_user_info START  
[2024-11-02 20:55:21] Act:.INFO: client postUpload_info  START  
[2024-11-02 20:55:21] Act:.INFO: auth_user_info START  
[2024-11-02 20:55:21] Act:.INFO: auth_user_info END  
[2024-11-02 20:55:21] Act:.INFO: auth_user_foldername START  
[2024-11-02 20:55:21] Act:.INFO: auth_user_info END  
[2024-11-02 20:55:21] Act:.INFO: auth_user_foldername START  
[2024-11-02 20:55:21] Act:.INFO: auth_user_foldername END  
[2024-11-02 20:55:21] Act:.INFO: client postUpload_info $compacts[customer_id]  = 19  
[2024-11-02 20:55:21] Act:.INFO: auth_user_foldername END  
[2024-11-02 20:55:21] Act:.INFO: client json_put_info_set  START  
[2024-11-02 20:55:21] Act:.INFO: client postUpload_info $compacts[customer_id]  = 19  
[2024-11-02 20:55:21] Act:.INFO: client json_put_info_set  END  
[2024-11-02 20:55:21] Act:.INFO: client json_put_info_set  START  
[2024-11-02 20:55:21] Act:.INFO: client postUpload_info  END  
[2024-11-02 20:55:21] Act:.INFO: client postUpload not empty  
[2024-11-02 20:55:21] Act:.INFO: client json_put_info_set  END  
[2024-11-02 20:55:21] Act:.INFO: client json_get_info  START  
[2024-11-02 20:55:21] Act:.INFO: client postUpload_info  END  
[2024-11-02 20:55:21] Act:.INFO: client json_get_info not empty  
[2024-11-02 20:55:21] Act:.INFO: client postUpload not empty  
[2024-11-02 20:55:21] Act:.INFO: client json_get_info  END  
[2024-11-02 20:55:21] Act:.INFO: client json_get_info  START  
[2024-11-02 20:55:21] Act:.INFO: client json_get_info not empty  
[2024-11-02 20:55:21] Act:.INFO: client json_get_info  END  
[2024-11-02 20:55:21] Act:.INFO: client postUpload  $fileName = 消費税関係1103.xlsx  
[2024-11-02 20:55:21] Act:.INFO: client postUpload  $fileName = テキストドキュメント.txt  
[2024-11-02 20:55:21] Act:.INFO: beginTransaction - client postUpload saveFile start  
[2024-11-02 20:55:21] Act:.INFO: beginTransaction - client postUpload saveFile start  
[2024-11-02 20:55:21] Act:.INFO: beginTransaction - client postUpload saveFile end(commit)  
[2024-11-02 20:55:21] Act:.INFO: client json_put_status  START  
[2024-11-02 20:55:21] Act:.INFO: client json_put_status  END  
[2024-11-02 20:55:21] Act:.INFO: client postUpload  END  
[2024-11-02 20:55:21] Act:.INFO: beginTransaction - client postUpload saveFile end(commit)  
[2024-11-02 20:55:21] Act:.INFO: client json_put_status  START  
[2024-11-02 20:55:21] Act:.INFO: client json_put_status  END  
[2024-11-02 20:55:21] Act:.INFO: client postUpload  END  
[2024-11-02 20:55:31] Act:.INFO: transhistory index START  
[2024-11-02 20:55:31] Act:.INFO: auth_user_info START  
[2024-11-02 20:55:31] Act:.INFO: auth_user_info END  
[2024-11-02 20:55:31] Act:.INFO: auth_customer_findrec START  
[2024-11-02 20:55:31] Act:.INFO: auth_customer_findrec START $u_id = 19  
[2024-11-02 20:55:31] Act:.INFO: auth_customer_findrec END $u_id = 19  
[2024-11-02 20:55:31] Act:.INFO: auth_customer_findrec END  
[2024-11-02 20:55:31] Act:.INFO: transhistory index END  
[2024-11-02 20:55:38] Act:.INFO: uploaduser index START  
[2024-11-02 20:55:38] Act:.INFO: auth_user_organization START  
[2024-11-02 20:55:38] Act:.INFO: auth_user_organization END  
[2024-11-02 20:55:38] Act:.INFO: auth_customer_all START  
[2024-11-02 20:55:38] Act:.INFO: auth_customer_all END  
[2024-11-02 20:55:38] Act:.INFO: uploaduser index END  
[2024-11-02 20:55:44] Act:.INFO: filemng post START  
[2024-11-02 20:55:44] Act:.INFO: auth_user_info START  
[2024-11-02 20:55:44] Act:.INFO: auth_user_info END  
[2024-11-02 20:55:44] Act:.INFO: filemng post $customer_id = 19  
[2024-11-02 20:55:44] Act:.INFO: filemng post END  
[2024-11-02 20:55:44] Act:.INFO: filemng index START  
[2024-11-02 20:55:44] Act:.INFO: auth_user_info START  
[2024-11-02 20:55:44] Act:.INFO: auth_user_info END  
[2024-11-02 20:55:44] Act:.INFO: filemng index $customer_id = 19  
[2024-11-02 20:55:44] Act:.INFO: auth_user_foldername START  
[2024-11-02 20:55:44] Act:.INFO: auth_user_foldername END  
[2024-11-02 20:55:44] Act:.INFO: filemng index END  
[2024-11-02 20:55:50] Act:.INFO: uploaduser index START  
[2024-11-02 20:55:50] Act:.INFO: auth_user_organization START  
[2024-11-02 20:55:50] Act:.INFO: auth_user_organization END  
[2024-11-02 20:55:50] Act:.INFO: auth_customer_all START  
[2024-11-02 20:55:50] Act:.INFO: auth_customer_all END  
[2024-11-02 20:55:50] Act:.INFO: uploaduser index END  
[2024-11-02 20:55:55] Act:.INFO: update_api Uploaduser START  
[2024-11-02 20:55:55] Act:.INFO: update_api Uploaduser beginTransaction - start  
[2024-11-02 20:55:55] Act:.INFO: update_api Uploaduser beginTransaction - end  
[2024-11-02 20:55:55] Act:.INFO: update_api Uploaduser END  
[2024-11-02 20:56:00] Act:.INFO: uploaduser index START  
[2024-11-02 20:56:00] Act:.INFO: auth_user_organization START  
[2024-11-02 20:56:00] Act:.INFO: auth_user_organization END  
[2024-11-02 20:56:00] Act:.INFO: auth_customer_all START  
[2024-11-02 20:56:00] Act:.INFO: auth_customer_all END  
[2024-11-02 20:56:00] Act:.INFO: uploaduser index END  
[2024-11-02 20:56:17] Act:.INFO: auth_user_info START  
[2024-11-02 20:56:17] Act:.INFO: auth_user_info END  
[2024-11-02 20:56:17] Act:.INFO: topclient index START $user->name = 中村 隆太  
[2024-11-02 20:56:17] Act:.INFO: auth_customer_findrec START  
[2024-11-02 20:56:17] Act:.INFO: auth_customer_findrec START $u_id = 19  
[2024-11-02 20:56:17] Act:.INFO: auth_customer_findrec END $u_id = 19  
[2024-11-02 20:56:17] Act:.INFO: auth_customer_findrec END  
[2024-11-02 20:56:17] Act:.INFO: get_three_month START  
[2024-11-02 20:56:17] Act:.INFO: get_three_month END  
[2024-11-02 20:56:17] Act:.INFO: topclient index END $user->name = 中村 隆太  
[2024-11-02 20:56:34] Act:.INFO: invoicehistory index START  
[2024-11-02 20:56:34] Act:.INFO: auth_user_info START  
[2024-11-02 20:56:34] Act:.INFO: auth_user_info END  
[2024-11-02 20:56:34] Act:.INFO: auth_customer_findrec START  
[2024-11-02 20:56:34] Act:.INFO: auth_customer_findrec START $u_id = 19  
[2024-11-02 20:56:34] Act:.INFO: auth_customer_findrec END $u_id = 19  
[2024-11-02 20:56:34] Act:.INFO: auth_customer_findrec END  
[2024-11-02 20:56:34] Act:.INFO: invoicehistory index END  
[2024-11-02 20:56:58] Act:.INFO: auth logout redirectTo user = stdClass Object
(
    [id] => 19
    [name] => 中村 隆太
    [email] => user19@gmail.com
    [email_verified_at] => 
    [organization_id] => 1
    [user_id] => 19
    [login_flg] => 1
    [admin_flg] => 1
    [created_at] => 2023-09-29T01:00:00.000000Z
    [updated_at] => 2023-09-29T01:00:00.000000Z
    [deleted_at] => 
)
  
[2024-11-02 20:56:58] Act:.INFO: loginout operation update START  
[2024-11-02 20:56:58] Act:.INFO: beginTransaction - loginout operation update start  
[2024-11-02 20:56:58] Act:.INFO: beginTransaction - loginout operation update end(commit)  
[2024-11-02 20:56:58] Act:.INFO: loginout operation update END  
[2024-11-02 20:58:22] Act:.INFO: auth logout redirectTo user = stdClass Object
(
    [id] => 1
    [name] => 新冨泰明
    [email] => shintomi.sh@gmail.com
    [email_verified_at] => 
    [organization_id] => 0
    [user_id] => 1
    [login_flg] => 2
    [admin_flg] => 2
    [created_at] => 2022-10-20T12:00:00.000000Z
    [updated_at] => 2022-10-20T12:00:00.000000Z
    [deleted_at] => 
)
  
[2024-11-02 20:58:22] Act:.INFO: loginout operation update START  
[2024-11-02 20:58:22] Act:.INFO: loginout operation update $id < 10 END  
