[2024-06-18 08:31:08] Act:.INFO: auth_user_info START  
[2024-06-18 08:31:08] Act:.INFO: auth_user_info END  
[2024-06-18 08:31:08] Act:.INFO: auth login redirectTo user = stdClass Object
(
    [id] => 12
    [name] => 山本 美咲
    [email] => user12@gmail.com
    [email_verified_at] => 
    [organization_id] => 1
    [user_id] => 3
    [login_flg] => 1
    [admin_flg] => 1
    [created_at] => 2023-09-29T01:00:00.000000Z
    [updated_at] => 2023-09-29T01:00:00.000000Z
    [deleted_at] => 
)
  
[2024-06-18 08:31:08] Act:.INFO: loginout operation update START  
[2024-06-18 08:31:08] Act:.INFO: beginTransaction - loginout operation update start  
[2024-06-18 08:31:08] Act:.INFO: beginTransaction - loginout operation update end(commit)  
[2024-06-18 08:31:08] Act:.INFO: loginout operation update END  
[2024-06-18 08:31:08] Act:.INFO: auth_user_info START  
[2024-06-18 08:31:08] Act:.INFO: auth_user_info END  
[2024-06-18 08:31:08] Act:.INFO: topclient index START $user->name = 山本 美咲  
[2024-06-18 08:31:08] Act:.INFO: auth_customer_findrec START  
[2024-06-18 08:31:08] Act:.INFO: auth_customer_findrec START $u_id = 12  
[2024-06-18 08:31:08] Act:.INFO: auth_customer_findrec END $u_id = 12  
[2024-06-18 08:31:08] Act:.INFO: auth_customer_findrec END  
[2024-06-18 08:31:08] Act:.INFO: get_three_month START  
[2024-06-18 08:31:08] Act:.INFO: get_three_month END  
[2024-06-18 08:31:08] Act:.INFO: topclient index END $user->name = 山本 美咲  
[2024-06-18 09:48:34] Act:.INFO: auth logout redirectTo user = stdClass Object
(
    [id] => 12
    [name] => 山本 美咲
    [email] => user12@gmail.com
    [email_verified_at] => 
    [organization_id] => 1
    [user_id] => 3
    [login_flg] => 1
    [admin_flg] => 1
    [created_at] => 2023-09-29T01:00:00.000000Z
    [updated_at] => 2023-09-29T01:00:00.000000Z
    [deleted_at] => 
)
  
[2024-06-18 09:48:34] Act:.INFO: loginout operation update START  
[2024-06-18 09:48:34] Act:.INFO: beginTransaction - loginout operation update start  
[2024-06-18 09:48:34] Act:.INFO: beginTransaction - loginout operation update end(commit)  
[2024-06-18 09:48:34] Act:.INFO: loginout operation update END  
[2024-06-18 09:48:45] Act:.INFO: auth_user_info START  
[2024-06-18 09:48:45] Act:.INFO: auth_user_info END  
[2024-06-18 09:48:45] Act:.INFO: auth login redirectTo user = stdClass Object
(
    [id] => 1
    [name] => 新冨泰明
    [email] => shintomi.sh@gmail.com
    [email_verified_at] => 
    [organization_id] => 0
    [user_id] => 1
    [login_flg] => 2
    [admin_flg] => 2
    [created_at] => 2022-10-20T12:00:00.000000Z
    [updated_at] => 2022-10-20T12:00:00.000000Z
    [deleted_at] => 
)
  
[2024-06-18 09:48:45] Act:.INFO: loginout operation update START  
[2024-06-18 09:48:45] Act:.INFO: loginout operation update $id < 10 END  
[2024-06-18 09:48:45] Act:.INFO: auth_user_info START  
[2024-06-18 09:48:45] Act:.INFO: auth_user_info END  
[2024-06-18 09:48:45] Act:.INFO: office top index START $user->name = 新冨泰明  
[2024-06-18 09:48:45] Act:.INFO: auth_user_organization START  
[2024-06-18 09:48:45] Act:.INFO: auth_user_organization END  
[2024-06-18 09:48:45] Act:.INFO: office top index END $user->name = 新冨泰明  
[2024-06-18 09:48:58] Act:.INFO: user index START  
[2024-06-18 09:48:58] Act:.INFO: auth_user_organization START  
[2024-06-18 09:48:58] Act:.INFO: auth_user_organization END  
[2024-06-18 09:48:58] Act:.INFO: user index END  
[2024-06-18 09:49:40] Act:.INFO: auth logout redirectTo user = stdClass Object
(
    [id] => 1
    [name] => 新冨泰明
    [email] => shintomi.sh@gmail.com
    [email_verified_at] => 
    [organization_id] => 0
    [user_id] => 1
    [login_flg] => 2
    [admin_flg] => 2
    [created_at] => 2022-10-20T12:00:00.000000Z
    [updated_at] => 2022-10-20T12:00:00.000000Z
    [deleted_at] => 
)
  
[2024-06-18 09:49:40] Act:.INFO: loginout operation update START  
[2024-06-18 09:49:40] Act:.INFO: loginout operation update $id < 10 END  
[2024-06-18 09:49:50] Act:.INFO: auth_user_info START  
[2024-06-18 09:49:50] Act:.INFO: auth_user_info END  
[2024-06-18 09:49:50] Act:.INFO: auth login redirectTo user = stdClass Object
(
    [id] => 12
    [name] => 山本 美咲
    [email] => user12@gmail.com
    [email_verified_at] => 
    [organization_id] => 1
    [user_id] => 3
    [login_flg] => 1
    [admin_flg] => 1
    [created_at] => 2023-09-29T01:00:00.000000Z
    [updated_at] => 2023-09-29T01:00:00.000000Z
    [deleted_at] => 
)
  
[2024-06-18 09:49:50] Act:.INFO: loginout operation update START  
[2024-06-18 09:49:50] Act:.INFO: beginTransaction - loginout operation update start  
[2024-06-18 09:49:50] Act:.INFO: beginTransaction - loginout operation update end(commit)  
[2024-06-18 09:49:50] Act:.INFO: loginout operation update END  
[2024-06-18 09:49:50] Act:.INFO: auth_user_info START  
[2024-06-18 09:49:50] Act:.INFO: auth_user_info END  
[2024-06-18 09:49:50] Act:.INFO: topclient index START $user->name = 山本 美咲  
[2024-06-18 09:49:50] Act:.INFO: auth_customer_findrec START  
[2024-06-18 09:49:50] Act:.INFO: auth_customer_findrec START $u_id = 12  
[2024-06-18 09:49:50] Act:.INFO: auth_customer_findrec END $u_id = 12  
[2024-06-18 09:49:50] Act:.INFO: auth_customer_findrec END  
[2024-06-18 09:49:50] Act:.INFO: get_three_month START  
[2024-06-18 09:49:50] Act:.INFO: get_three_month END  
[2024-06-18 09:49:50] Act:.INFO: topclient index END $user->name = 山本 美咲  
[2024-06-18 09:50:00] Act:.INFO: transhistory index START  
[2024-06-18 09:50:00] Act:.INFO: auth_user_info START  
[2024-06-18 09:50:00] Act:.INFO: auth_user_info END  
[2024-06-18 09:50:00] Act:.INFO: auth_customer_findrec START  
[2024-06-18 09:50:00] Act:.INFO: auth_customer_findrec START $u_id = 12  
[2024-06-18 09:50:00] Act:.INFO: auth_customer_findrec END $u_id = 12  
[2024-06-18 09:50:00] Act:.INFO: auth_customer_findrec END  
[2024-06-18 09:50:00] Act:.INFO: transhistory index END  
[2024-06-18 13:56:07] Act:.INFO: auth_user_info START  
[2024-06-18 13:56:07] Act:.INFO: auth_user_info END  
[2024-06-18 13:56:07] Act:.INFO: auth login redirectTo user = stdClass Object
(
    [id] => 12
    [name] => 山本 美咲
    [email] => user12@gmail.com
    [email_verified_at] => 
    [organization_id] => 1
    [user_id] => 3
    [login_flg] => 1
    [admin_flg] => 1
    [created_at] => 2023-09-29T01:00:00.000000Z
    [updated_at] => 2023-09-29T01:00:00.000000Z
    [deleted_at] => 
)
  
[2024-06-18 13:56:07] Act:.INFO: loginout operation update START  
[2024-06-18 13:56:07] Act:.INFO: beginTransaction - loginout operation update start  
[2024-06-18 13:56:07] Act:.INFO: beginTransaction - loginout operation update end(commit)  
[2024-06-18 13:56:07] Act:.INFO: loginout operation update END  
[2024-06-18 13:56:07] Act:.INFO: invoicehistory index START  
[2024-06-18 13:56:07] Act:.INFO: auth_user_info START  
[2024-06-18 13:56:07] Act:.INFO: auth_user_info END  
[2024-06-18 13:56:07] Act:.INFO: auth_customer_findrec START  
[2024-06-18 13:56:07] Act:.INFO: auth_customer_findrec START $u_id = 12  
[2024-06-18 13:56:07] Act:.INFO: auth_customer_findrec END $u_id = 12  
[2024-06-18 13:56:07] Act:.INFO: auth_customer_findrec END  
[2024-06-18 13:56:07] Act:.INFO: invoicehistory index END  
