[2023-03-18 09:12:52] Act:.INFO: auth_user_info START  
[2023-03-18 09:12:52] Act:.INFO: auth_user_info END  
[2023-03-18 09:12:52] Act:.INFO: auth login redirectTo user = stdClass Object
(
    [id] => 11
    [name] => ユーザー１１
    [email] => user11@gmail.com
    [email_verified_at] => 
    [organization_id] => 1
    [user_id] => 2
    [login_flg] => 1
    [admin_flg] => 1
    [created_at] => 2022-10-20T03:00:00.000000Z
    [updated_at] => 2022-10-20T03:00:00.000000Z
    [deleted_at] => 
)
  
[2023-03-18 09:12:54] Act:.INFO: auth_user_info START  
[2023-03-18 09:12:54] Act:.INFO: auth_user_info END  
[2023-03-18 09:12:54] Act:.INFO: topclient index START $user->name = ユーザー１１  
[2023-03-18 09:12:54] Act:.INFO: auth_customer_findrec START  
[2023-03-18 09:12:54] Act:.INFO: auth_customer_findrec START $u_id = 11  
[2023-03-18 09:12:55] Act:.INFO: auth_customer_findrec END $u_id = 11  
[2023-03-18 09:12:55] Act:.INFO: auth_customer_findrec END  
[2023-03-18 09:12:55] Act:.INFO: get_three_month START  
[2023-03-18 09:12:55] Act:.INFO: get_three_month END  
[2023-03-18 09:12:55] Act:.INFO: topclient index END $user->name = ユーザー１１  
[2023-03-18 09:13:01] Act:.INFO: ChatClientController index START  
[2023-03-18 09:13:01] Act:.INFO: auth_user_info START  
[2023-03-18 09:13:01] Act:.INFO: auth_user_info END  
[2023-03-18 09:13:01] Act:.INFO: auth_customer_findrec START  
[2023-03-18 09:13:01] Act:.INFO: auth_customer_findrec START $u_id = 11  
[2023-03-18 09:13:01] Act:.INFO: auth_customer_findrec END $u_id = 11  
[2023-03-18 09:13:01] Act:.INFO: auth_customer_findrec END  
[2023-03-18 09:13:02] Act:.INFO: auth_customer_findrec START  
[2023-03-18 09:13:02] Act:.INFO: auth_customer_findrec START $u_id = 11  
[2023-03-18 09:13:02] Act:.INFO: auth_customer_findrec END $u_id = 11  
[2023-03-18 09:13:02] Act:.INFO: auth_customer_findrec END  
[2023-03-18 09:13:02] Act:.INFO: ChatClientController index END  
[2023-03-18 09:13:05] Act:.INFO: Ajax ChatClientController index START  
[2023-03-18 09:13:05] Act:.INFO: auth_user_info START  
[2023-03-18 09:13:05] Act:.INFO: auth_user_info END  
[2023-03-18 09:13:05] Act:.DEBUG: Ajax ChatClientController index  $user_id = 11  
[2023-03-18 09:13:05] Act:.INFO: Ajax ChatClientController index END  
[2023-03-18 09:14:19] Act:.INFO: ChatClientController index START  
[2023-03-18 09:14:19] Act:.INFO: auth_user_info START  
[2023-03-18 09:14:19] Act:.INFO: auth_user_info END  
[2023-03-18 09:14:19] Act:.INFO: auth_customer_findrec START  
[2023-03-18 09:14:19] Act:.INFO: auth_customer_findrec START $u_id = 11  
[2023-03-18 09:14:20] Act:.INFO: auth_customer_findrec END $u_id = 11  
[2023-03-18 09:14:20] Act:.INFO: auth_customer_findrec END  
[2023-03-18 09:14:20] Act:.INFO: auth_customer_findrec START  
[2023-03-18 09:14:20] Act:.INFO: auth_customer_findrec START $u_id = 11  
[2023-03-18 09:14:20] Act:.INFO: auth_customer_findrec END $u_id = 11  
[2023-03-18 09:14:20] Act:.INFO: auth_customer_findrec END  
[2023-03-18 09:14:20] Act:.INFO: ChatClientController index END  
[2023-03-18 09:14:23] Act:.INFO: Ajax ChatClientController index START  
[2023-03-18 09:14:23] Act:.INFO: auth_user_info START  
[2023-03-18 09:14:23] Act:.INFO: auth_user_info END  
[2023-03-18 09:14:23] Act:.DEBUG: Ajax ChatClientController index  $user_id = 11  
[2023-03-18 09:14:23] Act:.INFO: Ajax ChatClientController index END  
[2023-03-18 09:24:58] Act:.INFO: ChatClientController index START  
[2023-03-18 09:24:58] Act:.INFO: auth_user_info START  
[2023-03-18 09:24:58] Act:.INFO: auth_user_info END  
[2023-03-18 09:24:58] Act:.INFO: auth_customer_findrec START  
[2023-03-18 09:24:58] Act:.INFO: auth_customer_findrec START $u_id = 11  
[2023-03-18 09:24:59] Act:.INFO: auth_customer_findrec END $u_id = 11  
[2023-03-18 09:24:59] Act:.INFO: auth_customer_findrec END  
[2023-03-18 09:24:59] Act:.INFO: auth_customer_findrec START  
[2023-03-18 09:24:59] Act:.INFO: auth_customer_findrec START $u_id = 11  
[2023-03-18 09:24:59] Act:.INFO: auth_customer_findrec END $u_id = 11  
[2023-03-18 09:24:59] Act:.INFO: auth_customer_findrec END  
[2023-03-18 09:24:59] Act:.INFO: ChatClientController index END  
[2023-03-18 09:25:02] Act:.INFO: Ajax ChatClientController index START  
[2023-03-18 09:25:02] Act:.INFO: auth_user_info START  
[2023-03-18 09:25:02] Act:.INFO: auth_user_info END  
[2023-03-18 09:25:02] Act:.DEBUG: Ajax ChatClientController index  $user_id = 11  
[2023-03-18 09:25:02] Act:.INFO: Ajax ChatClientController index END  
[2023-03-18 09:35:55] Act:.INFO: ChatClientController index START  
[2023-03-18 09:35:55] Act:.INFO: auth_user_info START  
[2023-03-18 09:35:55] Act:.INFO: auth_user_info END  
[2023-03-18 09:35:55] Act:.INFO: auth_customer_findrec START  
[2023-03-18 09:35:55] Act:.INFO: auth_customer_findrec START $u_id = 11  
[2023-03-18 09:35:56] Act:.INFO: auth_customer_findrec END $u_id = 11  
[2023-03-18 09:35:56] Act:.INFO: auth_customer_findrec END  
[2023-03-18 09:35:56] Act:.INFO: ChatClientController index END  
[2023-03-18 09:35:58] Act:.INFO: Ajax ChatClientController index START  
[2023-03-18 09:35:58] Act:.INFO: auth_user_info START  
[2023-03-18 09:35:59] Act:.INFO: auth_user_info END  
[2023-03-18 09:35:59] Act:.DEBUG: Ajax ChatClientController index  $user_id = 11  
[2023-03-18 09:35:59] Act:.INFO: Ajax ChatClientController index END  
[2023-03-18 09:36:04] Act:.INFO: ChatClientController serch START  
[2023-03-18 09:36:04] Act:.INFO: auth_user_info START  
[2023-03-18 09:36:05] Act:.INFO: auth_user_info END  
[2023-03-18 09:36:05] Act:.INFO: auth_customer_findrec START  
[2023-03-18 09:36:05] Act:.INFO: auth_customer_findrec START $u_id = 11  
[2023-03-18 09:36:05] Act:.INFO: auth_customer_findrec END $u_id = 11  
[2023-03-18 09:36:05] Act:.INFO: auth_customer_findrec END  
[2023-03-18 09:36:05] Act:.INFO: ChatClientController serch END  
[2023-03-18 09:36:07] Act:.INFO: Ajax ChatClientController index START  
[2023-03-18 09:36:07] Act:.INFO: auth_user_info START  
[2023-03-18 09:36:08] Act:.INFO: auth_user_info END  
[2023-03-18 09:36:08] Act:.DEBUG: Ajax ChatClientController index  $user_id = 11  
[2023-03-18 09:36:08] Act:.INFO: Ajax ChatClientController index END  
[2023-03-18 10:01:39] Act:.INFO: auth logout redirectTo user = stdClass Object
(
    [id] => 11
    [name] => ユーザー１１
    [email] => user11@gmail.com
    [email_verified_at] => 
    [organization_id] => 1
    [user_id] => 2
    [login_flg] => 1
    [admin_flg] => 1
    [created_at] => 2022-10-20T03:00:00.000000Z
    [updated_at] => 2022-10-20T03:00:00.000000Z
    [deleted_at] => 
)
  
