[2023-03-17 20:19:46] Act:.INFO: auth_user_info START  
[2023-03-17 20:19:46] Act:.INFO: auth_user_info END  
[2023-03-17 20:19:46] Act:.INFO: auth login redirectTo user = stdClass Object
(
    [id] => 11
    [name] => ユーザー１１
    [email] => user11@gmail.com
    [email_verified_at] => 
    [organization_id] => 1
    [user_id] => 2
    [login_flg] => 1
    [admin_flg] => 1
    [created_at] => 2022-10-20T03:00:00.000000Z
    [updated_at] => 2022-10-20T03:00:00.000000Z
    [deleted_at] => 
)
  
[2023-03-17 20:19:49] Act:.INFO: auth_user_info START  
[2023-03-17 20:19:49] Act:.INFO: auth_user_info END  
[2023-03-17 20:19:49] Act:.INFO: topclient index START $user->name = ユーザー１１  
[2023-03-17 20:19:49] Act:.INFO: auth_customer_findrec START  
[2023-03-17 20:19:49] Act:.INFO: auth_customer_findrec START $u_id = 11  
[2023-03-17 20:19:49] Act:.INFO: auth_customer_findrec END $u_id = 11  
[2023-03-17 20:19:49] Act:.INFO: auth_customer_findrec END  
[2023-03-17 20:19:49] Act:.INFO: get_three_month START  
[2023-03-17 20:19:49] Act:.INFO: get_three_month END  
[2023-03-17 20:19:49] Act:.INFO: topclient index END $user->name = ユーザー１１  
[2023-03-17 20:19:57] Act:.INFO: ChatClientController index START  
[2023-03-17 20:19:57] Act:.INFO: auth_user_info START  
[2023-03-17 20:19:57] Act:.INFO: auth_user_info END  
[2023-03-17 20:19:58] Act:.INFO: auth_customer_findrec START  
[2023-03-17 20:19:58] Act:.INFO: auth_customer_findrec START $u_id = 11  
[2023-03-17 20:19:58] Act:.INFO: auth_customer_findrec END $u_id = 11  
[2023-03-17 20:19:58] Act:.INFO: auth_customer_findrec END  
[2023-03-17 20:19:58] Act:.INFO: auth_customer_findrec START  
[2023-03-17 20:19:58] Act:.INFO: auth_customer_findrec START $u_id = 11  
[2023-03-17 20:19:59] Act:.INFO: auth_customer_findrec END $u_id = 11  
[2023-03-17 20:19:59] Act:.INFO: auth_customer_findrec END  
[2023-03-17 20:19:59] Act:.INFO: ChatClientController index END  
[2023-03-17 20:20:05] Act:.INFO: Ajax ChatClientController index START  
[2023-03-17 20:20:05] Act:.INFO: auth_user_info START  
[2023-03-17 20:20:05] Act:.INFO: auth_user_info END  
[2023-03-17 20:20:05] Act:.DEBUG: Ajax ChatClientController index  $user_id = 11  
[2023-03-17 20:20:05] Act:.INFO: Ajax ChatClientController index END  
[2023-03-17 20:21:02] Act:.INFO: Ajax ChatClientController create START  
[2023-03-17 20:21:02] Act:.INFO: auth_customer_findrec START  
[2023-03-17 20:21:02] Act:.INFO: auth_customer_findrec START $u_id = 11  
[2023-03-17 20:21:02] Act:.INFO: auth_customer_findrec END $u_id = 11  
[2023-03-17 20:21:02] Act:.INFO: auth_customer_findrec END  
[2023-03-17 20:21:02] Act:.INFO: Ajax ChatClientController create END  
[2023-03-17 20:21:06] Act:.INFO: Ajax ChatClientController index START  
[2023-03-17 20:21:06] Act:.INFO: auth_user_info START  
[2023-03-17 20:21:07] Act:.INFO: auth_user_info END  
[2023-03-17 20:21:07] Act:.DEBUG: Ajax ChatClientController index  $user_id = 11  
[2023-03-17 20:21:07] Act:.INFO: Ajax ChatClientController index END  
[2023-03-17 20:22:49] Act:.INFO: auth logout redirectTo user = stdClass Object
(
    [id] => 11
    [name] => ユーザー１１
    [email] => user11@gmail.com
    [email_verified_at] => 
    [organization_id] => 1
    [user_id] => 2
    [login_flg] => 1
    [admin_flg] => 1
    [created_at] => 2022-10-20T03:00:00.000000Z
    [updated_at] => 2022-10-20T03:00:00.000000Z
    [deleted_at] => 
)
  
