[2023-03-12 22:34:31] Act:.ERROR: Class "Kyslik\ColumnSortable\ColumnSortableServiceProvider" not found {"exception":"[object] (Error(code: 0): Class \"Kyslik\\ColumnSortable\\ColumnSortableServiceProvider\" not found at /var/www/html/vendor/laravel/framework/src/Illuminate/Foundation/ProviderRepository.php:206)
[stacktrace]
#0 /var/www/html/vendor/laravel/framework/src/Illuminate/Foundation/ProviderRepository.php(142): Illuminate\\Foundation\\ProviderRepository->createProvider()
#1 /var/www/html/vendor/laravel/framework/src/Illuminate/Foundation/ProviderRepository.php(61): Illuminate\\Foundation\\ProviderRepository->compileManifest()
#2 /var/www/html/vendor/laravel/framework/src/Illuminate/Foundation/Application.php(741): Illuminate\\Foundation\\ProviderRepository->load()
#3 /var/www/html/vendor/laravel/framework/src/Illuminate/Foundation/Bootstrap/RegisterProviders.php(17): Illuminate\\Foundation\\Application->registerConfiguredProviders()
#4 /var/www/html/vendor/laravel/framework/src/Illuminate/Foundation/Application.php(261): Illuminate\\Foundation\\Bootstrap\\RegisterProviders->bootstrap()
#5 /var/www/html/vendor/laravel/framework/src/Illuminate/Foundation/Http/Kernel.php(186): Illuminate\\Foundation\\Application->bootstrapWith()
#6 /var/www/html/vendor/laravel/framework/src/Illuminate/Foundation/Http/Kernel.php(170): Illuminate\\Foundation\\Http\\Kernel->bootstrap()
#7 /var/www/html/vendor/laravel/framework/src/Illuminate/Foundation/Http/Kernel.php(144): Illuminate\\Foundation\\Http\\Kernel->sendRequestThroughRouter()
#8 /var/www/html/public/index.php(51): Illuminate\\Foundation\\Http\\Kernel->handle()
#9 /var/www/html/vendor/laravel/framework/src/Illuminate/Foundation/resources/server.php(16): require_once('...')
#10 {main}
"} 
[2023-03-12 22:35:35] Act:.ERROR: Class "Pusher\Pusher" not found {"exception":"[object] (Error(code: 0): Class \"Pusher\\Pusher\" not found at /mnt/d/010_Web開発/100_TaxDemo/act100/vendor/laravel/framework/src/Illuminate/Broadcasting/BroadcastManager.php:295)
[stacktrace]
#0 /mnt/d/010_Web開発/100_TaxDemo/act100/vendor/laravel/framework/src/Illuminate/Broadcasting/BroadcastManager.php(284): Illuminate\\Broadcasting\\BroadcastManager->pusher()
#1 /mnt/d/010_Web開発/100_TaxDemo/act100/vendor/laravel/framework/src/Illuminate/Broadcasting/BroadcastManager.php(262): Illuminate\\Broadcasting\\BroadcastManager->createPusherDriver()
#2 /mnt/d/010_Web開発/100_TaxDemo/act100/vendor/laravel/framework/src/Illuminate/Broadcasting/BroadcastManager.php(233): Illuminate\\Broadcasting\\BroadcastManager->resolve()
#3 /mnt/d/010_Web開発/100_TaxDemo/act100/vendor/laravel/framework/src/Illuminate/Broadcasting/BroadcastManager.php(222): Illuminate\\Broadcasting\\BroadcastManager->get()
#4 /mnt/d/010_Web開発/100_TaxDemo/act100/vendor/laravel/framework/src/Illuminate/Broadcasting/BroadcastManager.php(479): Illuminate\\Broadcasting\\BroadcastManager->driver()
#5 /mnt/d/010_Web開発/100_TaxDemo/act100/vendor/laravel/framework/src/Illuminate/Support/Facades/Facade.php(353): Illuminate\\Broadcasting\\BroadcastManager->__call()
#6 /mnt/d/010_Web開発/100_TaxDemo/act100/routes/channels.php(18): Illuminate\\Support\\Facades\\Facade::__callStatic()
#7 /mnt/d/010_Web開発/100_TaxDemo/act100/app/Providers/BroadcastServiceProvider.php(17): require('...')
#8 /mnt/d/010_Web開発/100_TaxDemo/act100/vendor/laravel/framework/src/Illuminate/Container/BoundMethod.php(36): App\\Providers\\BroadcastServiceProvider->boot()
#9 /mnt/d/010_Web開発/100_TaxDemo/act100/vendor/laravel/framework/src/Illuminate/Container/Util.php(41): Illuminate\\Container\\BoundMethod::Illuminate\\Container\\{closure}()
#10 /mnt/d/010_Web開発/100_TaxDemo/act100/vendor/laravel/framework/src/Illuminate/Container/BoundMethod.php(93): Illuminate\\Container\\Util::unwrapIfClosure()
#11 /mnt/d/010_Web開発/100_TaxDemo/act100/vendor/laravel/framework/src/Illuminate/Container/BoundMethod.php(37): Illuminate\\Container\\BoundMethod::callBoundMethod()
#12 /mnt/d/010_Web開発/100_TaxDemo/act100/vendor/laravel/framework/src/Illuminate/Container/Container.php(661): Illuminate\\Container\\BoundMethod::call()
#13 /mnt/d/010_Web開発/100_TaxDemo/act100/vendor/laravel/framework/src/Illuminate/Foundation/Application.php(1006): Illuminate\\Container\\Container->call()
#14 /mnt/d/010_Web開発/100_TaxDemo/act100/vendor/laravel/framework/src/Illuminate/Foundation/Application.php(987): Illuminate\\Foundation\\Application->bootProvider()
#15 [internal function]: Illuminate\\Foundation\\Application->Illuminate\\Foundation\\{closure}()
#16 /mnt/d/010_Web開発/100_TaxDemo/act100/vendor/laravel/framework/src/Illuminate/Foundation/Application.php(988): array_walk()
#17 /mnt/d/010_Web開発/100_TaxDemo/act100/vendor/laravel/framework/src/Illuminate/Foundation/Bootstrap/BootProviders.php(17): Illuminate\\Foundation\\Application->boot()
#18 /mnt/d/010_Web開発/100_TaxDemo/act100/vendor/laravel/framework/src/Illuminate/Foundation/Application.php(261): Illuminate\\Foundation\\Bootstrap\\BootProviders->bootstrap()
#19 /mnt/d/010_Web開発/100_TaxDemo/act100/vendor/laravel/framework/src/Illuminate/Foundation/Console/Kernel.php(383): Illuminate\\Foundation\\Application->bootstrapWith()
#20 /mnt/d/010_Web開発/100_TaxDemo/act100/vendor/laravel/framework/src/Illuminate/Foundation/Console/Kernel.php(153): Illuminate\\Foundation\\Console\\Kernel->bootstrap()
#21 /mnt/d/010_Web開発/100_TaxDemo/act100/artisan(37): Illuminate\\Foundation\\Console\\Kernel->handle()
#22 {main}
"} 
[2023-03-12 22:40:50] Act:.ERROR: SQLSTATE[42S02]: Base table or view not found: 1146 Table 'act100.sessions' doesn't exist (Connection: mysql, SQL: select * from `sessions` where `id` = BGfskzgl5tsMMVbZQGkAjLv2VOi59qOs7ateRAtx limit 1) {"exception":"[object] (Illuminate\\Database\\QueryException(code: 42S02): SQLSTATE[42S02]: Base table or view not found: 1146 Table 'act100.sessions' doesn't exist (Connection: mysql, SQL: select * from `sessions` where `id` = BGfskzgl5tsMMVbZQGkAjLv2VOi59qOs7ateRAtx limit 1) at /var/www/html/vendor/laravel/framework/src/Illuminate/Database/Connection.php:760)
[stacktrace]
#0 /var/www/html/vendor/laravel/framework/src/Illuminate/Database/Connection.php(720): Illuminate\\Database\\Connection->runQueryCallback()
#1 /var/www/html/vendor/laravel/framework/src/Illuminate/Database/Connection.php(405): Illuminate\\Database\\Connection->run()
#2 /var/www/html/vendor/laravel/framework/src/Illuminate/Database/Query/Builder.php(2718): Illuminate\\Database\\Connection->select()
#3 /var/www/html/vendor/laravel/framework/src/Illuminate/Database/Query/Builder.php(2707): Illuminate\\Database\\Query\\Builder->runSelect()
#4 /var/www/html/vendor/laravel/framework/src/Illuminate/Database/Query/Builder.php(3247): Illuminate\\Database\\Query\\Builder->Illuminate\\Database\\Query\\{closure}()
#5 /var/www/html/vendor/laravel/framework/src/Illuminate/Database/Query/Builder.php(2706): Illuminate\\Database\\Query\\Builder->onceWithColumns()
#6 /var/www/html/vendor/laravel/framework/src/Illuminate/Database/Concerns/BuildsQueries.php(296): Illuminate\\Database\\Query\\Builder->get()
#7 /var/www/html/vendor/laravel/framework/src/Illuminate/Database/Query/Builder.php(2629): Illuminate\\Database\\Query\\Builder->first()
#8 /var/www/html/vendor/laravel/framework/src/Illuminate/Session/DatabaseSessionHandler.php(97): Illuminate\\Database\\Query\\Builder->find()
#9 /var/www/html/vendor/laravel/framework/src/Illuminate/Session/Store.php(113): Illuminate\\Session\\DatabaseSessionHandler->read()
#10 /var/www/html/vendor/laravel/framework/src/Illuminate/Session/Store.php(101): Illuminate\\Session\\Store->readFromHandler()
#11 /var/www/html/vendor/laravel/framework/src/Illuminate/Session/Store.php(85): Illuminate\\Session\\Store->loadSession()
#12 /var/www/html/vendor/laravel/framework/src/Illuminate/Session/Middleware/StartSession.php(147): Illuminate\\Session\\Store->start()
#13 /var/www/html/vendor/laravel/framework/src/Illuminate/Support/helpers.php(306): Illuminate\\Session\\Middleware\\StartSession->Illuminate\\Session\\Middleware\\{closure}()
#14 /var/www/html/vendor/laravel/framework/src/Illuminate/Session/Middleware/StartSession.php(144): tap()
#15 /var/www/html/vendor/laravel/framework/src/Illuminate/Session/Middleware/StartSession.php(116): Illuminate\\Session\\Middleware\\StartSession->startSession()
#16 /var/www/html/vendor/laravel/framework/src/Illuminate/Session/Middleware/StartSession.php(64): Illuminate\\Session\\Middleware\\StartSession->handleStatefulRequest()
#17 /var/www/html/vendor/laravel/framework/src/Illuminate/Pipeline/Pipeline.php(180): Illuminate\\Session\\Middleware\\StartSession->handle()
#18 /var/www/html/vendor/laravel/framework/src/Illuminate/Cookie/Middleware/AddQueuedCookiesToResponse.php(37): Illuminate\\Pipeline\\Pipeline->Illuminate\\Pipeline\\{closure}()
#19 /var/www/html/vendor/laravel/framework/src/Illuminate/Pipeline/Pipeline.php(180): Illuminate\\Cookie\\Middleware\\AddQueuedCookiesToResponse->handle()
#20 /var/www/html/vendor/laravel/framework/src/Illuminate/Cookie/Middleware/EncryptCookies.php(67): Illuminate\\Pipeline\\Pipeline->Illuminate\\Pipeline\\{closure}()
#21 /var/www/html/vendor/laravel/framework/src/Illuminate/Pipeline/Pipeline.php(180): Illuminate\\Cookie\\Middleware\\EncryptCookies->handle()
#22 /var/www/html/vendor/laravel/framework/src/Illuminate/Pipeline/Pipeline.php(116): Illuminate\\Pipeline\\Pipeline->Illuminate\\Pipeline\\{closure}()
#23 /var/www/html/vendor/laravel/framework/src/Illuminate/Routing/Router.php(797): Illuminate\\Pipeline\\Pipeline->then()
#24 /var/www/html/vendor/laravel/framework/src/Illuminate/Routing/Router.php(776): Illuminate\\Routing\\Router->runRouteWithinStack()
#25 /var/www/html/vendor/laravel/framework/src/Illuminate/Routing/Router.php(740): Illuminate\\Routing\\Router->runRoute()
#26 /var/www/html/vendor/laravel/framework/src/Illuminate/Routing/Router.php(729): Illuminate\\Routing\\Router->dispatchToRoute()
#27 /var/www/html/vendor/laravel/framework/src/Illuminate/Foundation/Http/Kernel.php(200): Illuminate\\Routing\\Router->dispatch()
#28 /var/www/html/vendor/laravel/framework/src/Illuminate/Pipeline/Pipeline.php(141): Illuminate\\Foundation\\Http\\Kernel->Illuminate\\Foundation\\Http\\{closure}()
#29 /var/www/html/vendor/barryvdh/laravel-debugbar/src/Middleware/InjectDebugbar.php(66): Illuminate\\Pipeline\\Pipeline->Illuminate\\Pipeline\\{closure}()
#30 /var/www/html/vendor/laravel/framework/src/Illuminate/Pipeline/Pipeline.php(180): Barryvdh\\Debugbar\\Middleware\\InjectDebugbar->handle()
#31 /var/www/html/vendor/laravel/framework/src/Illuminate/Foundation/Http/Middleware/TransformsRequest.php(21): Illuminate\\Pipeline\\Pipeline->Illuminate\\Pipeline\\{closure}()
#32 /var/www/html/vendor/laravel/framework/src/Illuminate/Foundation/Http/Middleware/ConvertEmptyStringsToNull.php(31): Illuminate\\Foundation\\Http\\Middleware\\TransformsRequest->handle()
#33 /var/www/html/vendor/laravel/framework/src/Illuminate/Pipeline/Pipeline.php(180): Illuminate\\Foundation\\Http\\Middleware\\ConvertEmptyStringsToNull->handle()
#34 /var/www/html/vendor/laravel/framework/src/Illuminate/Foundation/Http/Middleware/TransformsRequest.php(21): Illuminate\\Pipeline\\Pipeline->Illuminate\\Pipeline\\{closure}()
#35 /var/www/html/vendor/laravel/framework/src/Illuminate/Foundation/Http/Middleware/TrimStrings.php(40): Illuminate\\Foundation\\Http\\Middleware\\TransformsRequest->handle()
#36 /var/www/html/vendor/laravel/framework/src/Illuminate/Pipeline/Pipeline.php(180): Illuminate\\Foundation\\Http\\Middleware\\TrimStrings->handle()
#37 /var/www/html/vendor/laravel/framework/src/Illuminate/Foundation/Http/Middleware/ValidatePostSize.php(27): Illuminate\\Pipeline\\Pipeline->Illuminate\\Pipeline\\{closure}()
#38 /var/www/html/vendor/laravel/framework/src/Illuminate/Pipeline/Pipeline.php(180): Illuminate\\Foundation\\Http\\Middleware\\ValidatePostSize->handle()
#39 /var/www/html/vendor/laravel/framework/src/Illuminate/Foundation/Http/Middleware/PreventRequestsDuringMaintenance.php(86): Illuminate\\Pipeline\\Pipeline->Illuminate\\Pipeline\\{closure}()
#40 /var/www/html/vendor/laravel/framework/src/Illuminate/Pipeline/Pipeline.php(180): Illuminate\\Foundation\\Http\\Middleware\\PreventRequestsDuringMaintenance->handle()
#41 /var/www/html/vendor/laravel/framework/src/Illuminate/Http/Middleware/HandleCors.php(49): Illuminate\\Pipeline\\Pipeline->Illuminate\\Pipeline\\{closure}()
#42 /var/www/html/vendor/laravel/framework/src/Illuminate/Pipeline/Pipeline.php(180): Illuminate\\Http\\Middleware\\HandleCors->handle()
#43 /var/www/html/vendor/laravel/framework/src/Illuminate/Http/Middleware/TrustProxies.php(39): Illuminate\\Pipeline\\Pipeline->Illuminate\\Pipeline\\{closure}()
#44 /var/www/html/vendor/laravel/framework/src/Illuminate/Pipeline/Pipeline.php(180): Illuminate\\Http\\Middleware\\TrustProxies->handle()
#45 /var/www/html/vendor/laravel/framework/src/Illuminate/Pipeline/Pipeline.php(116): Illuminate\\Pipeline\\Pipeline->Illuminate\\Pipeline\\{closure}()
#46 /var/www/html/vendor/laravel/framework/src/Illuminate/Foundation/Http/Kernel.php(175): Illuminate\\Pipeline\\Pipeline->then()
#47 /var/www/html/vendor/laravel/framework/src/Illuminate/Foundation/Http/Kernel.php(144): Illuminate\\Foundation\\Http\\Kernel->sendRequestThroughRouter()
#48 /var/www/html/public/index.php(51): Illuminate\\Foundation\\Http\\Kernel->handle()
#49 /var/www/html/vendor/laravel/framework/src/Illuminate/Foundation/resources/server.php(16): require_once('...')
#50 {main}

[previous exception] [object] (PDOException(code: 42S02): SQLSTATE[42S02]: Base table or view not found: 1146 Table 'act100.sessions' doesn't exist at /var/www/html/vendor/laravel/framework/src/Illuminate/Database/Connection.php:414)
[stacktrace]
#0 /var/www/html/vendor/laravel/framework/src/Illuminate/Database/Connection.php(414): PDO->prepare()
#1 /var/www/html/vendor/laravel/framework/src/Illuminate/Database/Connection.php(753): Illuminate\\Database\\Connection->Illuminate\\Database\\{closure}()
#2 /var/www/html/vendor/laravel/framework/src/Illuminate/Database/Connection.php(720): Illuminate\\Database\\Connection->runQueryCallback()
#3 /var/www/html/vendor/laravel/framework/src/Illuminate/Database/Connection.php(405): Illuminate\\Database\\Connection->run()
#4 /var/www/html/vendor/laravel/framework/src/Illuminate/Database/Query/Builder.php(2718): Illuminate\\Database\\Connection->select()
#5 /var/www/html/vendor/laravel/framework/src/Illuminate/Database/Query/Builder.php(2707): Illuminate\\Database\\Query\\Builder->runSelect()
#6 /var/www/html/vendor/laravel/framework/src/Illuminate/Database/Query/Builder.php(3247): Illuminate\\Database\\Query\\Builder->Illuminate\\Database\\Query\\{closure}()
#7 /var/www/html/vendor/laravel/framework/src/Illuminate/Database/Query/Builder.php(2706): Illuminate\\Database\\Query\\Builder->onceWithColumns()
#8 /var/www/html/vendor/laravel/framework/src/Illuminate/Database/Concerns/BuildsQueries.php(296): Illuminate\\Database\\Query\\Builder->get()
#9 /var/www/html/vendor/laravel/framework/src/Illuminate/Database/Query/Builder.php(2629): Illuminate\\Database\\Query\\Builder->first()
#10 /var/www/html/vendor/laravel/framework/src/Illuminate/Session/DatabaseSessionHandler.php(97): Illuminate\\Database\\Query\\Builder->find()
#11 /var/www/html/vendor/laravel/framework/src/Illuminate/Session/Store.php(113): Illuminate\\Session\\DatabaseSessionHandler->read()
#12 /var/www/html/vendor/laravel/framework/src/Illuminate/Session/Store.php(101): Illuminate\\Session\\Store->readFromHandler()
#13 /var/www/html/vendor/laravel/framework/src/Illuminate/Session/Store.php(85): Illuminate\\Session\\Store->loadSession()
#14 /var/www/html/vendor/laravel/framework/src/Illuminate/Session/Middleware/StartSession.php(147): Illuminate\\Session\\Store->start()
#15 /var/www/html/vendor/laravel/framework/src/Illuminate/Support/helpers.php(306): Illuminate\\Session\\Middleware\\StartSession->Illuminate\\Session\\Middleware\\{closure}()
#16 /var/www/html/vendor/laravel/framework/src/Illuminate/Session/Middleware/StartSession.php(144): tap()
#17 /var/www/html/vendor/laravel/framework/src/Illuminate/Session/Middleware/StartSession.php(116): Illuminate\\Session\\Middleware\\StartSession->startSession()
#18 /var/www/html/vendor/laravel/framework/src/Illuminate/Session/Middleware/StartSession.php(64): Illuminate\\Session\\Middleware\\StartSession->handleStatefulRequest()
#19 /var/www/html/vendor/laravel/framework/src/Illuminate/Pipeline/Pipeline.php(180): Illuminate\\Session\\Middleware\\StartSession->handle()
#20 /var/www/html/vendor/laravel/framework/src/Illuminate/Cookie/Middleware/AddQueuedCookiesToResponse.php(37): Illuminate\\Pipeline\\Pipeline->Illuminate\\Pipeline\\{closure}()
#21 /var/www/html/vendor/laravel/framework/src/Illuminate/Pipeline/Pipeline.php(180): Illuminate\\Cookie\\Middleware\\AddQueuedCookiesToResponse->handle()
#22 /var/www/html/vendor/laravel/framework/src/Illuminate/Cookie/Middleware/EncryptCookies.php(67): Illuminate\\Pipeline\\Pipeline->Illuminate\\Pipeline\\{closure}()
#23 /var/www/html/vendor/laravel/framework/src/Illuminate/Pipeline/Pipeline.php(180): Illuminate\\Cookie\\Middleware\\EncryptCookies->handle()
#24 /var/www/html/vendor/laravel/framework/src/Illuminate/Pipeline/Pipeline.php(116): Illuminate\\Pipeline\\Pipeline->Illuminate\\Pipeline\\{closure}()
#25 /var/www/html/vendor/laravel/framework/src/Illuminate/Routing/Router.php(797): Illuminate\\Pipeline\\Pipeline->then()
#26 /var/www/html/vendor/laravel/framework/src/Illuminate/Routing/Router.php(776): Illuminate\\Routing\\Router->runRouteWithinStack()
#27 /var/www/html/vendor/laravel/framework/src/Illuminate/Routing/Router.php(740): Illuminate\\Routing\\Router->runRoute()
#28 /var/www/html/vendor/laravel/framework/src/Illuminate/Routing/Router.php(729): Illuminate\\Routing\\Router->dispatchToRoute()
#29 /var/www/html/vendor/laravel/framework/src/Illuminate/Foundation/Http/Kernel.php(200): Illuminate\\Routing\\Router->dispatch()
#30 /var/www/html/vendor/laravel/framework/src/Illuminate/Pipeline/Pipeline.php(141): Illuminate\\Foundation\\Http\\Kernel->Illuminate\\Foundation\\Http\\{closure}()
#31 /var/www/html/vendor/barryvdh/laravel-debugbar/src/Middleware/InjectDebugbar.php(66): Illuminate\\Pipeline\\Pipeline->Illuminate\\Pipeline\\{closure}()
#32 /var/www/html/vendor/laravel/framework/src/Illuminate/Pipeline/Pipeline.php(180): Barryvdh\\Debugbar\\Middleware\\InjectDebugbar->handle()
#33 /var/www/html/vendor/laravel/framework/src/Illuminate/Foundation/Http/Middleware/TransformsRequest.php(21): Illuminate\\Pipeline\\Pipeline->Illuminate\\Pipeline\\{closure}()
#34 /var/www/html/vendor/laravel/framework/src/Illuminate/Foundation/Http/Middleware/ConvertEmptyStringsToNull.php(31): Illuminate\\Foundation\\Http\\Middleware\\TransformsRequest->handle()
#35 /var/www/html/vendor/laravel/framework/src/Illuminate/Pipeline/Pipeline.php(180): Illuminate\\Foundation\\Http\\Middleware\\ConvertEmptyStringsToNull->handle()
#36 /var/www/html/vendor/laravel/framework/src/Illuminate/Foundation/Http/Middleware/TransformsRequest.php(21): Illuminate\\Pipeline\\Pipeline->Illuminate\\Pipeline\\{closure}()
#37 /var/www/html/vendor/laravel/framework/src/Illuminate/Foundation/Http/Middleware/TrimStrings.php(40): Illuminate\\Foundation\\Http\\Middleware\\TransformsRequest->handle()
#38 /var/www/html/vendor/laravel/framework/src/Illuminate/Pipeline/Pipeline.php(180): Illuminate\\Foundation\\Http\\Middleware\\TrimStrings->handle()
#39 /var/www/html/vendor/laravel/framework/src/Illuminate/Foundation/Http/Middleware/ValidatePostSize.php(27): Illuminate\\Pipeline\\Pipeline->Illuminate\\Pipeline\\{closure}()
#40 /var/www/html/vendor/laravel/framework/src/Illuminate/Pipeline/Pipeline.php(180): Illuminate\\Foundation\\Http\\Middleware\\ValidatePostSize->handle()
#41 /var/www/html/vendor/laravel/framework/src/Illuminate/Foundation/Http/Middleware/PreventRequestsDuringMaintenance.php(86): Illuminate\\Pipeline\\Pipeline->Illuminate\\Pipeline\\{closure}()
#42 /var/www/html/vendor/laravel/framework/src/Illuminate/Pipeline/Pipeline.php(180): Illuminate\\Foundation\\Http\\Middleware\\PreventRequestsDuringMaintenance->handle()
#43 /var/www/html/vendor/laravel/framework/src/Illuminate/Http/Middleware/HandleCors.php(49): Illuminate\\Pipeline\\Pipeline->Illuminate\\Pipeline\\{closure}()
#44 /var/www/html/vendor/laravel/framework/src/Illuminate/Pipeline/Pipeline.php(180): Illuminate\\Http\\Middleware\\HandleCors->handle()
#45 /var/www/html/vendor/laravel/framework/src/Illuminate/Http/Middleware/TrustProxies.php(39): Illuminate\\Pipeline\\Pipeline->Illuminate\\Pipeline\\{closure}()
#46 /var/www/html/vendor/laravel/framework/src/Illuminate/Pipeline/Pipeline.php(180): Illuminate\\Http\\Middleware\\TrustProxies->handle()
#47 /var/www/html/vendor/laravel/framework/src/Illuminate/Pipeline/Pipeline.php(116): Illuminate\\Pipeline\\Pipeline->Illuminate\\Pipeline\\{closure}()
#48 /var/www/html/vendor/laravel/framework/src/Illuminate/Foundation/Http/Kernel.php(175): Illuminate\\Pipeline\\Pipeline->then()
#49 /var/www/html/vendor/laravel/framework/src/Illuminate/Foundation/Http/Kernel.php(144): Illuminate\\Foundation\\Http\\Kernel->sendRequestThroughRouter()
#50 /var/www/html/public/index.php(51): Illuminate\\Foundation\\Http\\Kernel->handle()
#51 /var/www/html/vendor/laravel/framework/src/Illuminate/Foundation/resources/server.php(16): require_once('...')
#52 {main}
"} 
[2023-03-12 22:40:52] Act:.ERROR: Debugbar exception: SQLSTATE[42S02]: Base table or view not found: 1146 Table 'act100.sessions' doesn't exist (Connection: mysql, SQL: select * from `sessions` where `id` = BGfskzgl5tsMMVbZQGkAjLv2VOi59qOs7ateRAtx limit 1)  
[2023-03-12 22:56:52] Act:.ERROR: Target class [Fruitcake\Cors\HandleCors] does not exist. {"exception":"[object] (Illuminate\\Contracts\\Container\\BindingResolutionException(code: 0): Target class [Fruitcake\\Cors\\HandleCors] does not exist. at /var/www/html/vendor/laravel/framework/src/Illuminate/Container/Container.php:891)
[stacktrace]
#0 /var/www/html/vendor/laravel/framework/src/Illuminate/Container/Container.php(770): Illuminate\\Container\\Container->build()
#1 /var/www/html/vendor/laravel/framework/src/Illuminate/Foundation/Application.php(933): Illuminate\\Container\\Container->resolve()
#2 /var/www/html/vendor/laravel/framework/src/Illuminate/Container/Container.php(706): Illuminate\\Foundation\\Application->resolve()
#3 /var/www/html/vendor/laravel/framework/src/Illuminate/Foundation/Application.php(918): Illuminate\\Container\\Container->make()
#4 /var/www/html/vendor/laravel/framework/src/Illuminate/Pipeline/Pipeline.php(169): Illuminate\\Foundation\\Application->make()
#5 /var/www/html/vendor/laravel/framework/src/Illuminate/Pipeline/Pipeline.php(116): Illuminate\\Pipeline\\Pipeline->Illuminate\\Pipeline\\{closure}()
#6 /var/www/html/vendor/laravel/framework/src/Illuminate/Foundation/Http/Kernel.php(175): Illuminate\\Pipeline\\Pipeline->then()
#7 /var/www/html/vendor/laravel/framework/src/Illuminate/Foundation/Http/Kernel.php(144): Illuminate\\Foundation\\Http\\Kernel->sendRequestThroughRouter()
#8 /var/www/html/public/index.php(51): Illuminate\\Foundation\\Http\\Kernel->handle()
#9 /var/www/html/vendor/laravel/framework/src/Illuminate/Foundation/resources/server.php(16): require_once('...')
#10 {main}

[previous exception] [object] (ReflectionException(code: -1): Class \"Fruitcake\\Cors\\HandleCors\" does not exist at /var/www/html/vendor/laravel/framework/src/Illuminate/Container/Container.php:889)
[stacktrace]
#0 /var/www/html/vendor/laravel/framework/src/Illuminate/Container/Container.php(889): ReflectionClass->__construct()
#1 /var/www/html/vendor/laravel/framework/src/Illuminate/Container/Container.php(770): Illuminate\\Container\\Container->build()
#2 /var/www/html/vendor/laravel/framework/src/Illuminate/Foundation/Application.php(933): Illuminate\\Container\\Container->resolve()
#3 /var/www/html/vendor/laravel/framework/src/Illuminate/Container/Container.php(706): Illuminate\\Foundation\\Application->resolve()
#4 /var/www/html/vendor/laravel/framework/src/Illuminate/Foundation/Application.php(918): Illuminate\\Container\\Container->make()
#5 /var/www/html/vendor/laravel/framework/src/Illuminate/Pipeline/Pipeline.php(169): Illuminate\\Foundation\\Application->make()
#6 /var/www/html/vendor/laravel/framework/src/Illuminate/Pipeline/Pipeline.php(116): Illuminate\\Pipeline\\Pipeline->Illuminate\\Pipeline\\{closure}()
#7 /var/www/html/vendor/laravel/framework/src/Illuminate/Foundation/Http/Kernel.php(175): Illuminate\\Pipeline\\Pipeline->then()
#8 /var/www/html/vendor/laravel/framework/src/Illuminate/Foundation/Http/Kernel.php(144): Illuminate\\Foundation\\Http\\Kernel->sendRequestThroughRouter()
#9 /var/www/html/public/index.php(51): Illuminate\\Foundation\\Http\\Kernel->handle()
#10 /var/www/html/vendor/laravel/framework/src/Illuminate/Foundation/resources/server.php(16): require_once('...')
#11 {main}
"} 
[2023-03-12 22:56:53] Act:.ERROR: Target class [Fruitcake\Cors\HandleCors] does not exist. {"exception":"[object] (Illuminate\\Contracts\\Container\\BindingResolutionException(code: 0): Target class [Fruitcake\\Cors\\HandleCors] does not exist. at /var/www/html/vendor/laravel/framework/src/Illuminate/Container/Container.php:891)
[stacktrace]
#0 /var/www/html/vendor/laravel/framework/src/Illuminate/Container/Container.php(770): Illuminate\\Container\\Container->build()
#1 /var/www/html/vendor/laravel/framework/src/Illuminate/Foundation/Application.php(933): Illuminate\\Container\\Container->resolve()
#2 /var/www/html/vendor/laravel/framework/src/Illuminate/Container/Container.php(706): Illuminate\\Foundation\\Application->resolve()
#3 /var/www/html/vendor/laravel/framework/src/Illuminate/Foundation/Application.php(918): Illuminate\\Container\\Container->make()
#4 /var/www/html/vendor/laravel/framework/src/Illuminate/Foundation/Http/Kernel.php(249): Illuminate\\Foundation\\Application->make()
#5 /var/www/html/vendor/laravel/framework/src/Illuminate/Foundation/Http/Kernel.php(213): Illuminate\\Foundation\\Http\\Kernel->terminateMiddleware()
#6 /var/www/html/public/index.php(55): Illuminate\\Foundation\\Http\\Kernel->terminate()
#7 /var/www/html/vendor/laravel/framework/src/Illuminate/Foundation/resources/server.php(16): require_once('...')
#8 {main}

[previous exception] [object] (ReflectionException(code: -1): Class \"Fruitcake\\Cors\\HandleCors\" does not exist at /var/www/html/vendor/laravel/framework/src/Illuminate/Container/Container.php:889)
[stacktrace]
#0 /var/www/html/vendor/laravel/framework/src/Illuminate/Container/Container.php(889): ReflectionClass->__construct()
#1 /var/www/html/vendor/laravel/framework/src/Illuminate/Container/Container.php(770): Illuminate\\Container\\Container->build()
#2 /var/www/html/vendor/laravel/framework/src/Illuminate/Foundation/Application.php(933): Illuminate\\Container\\Container->resolve()
#3 /var/www/html/vendor/laravel/framework/src/Illuminate/Container/Container.php(706): Illuminate\\Foundation\\Application->resolve()
#4 /var/www/html/vendor/laravel/framework/src/Illuminate/Foundation/Application.php(918): Illuminate\\Container\\Container->make()
#5 /var/www/html/vendor/laravel/framework/src/Illuminate/Foundation/Http/Kernel.php(249): Illuminate\\Foundation\\Application->make()
#6 /var/www/html/vendor/laravel/framework/src/Illuminate/Foundation/Http/Kernel.php(213): Illuminate\\Foundation\\Http\\Kernel->terminateMiddleware()
#7 /var/www/html/public/index.php(55): Illuminate\\Foundation\\Http\\Kernel->terminate()
#8 /var/www/html/vendor/laravel/framework/src/Illuminate/Foundation/resources/server.php(16): require_once('...')
#9 {main}
"} 
[2023-03-12 22:59:39] Act:.INFO: auth_user_info START  
[2023-03-12 22:59:39] Act:.INFO: auth_user_info END  
[2023-03-12 22:59:39] Act:.INFO: auth login redirectTo user = stdClass Object
(
    [id] => 1
    [name] => YasuakiShintomi
    [email] => shintomi.sh@gmail.com
    [email_verified_at] => 
    [organization_id] => 0
    [user_id] => 1
    [login_flg] => 2
    [admin_flg] => 2
    [created_at] => 2022-05-18T23:00:00.000000Z
    [updated_at] => 2022-10-26T01:20:00.000000Z
    [deleted_at] => 
)
  
[2023-03-12 22:59:41] Act:.INFO: auth_user_info START  
[2023-03-12 22:59:41] Act:.INFO: auth_user_info END  
[2023-03-12 22:59:41] Act:.INFO: office top index START $user->name = YasuakiShintomi  
[2023-03-12 22:59:41] Act:.INFO: auth_user_organization START  
[2023-03-12 22:59:41] Act:.INFO: auth_user_organization END  
[2023-03-12 22:59:42] Act:.INFO: office top index END $user->name = YasuakiShintomi  
[2023-03-12 22:59:52] Act:.INFO: ChatController index START  
[2023-03-12 22:59:52] Act:.ERROR: SQLSTATE[42S02]: Base table or view not found: 1146 Table 'act100.messages' doesn't exist (Connection: mysql, SQL: select count(*) as aggregate from `messages` left join `users` on `messages`.`user_id` = `users`.`id` left join `customers` on `messages`.`customer_id` = `customers`.`id` where `customers`.`deleted_at` is null and `users`.`deleted_at` is null) {"userId":1,"exception":"[object] (Illuminate\\Database\\QueryException(code: 42S02): SQLSTATE[42S02]: Base table or view not found: 1146 Table 'act100.messages' doesn't exist (Connection: mysql, SQL: select count(*) as aggregate from `messages` left join `users` on `messages`.`user_id` = `users`.`id` left join `customers` on `messages`.`customer_id` = `customers`.`id` where `customers`.`deleted_at` is null and `users`.`deleted_at` is null) at /var/www/html/vendor/laravel/framework/src/Illuminate/Database/Connection.php:760)
[stacktrace]
#0 /var/www/html/vendor/laravel/framework/src/Illuminate/Database/Connection.php(720): Illuminate\\Database\\Connection->runQueryCallback()
#1 /var/www/html/vendor/laravel/framework/src/Illuminate/Database/Connection.php(405): Illuminate\\Database\\Connection->run()
#2 /var/www/html/vendor/laravel/framework/src/Illuminate/Database/Query/Builder.php(2718): Illuminate\\Database\\Connection->select()
#3 /var/www/html/vendor/laravel/framework/src/Illuminate/Database/Query/Builder.php(2707): Illuminate\\Database\\Query\\Builder->runSelect()
#4 /var/www/html/vendor/laravel/framework/src/Illuminate/Database/Query/Builder.php(3247): Illuminate\\Database\\Query\\Builder->Illuminate\\Database\\Query\\{closure}()
#5 /var/www/html/vendor/laravel/framework/src/Illuminate/Database/Query/Builder.php(2706): Illuminate\\Database\\Query\\Builder->onceWithColumns()
#6 /var/www/html/vendor/laravel/framework/src/Illuminate/Database/Query/Builder.php(2857): Illuminate\\Database\\Query\\Builder->get()
#7 /var/www/html/vendor/laravel/framework/src/Illuminate/Database/Query/Builder.php(2816): Illuminate\\Database\\Query\\Builder->runPaginationCountQuery()
#8 /var/www/html/vendor/laravel/framework/src/Illuminate/Database/Eloquent/Builder.php(900): Illuminate\\Database\\Query\\Builder->getCountForPagination()
#9 /var/www/html/app/Http/Controllers/ChatController.php(50): Illuminate\\Database\\Eloquent\\Builder->paginate()
#10 /var/www/html/vendor/laravel/framework/src/Illuminate/Routing/Controller.php(54): App\\Http\\Controllers\\ChatController->index()
#11 /var/www/html/vendor/laravel/framework/src/Illuminate/Routing/ControllerDispatcher.php(43): Illuminate\\Routing\\Controller->callAction()
#12 /var/www/html/vendor/laravel/framework/src/Illuminate/Routing/Route.php(259): Illuminate\\Routing\\ControllerDispatcher->dispatch()
#13 /var/www/html/vendor/laravel/framework/src/Illuminate/Routing/Route.php(205): Illuminate\\Routing\\Route->runController()
#14 /var/www/html/vendor/laravel/framework/src/Illuminate/Routing/Router.php(798): Illuminate\\Routing\\Route->run()
#15 /var/www/html/vendor/laravel/framework/src/Illuminate/Pipeline/Pipeline.php(141): Illuminate\\Routing\\Router->Illuminate\\Routing\\{closure}()
#16 /var/www/html/vendor/laravel/framework/src/Illuminate/Routing/Middleware/SubstituteBindings.php(50): Illuminate\\Pipeline\\Pipeline->Illuminate\\Pipeline\\{closure}()
#17 /var/www/html/vendor/laravel/framework/src/Illuminate/Pipeline/Pipeline.php(180): Illuminate\\Routing\\Middleware\\SubstituteBindings->handle()
#18 /var/www/html/vendor/laravel/framework/src/Illuminate/Auth/Middleware/Authenticate.php(45): Illuminate\\Pipeline\\Pipeline->Illuminate\\Pipeline\\{closure}()
#19 /var/www/html/vendor/laravel/framework/src/Illuminate/Pipeline/Pipeline.php(180): Illuminate\\Auth\\Middleware\\Authenticate->handle()
#20 /var/www/html/vendor/laravel/framework/src/Illuminate/Foundation/Http/Middleware/VerifyCsrfToken.php(78): Illuminate\\Pipeline\\Pipeline->Illuminate\\Pipeline\\{closure}()
#21 /var/www/html/vendor/laravel/framework/src/Illuminate/Pipeline/Pipeline.php(180): Illuminate\\Foundation\\Http\\Middleware\\VerifyCsrfToken->handle()
#22 /var/www/html/vendor/laravel/framework/src/Illuminate/View/Middleware/ShareErrorsFromSession.php(49): Illuminate\\Pipeline\\Pipeline->Illuminate\\Pipeline\\{closure}()
#23 /var/www/html/vendor/laravel/framework/src/Illuminate/Pipeline/Pipeline.php(180): Illuminate\\View\\Middleware\\ShareErrorsFromSession->handle()
#24 /var/www/html/vendor/laravel/framework/src/Illuminate/Session/Middleware/StartSession.php(121): Illuminate\\Pipeline\\Pipeline->Illuminate\\Pipeline\\{closure}()
#25 /var/www/html/vendor/laravel/framework/src/Illuminate/Session/Middleware/StartSession.php(64): Illuminate\\Session\\Middleware\\StartSession->handleStatefulRequest()
#26 /var/www/html/vendor/laravel/framework/src/Illuminate/Pipeline/Pipeline.php(180): Illuminate\\Session\\Middleware\\StartSession->handle()
#27 /var/www/html/vendor/laravel/framework/src/Illuminate/Cookie/Middleware/AddQueuedCookiesToResponse.php(37): Illuminate\\Pipeline\\Pipeline->Illuminate\\Pipeline\\{closure}()
#28 /var/www/html/vendor/laravel/framework/src/Illuminate/Pipeline/Pipeline.php(180): Illuminate\\Cookie\\Middleware\\AddQueuedCookiesToResponse->handle()
#29 /var/www/html/vendor/laravel/framework/src/Illuminate/Cookie/Middleware/EncryptCookies.php(67): Illuminate\\Pipeline\\Pipeline->Illuminate\\Pipeline\\{closure}()
#30 /var/www/html/vendor/laravel/framework/src/Illuminate/Pipeline/Pipeline.php(180): Illuminate\\Cookie\\Middleware\\EncryptCookies->handle()
#31 /var/www/html/vendor/laravel/framework/src/Illuminate/Pipeline/Pipeline.php(116): Illuminate\\Pipeline\\Pipeline->Illuminate\\Pipeline\\{closure}()
#32 /var/www/html/vendor/laravel/framework/src/Illuminate/Routing/Router.php(797): Illuminate\\Pipeline\\Pipeline->then()
#33 /var/www/html/vendor/laravel/framework/src/Illuminate/Routing/Router.php(776): Illuminate\\Routing\\Router->runRouteWithinStack()
#34 /var/www/html/vendor/laravel/framework/src/Illuminate/Routing/Router.php(740): Illuminate\\Routing\\Router->runRoute()
#35 /var/www/html/vendor/laravel/framework/src/Illuminate/Routing/Router.php(729): Illuminate\\Routing\\Router->dispatchToRoute()
#36 /var/www/html/vendor/laravel/framework/src/Illuminate/Foundation/Http/Kernel.php(200): Illuminate\\Routing\\Router->dispatch()
#37 /var/www/html/vendor/laravel/framework/src/Illuminate/Pipeline/Pipeline.php(141): Illuminate\\Foundation\\Http\\Kernel->Illuminate\\Foundation\\Http\\{closure}()
#38 /var/www/html/vendor/barryvdh/laravel-debugbar/src/Middleware/InjectDebugbar.php(66): Illuminate\\Pipeline\\Pipeline->Illuminate\\Pipeline\\{closure}()
#39 /var/www/html/vendor/laravel/framework/src/Illuminate/Pipeline/Pipeline.php(180): Barryvdh\\Debugbar\\Middleware\\InjectDebugbar->handle()
#40 /var/www/html/vendor/laravel/framework/src/Illuminate/Foundation/Http/Middleware/TransformsRequest.php(21): Illuminate\\Pipeline\\Pipeline->Illuminate\\Pipeline\\{closure}()
#41 /var/www/html/vendor/laravel/framework/src/Illuminate/Foundation/Http/Middleware/ConvertEmptyStringsToNull.php(31): Illuminate\\Foundation\\Http\\Middleware\\TransformsRequest->handle()
#42 /var/www/html/vendor/laravel/framework/src/Illuminate/Pipeline/Pipeline.php(180): Illuminate\\Foundation\\Http\\Middleware\\ConvertEmptyStringsToNull->handle()
#43 /var/www/html/vendor/laravel/framework/src/Illuminate/Foundation/Http/Middleware/TransformsRequest.php(21): Illuminate\\Pipeline\\Pipeline->Illuminate\\Pipeline\\{closure}()
#44 /var/www/html/vendor/laravel/framework/src/Illuminate/Foundation/Http/Middleware/TrimStrings.php(40): Illuminate\\Foundation\\Http\\Middleware\\TransformsRequest->handle()
#45 /var/www/html/vendor/laravel/framework/src/Illuminate/Pipeline/Pipeline.php(180): Illuminate\\Foundation\\Http\\Middleware\\TrimStrings->handle()
#46 /var/www/html/vendor/laravel/framework/src/Illuminate/Foundation/Http/Middleware/ValidatePostSize.php(27): Illuminate\\Pipeline\\Pipeline->Illuminate\\Pipeline\\{closure}()
#47 /var/www/html/vendor/laravel/framework/src/Illuminate/Pipeline/Pipeline.php(180): Illuminate\\Foundation\\Http\\Middleware\\ValidatePostSize->handle()
#48 /var/www/html/vendor/laravel/framework/src/Illuminate/Foundation/Http/Middleware/PreventRequestsDuringMaintenance.php(86): Illuminate\\Pipeline\\Pipeline->Illuminate\\Pipeline\\{closure}()
#49 /var/www/html/vendor/laravel/framework/src/Illuminate/Pipeline/Pipeline.php(180): Illuminate\\Foundation\\Http\\Middleware\\PreventRequestsDuringMaintenance->handle()
#50 /var/www/html/vendor/laravel/framework/src/Illuminate/Http/Middleware/HandleCors.php(49): Illuminate\\Pipeline\\Pipeline->Illuminate\\Pipeline\\{closure}()
#51 /var/www/html/vendor/laravel/framework/src/Illuminate/Pipeline/Pipeline.php(180): Illuminate\\Http\\Middleware\\HandleCors->handle()
#52 /var/www/html/vendor/laravel/framework/src/Illuminate/Http/Middleware/TrustProxies.php(39): Illuminate\\Pipeline\\Pipeline->Illuminate\\Pipeline\\{closure}()
#53 /var/www/html/vendor/laravel/framework/src/Illuminate/Pipeline/Pipeline.php(180): Illuminate\\Http\\Middleware\\TrustProxies->handle()
#54 /var/www/html/vendor/laravel/framework/src/Illuminate/Pipeline/Pipeline.php(116): Illuminate\\Pipeline\\Pipeline->Illuminate\\Pipeline\\{closure}()
#55 /var/www/html/vendor/laravel/framework/src/Illuminate/Foundation/Http/Kernel.php(175): Illuminate\\Pipeline\\Pipeline->then()
#56 /var/www/html/vendor/laravel/framework/src/Illuminate/Foundation/Http/Kernel.php(144): Illuminate\\Foundation\\Http\\Kernel->sendRequestThroughRouter()
#57 /var/www/html/public/index.php(51): Illuminate\\Foundation\\Http\\Kernel->handle()
#58 /var/www/html/vendor/laravel/framework/src/Illuminate/Foundation/resources/server.php(16): require_once('...')
#59 {main}

[previous exception] [object] (PDOException(code: 42S02): SQLSTATE[42S02]: Base table or view not found: 1146 Table 'act100.messages' doesn't exist at /var/www/html/vendor/laravel/framework/src/Illuminate/Database/Connection.php:414)
[stacktrace]
#0 /var/www/html/vendor/laravel/framework/src/Illuminate/Database/Connection.php(414): PDO->prepare()
#1 /var/www/html/vendor/laravel/framework/src/Illuminate/Database/Connection.php(753): Illuminate\\Database\\Connection->Illuminate\\Database\\{closure}()
#2 /var/www/html/vendor/laravel/framework/src/Illuminate/Database/Connection.php(720): Illuminate\\Database\\Connection->runQueryCallback()
#3 /var/www/html/vendor/laravel/framework/src/Illuminate/Database/Connection.php(405): Illuminate\\Database\\Connection->run()
#4 /var/www/html/vendor/laravel/framework/src/Illuminate/Database/Query/Builder.php(2718): Illuminate\\Database\\Connection->select()
#5 /var/www/html/vendor/laravel/framework/src/Illuminate/Database/Query/Builder.php(2707): Illuminate\\Database\\Query\\Builder->runSelect()
#6 /var/www/html/vendor/laravel/framework/src/Illuminate/Database/Query/Builder.php(3247): Illuminate\\Database\\Query\\Builder->Illuminate\\Database\\Query\\{closure}()
#7 /var/www/html/vendor/laravel/framework/src/Illuminate/Database/Query/Builder.php(2706): Illuminate\\Database\\Query\\Builder->onceWithColumns()
#8 /var/www/html/vendor/laravel/framework/src/Illuminate/Database/Query/Builder.php(2857): Illuminate\\Database\\Query\\Builder->get()
#9 /var/www/html/vendor/laravel/framework/src/Illuminate/Database/Query/Builder.php(2816): Illuminate\\Database\\Query\\Builder->runPaginationCountQuery()
#10 /var/www/html/vendor/laravel/framework/src/Illuminate/Database/Eloquent/Builder.php(900): Illuminate\\Database\\Query\\Builder->getCountForPagination()
#11 /var/www/html/app/Http/Controllers/ChatController.php(50): Illuminate\\Database\\Eloquent\\Builder->paginate()
#12 /var/www/html/vendor/laravel/framework/src/Illuminate/Routing/Controller.php(54): App\\Http\\Controllers\\ChatController->index()
#13 /var/www/html/vendor/laravel/framework/src/Illuminate/Routing/ControllerDispatcher.php(43): Illuminate\\Routing\\Controller->callAction()
#14 /var/www/html/vendor/laravel/framework/src/Illuminate/Routing/Route.php(259): Illuminate\\Routing\\ControllerDispatcher->dispatch()
#15 /var/www/html/vendor/laravel/framework/src/Illuminate/Routing/Route.php(205): Illuminate\\Routing\\Route->runController()
#16 /var/www/html/vendor/laravel/framework/src/Illuminate/Routing/Router.php(798): Illuminate\\Routing\\Route->run()
#17 /var/www/html/vendor/laravel/framework/src/Illuminate/Pipeline/Pipeline.php(141): Illuminate\\Routing\\Router->Illuminate\\Routing\\{closure}()
#18 /var/www/html/vendor/laravel/framework/src/Illuminate/Routing/Middleware/SubstituteBindings.php(50): Illuminate\\Pipeline\\Pipeline->Illuminate\\Pipeline\\{closure}()
#19 /var/www/html/vendor/laravel/framework/src/Illuminate/Pipeline/Pipeline.php(180): Illuminate\\Routing\\Middleware\\SubstituteBindings->handle()
#20 /var/www/html/vendor/laravel/framework/src/Illuminate/Auth/Middleware/Authenticate.php(45): Illuminate\\Pipeline\\Pipeline->Illuminate\\Pipeline\\{closure}()
#21 /var/www/html/vendor/laravel/framework/src/Illuminate/Pipeline/Pipeline.php(180): Illuminate\\Auth\\Middleware\\Authenticate->handle()
#22 /var/www/html/vendor/laravel/framework/src/Illuminate/Foundation/Http/Middleware/VerifyCsrfToken.php(78): Illuminate\\Pipeline\\Pipeline->Illuminate\\Pipeline\\{closure}()
#23 /var/www/html/vendor/laravel/framework/src/Illuminate/Pipeline/Pipeline.php(180): Illuminate\\Foundation\\Http\\Middleware\\VerifyCsrfToken->handle()
#24 /var/www/html/vendor/laravel/framework/src/Illuminate/View/Middleware/ShareErrorsFromSession.php(49): Illuminate\\Pipeline\\Pipeline->Illuminate\\Pipeline\\{closure}()
#25 /var/www/html/vendor/laravel/framework/src/Illuminate/Pipeline/Pipeline.php(180): Illuminate\\View\\Middleware\\ShareErrorsFromSession->handle()
#26 /var/www/html/vendor/laravel/framework/src/Illuminate/Session/Middleware/StartSession.php(121): Illuminate\\Pipeline\\Pipeline->Illuminate\\Pipeline\\{closure}()
#27 /var/www/html/vendor/laravel/framework/src/Illuminate/Session/Middleware/StartSession.php(64): Illuminate\\Session\\Middleware\\StartSession->handleStatefulRequest()
#28 /var/www/html/vendor/laravel/framework/src/Illuminate/Pipeline/Pipeline.php(180): Illuminate\\Session\\Middleware\\StartSession->handle()
#29 /var/www/html/vendor/laravel/framework/src/Illuminate/Cookie/Middleware/AddQueuedCookiesToResponse.php(37): Illuminate\\Pipeline\\Pipeline->Illuminate\\Pipeline\\{closure}()
#30 /var/www/html/vendor/laravel/framework/src/Illuminate/Pipeline/Pipeline.php(180): Illuminate\\Cookie\\Middleware\\AddQueuedCookiesToResponse->handle()
#31 /var/www/html/vendor/laravel/framework/src/Illuminate/Cookie/Middleware/EncryptCookies.php(67): Illuminate\\Pipeline\\Pipeline->Illuminate\\Pipeline\\{closure}()
#32 /var/www/html/vendor/laravel/framework/src/Illuminate/Pipeline/Pipeline.php(180): Illuminate\\Cookie\\Middleware\\EncryptCookies->handle()
#33 /var/www/html/vendor/laravel/framework/src/Illuminate/Pipeline/Pipeline.php(116): Illuminate\\Pipeline\\Pipeline->Illuminate\\Pipeline\\{closure}()
#34 /var/www/html/vendor/laravel/framework/src/Illuminate/Routing/Router.php(797): Illuminate\\Pipeline\\Pipeline->then()
#35 /var/www/html/vendor/laravel/framework/src/Illuminate/Routing/Router.php(776): Illuminate\\Routing\\Router->runRouteWithinStack()
#36 /var/www/html/vendor/laravel/framework/src/Illuminate/Routing/Router.php(740): Illuminate\\Routing\\Router->runRoute()
#37 /var/www/html/vendor/laravel/framework/src/Illuminate/Routing/Router.php(729): Illuminate\\Routing\\Router->dispatchToRoute()
#38 /var/www/html/vendor/laravel/framework/src/Illuminate/Foundation/Http/Kernel.php(200): Illuminate\\Routing\\Router->dispatch()
#39 /var/www/html/vendor/laravel/framework/src/Illuminate/Pipeline/Pipeline.php(141): Illuminate\\Foundation\\Http\\Kernel->Illuminate\\Foundation\\Http\\{closure}()
#40 /var/www/html/vendor/barryvdh/laravel-debugbar/src/Middleware/InjectDebugbar.php(66): Illuminate\\Pipeline\\Pipeline->Illuminate\\Pipeline\\{closure}()
#41 /var/www/html/vendor/laravel/framework/src/Illuminate/Pipeline/Pipeline.php(180): Barryvdh\\Debugbar\\Middleware\\InjectDebugbar->handle()
#42 /var/www/html/vendor/laravel/framework/src/Illuminate/Foundation/Http/Middleware/TransformsRequest.php(21): Illuminate\\Pipeline\\Pipeline->Illuminate\\Pipeline\\{closure}()
#43 /var/www/html/vendor/laravel/framework/src/Illuminate/Foundation/Http/Middleware/ConvertEmptyStringsToNull.php(31): Illuminate\\Foundation\\Http\\Middleware\\TransformsRequest->handle()
#44 /var/www/html/vendor/laravel/framework/src/Illuminate/Pipeline/Pipeline.php(180): Illuminate\\Foundation\\Http\\Middleware\\ConvertEmptyStringsToNull->handle()
#45 /var/www/html/vendor/laravel/framework/src/Illuminate/Foundation/Http/Middleware/TransformsRequest.php(21): Illuminate\\Pipeline\\Pipeline->Illuminate\\Pipeline\\{closure}()
#46 /var/www/html/vendor/laravel/framework/src/Illuminate/Foundation/Http/Middleware/TrimStrings.php(40): Illuminate\\Foundation\\Http\\Middleware\\TransformsRequest->handle()
#47 /var/www/html/vendor/laravel/framework/src/Illuminate/Pipeline/Pipeline.php(180): Illuminate\\Foundation\\Http\\Middleware\\TrimStrings->handle()
#48 /var/www/html/vendor/laravel/framework/src/Illuminate/Foundation/Http/Middleware/ValidatePostSize.php(27): Illuminate\\Pipeline\\Pipeline->Illuminate\\Pipeline\\{closure}()
#49 /var/www/html/vendor/laravel/framework/src/Illuminate/Pipeline/Pipeline.php(180): Illuminate\\Foundation\\Http\\Middleware\\ValidatePostSize->handle()
#50 /var/www/html/vendor/laravel/framework/src/Illuminate/Foundation/Http/Middleware/PreventRequestsDuringMaintenance.php(86): Illuminate\\Pipeline\\Pipeline->Illuminate\\Pipeline\\{closure}()
#51 /var/www/html/vendor/laravel/framework/src/Illuminate/Pipeline/Pipeline.php(180): Illuminate\\Foundation\\Http\\Middleware\\PreventRequestsDuringMaintenance->handle()
#52 /var/www/html/vendor/laravel/framework/src/Illuminate/Http/Middleware/HandleCors.php(49): Illuminate\\Pipeline\\Pipeline->Illuminate\\Pipeline\\{closure}()
#53 /var/www/html/vendor/laravel/framework/src/Illuminate/Pipeline/Pipeline.php(180): Illuminate\\Http\\Middleware\\HandleCors->handle()
#54 /var/www/html/vendor/laravel/framework/src/Illuminate/Http/Middleware/TrustProxies.php(39): Illuminate\\Pipeline\\Pipeline->Illuminate\\Pipeline\\{closure}()
#55 /var/www/html/vendor/laravel/framework/src/Illuminate/Pipeline/Pipeline.php(180): Illuminate\\Http\\Middleware\\TrustProxies->handle()
#56 /var/www/html/vendor/laravel/framework/src/Illuminate/Pipeline/Pipeline.php(116): Illuminate\\Pipeline\\Pipeline->Illuminate\\Pipeline\\{closure}()
#57 /var/www/html/vendor/laravel/framework/src/Illuminate/Foundation/Http/Kernel.php(175): Illuminate\\Pipeline\\Pipeline->then()
#58 /var/www/html/vendor/laravel/framework/src/Illuminate/Foundation/Http/Kernel.php(144): Illuminate\\Foundation\\Http\\Kernel->sendRequestThroughRouter()
#59 /var/www/html/public/index.php(51): Illuminate\\Foundation\\Http\\Kernel->handle()
#60 /var/www/html/vendor/laravel/framework/src/Illuminate/Foundation/resources/server.php(16): require_once('...')
#61 {main}
"} 
[2023-03-12 23:02:53] Act:.INFO: auth_user_info START  
[2023-03-12 23:02:53] Act:.INFO: auth_user_info END  
[2023-03-12 23:02:53] Act:.INFO: auth login redirectTo user = stdClass Object
(
    [id] => 1
    [name] => 新冨泰明
    [email] => shintomi.sh@gmail.com
    [email_verified_at] => 
    [organization_id] => 0
    [user_id] => 1
    [login_flg] => 2
    [admin_flg] => 2
    [created_at] => 2022-10-20T03:00:00.000000Z
    [updated_at] => 2022-10-20T03:00:00.000000Z
    [deleted_at] => 
)
  
[2023-03-12 23:02:55] Act:.INFO: ChatController index START  
[2023-03-12 23:02:55] Act:.INFO: ChatController index END  
[2023-03-12 23:02:57] Act:.INFO: Ajax ChatController index START  
[2023-03-12 23:02:57] Act:.INFO: auth_user_info START  
[2023-03-12 23:02:58] Act:.INFO: auth_user_info END  
[2023-03-12 23:02:58] Act:.DEBUG: Ajax ChatClientController index  $user_id = 1  
[2023-03-12 23:02:58] Act:.INFO: Ajax ChatController index END  
[2023-03-12 23:03:24] Act:.INFO: Ajax ChatController create START  
[2023-03-12 23:03:24] Act:.INFO: auth_customer_findrec START  
[2023-03-12 23:03:24] Act:.INFO: auth_customer_findrec END  
[2023-03-12 23:03:24] Act:.INFO: Ajax ChatController create END  
[2023-03-12 23:03:28] Act:.INFO: Ajax ChatController index START  
[2023-03-12 23:03:28] Act:.INFO: auth_user_info START  
[2023-03-12 23:03:28] Act:.INFO: auth_user_info END  
[2023-03-12 23:03:28] Act:.DEBUG: Ajax ChatClientController index  $user_id = 1  
[2023-03-12 23:03:28] Act:.INFO: Ajax ChatController index END  
[2023-03-12 23:04:12] Act:.INFO: auth logout redirectTo user = stdClass Object
(
    [id] => 1
    [name] => 新冨泰明
    [email] => shintomi.sh@gmail.com
    [email_verified_at] => 
    [organization_id] => 0
    [user_id] => 1
    [login_flg] => 2
    [admin_flg] => 2
    [created_at] => 2022-10-20T03:00:00.000000Z
    [updated_at] => 2022-10-20T03:00:00.000000Z
    [deleted_at] => 
)
  
[2023-03-12 23:07:08] Act:.INFO: auth_user_info START  
[2023-03-12 23:07:08] Act:.INFO: auth_user_info END  
[2023-03-12 23:07:08] Act:.INFO: auth login redirectTo user = stdClass Object
(
    [id] => 12
    [name] => ユーザー１２
    [email] => user12@gmail.com
    [email_verified_at] => 
    [organization_id] => 1
    [user_id] => 3
    [login_flg] => 1
    [admin_flg] => 1
    [created_at] => 2022-10-20T03:00:00.000000Z
    [updated_at] => 2022-10-20T03:00:00.000000Z
    [deleted_at] => 
)
  
[2023-03-12 23:07:10] Act:.INFO: auth_user_info START  
[2023-03-12 23:07:10] Act:.INFO: auth_user_info END  
[2023-03-12 23:07:10] Act:.INFO: topclient index START $user->name = ユーザー１２  
[2023-03-12 23:07:10] Act:.INFO: auth_customer_findrec START  
[2023-03-12 23:07:11] Act:.INFO: auth_customer_findrec END  
[2023-03-12 23:07:11] Act:.INFO: get_three_month START  
[2023-03-12 23:07:11] Act:.INFO: get_three_month END  
[2023-03-12 23:07:11] Act:.INFO: topclient index END $user->name = ユーザー１２  
[2023-03-12 23:07:33] Act:.INFO: ChatClientController index START  
[2023-03-12 23:07:33] Act:.INFO: auth_user_info START  
[2023-03-12 23:07:33] Act:.INFO: auth_user_info END  
[2023-03-12 23:07:33] Act:.INFO: auth_customer_findrec START  
[2023-03-12 23:07:33] Act:.INFO: auth_customer_findrec END  
[2023-03-12 23:07:33] Act:.INFO: ChatClientController index END  
[2023-03-12 23:07:36] Act:.INFO: Ajax ChatClientController index START  
[2023-03-12 23:07:36] Act:.INFO: auth_user_info START  
[2023-03-12 23:07:36] Act:.INFO: auth_user_info END  
[2023-03-12 23:07:36] Act:.DEBUG: Ajax ChatClientController index  $user_id = 12  
[2023-03-12 23:07:36] Act:.INFO: Ajax ChatClientController index END  
[2023-03-12 23:08:09] Act:.INFO: Ajax ChatClientController create START  
[2023-03-12 23:08:09] Act:.INFO: auth_customer_findrec START  
[2023-03-12 23:08:09] Act:.INFO: auth_customer_findrec END  
[2023-03-12 23:08:10] Act:.INFO: Ajax ChatClientController create END  
[2023-03-12 23:08:13] Act:.INFO: Ajax ChatClientController index START  
[2023-03-12 23:08:13] Act:.INFO: auth_user_info START  
[2023-03-12 23:08:13] Act:.INFO: auth_user_info END  
[2023-03-12 23:08:13] Act:.DEBUG: Ajax ChatClientController index  $user_id = 12  
[2023-03-12 23:08:13] Act:.INFO: Ajax ChatClientController index END  
[2023-03-12 23:08:39] Act:.INFO: auth_user_info START  
[2023-03-12 23:08:39] Act:.INFO: auth_user_info END  
[2023-03-12 23:08:39] Act:.INFO: topclient index START $user->name = ユーザー１２  
[2023-03-12 23:08:39] Act:.INFO: auth_customer_findrec START  
[2023-03-12 23:08:39] Act:.INFO: auth_customer_findrec END  
[2023-03-12 23:08:39] Act:.INFO: get_three_month START  
[2023-03-12 23:08:39] Act:.INFO: get_three_month END  
[2023-03-12 23:08:40] Act:.INFO: topclient index END $user->name = ユーザー１２  
[2023-03-12 23:09:00] Act:.INFO: client postUpload  START  
[2023-03-12 23:09:00] Act:.INFO: client postUpload_info  START  
[2023-03-12 23:09:00] Act:.INFO: auth_user_info START  
[2023-03-12 23:09:00] Act:.INFO: auth_user_info END  
[2023-03-12 23:09:00] Act:.INFO: auth_user_foldername START  
[2023-03-12 23:09:00] Act:.INFO: auth_user_foldername END  
[2023-03-12 23:09:00] Act:.INFO: client json_put_info_set  START  
[2023-03-12 23:09:00] Act:.INFO: client json_put_info_set  END  
[2023-03-12 23:09:00] Act:.INFO: client postUpload_info  END  
[2023-03-12 23:09:00] Act:.INFO: client json_put_status  START  
[2023-03-12 23:09:00] Act:.INFO: client json_put_status  END  
[2023-03-12 23:09:00] Act:.INFO: client json_get_info  START  
[2023-03-12 23:09:00] Act:.INFO: client json_get_info  END  
[2023-03-12 23:09:00] Act:.INFO: client postUpload  $fileName = welcome.blade.php  
[2023-03-12 23:09:00] Act:.INFO: beginTransaction - client postUpload saveFile start  
[2023-03-12 23:09:01] Act:.INFO: beginTransaction - client postUpload saveFile end(commit)  
[2023-03-12 23:09:01] Act:.INFO: client json_put_status  START  
[2023-03-12 23:09:01] Act:.INFO: client json_put_status  END  
[2023-03-12 23:09:01] Act:.INFO: client postUpload  END  
[2023-03-12 23:09:13] Act:.INFO: transhistory index START  
[2023-03-12 23:09:13] Act:.INFO: auth_user_info START  
[2023-03-12 23:09:13] Act:.INFO: auth_user_info END  
[2023-03-12 23:09:13] Act:.INFO: auth_customer_findrec START  
[2023-03-12 23:09:13] Act:.INFO: auth_customer_findrec END  
[2023-03-12 23:09:14] Act:.INFO: transhistory index END  
[2023-03-12 23:09:23] Act:.INFO: auth_user_info START  
[2023-03-12 23:09:23] Act:.INFO: auth_user_info END  
[2023-03-12 23:09:23] Act:.INFO: topclient index START $user->name = ユーザー１２  
[2023-03-12 23:09:23] Act:.INFO: auth_customer_findrec START  
[2023-03-12 23:09:23] Act:.INFO: auth_customer_findrec END  
[2023-03-12 23:09:23] Act:.INFO: get_three_month START  
[2023-03-12 23:09:23] Act:.INFO: get_three_month END  
[2023-03-12 23:09:24] Act:.INFO: topclient index END $user->name = ユーザー１２  
[2023-03-12 23:09:35] Act:.INFO: topclient show_file START  
[2023-03-12 23:09:35] Act:.INFO: topclient show_file $file_name = 202212インホ_イス登録通知書.pdf  
[2023-03-12 23:09:35] Act:.INFO: topclient show_file END  
[2023-03-12 23:11:02] Act:.INFO: topclient show_alert START  
[2023-03-12 23:11:02] Act:.INFO: topclient show_alert END  
[2023-03-12 23:11:15] Act:.INFO: auth logout redirectTo user = stdClass Object
(
    [id] => 12
    [name] => ユーザー１２
    [email] => user12@gmail.com
    [email_verified_at] => 
    [organization_id] => 1
    [user_id] => 3
    [login_flg] => 1
    [admin_flg] => 1
    [created_at] => 2022-10-20T03:00:00.000000Z
    [updated_at] => 2022-10-20T03:00:00.000000Z
    [deleted_at] => 
)
  
[2023-03-12 23:11:34] Act:.INFO: auth_user_info START  
[2023-03-12 23:11:34] Act:.INFO: auth_user_info END  
[2023-03-12 23:11:34] Act:.INFO: auth login redirectTo user = stdClass Object
(
    [id] => 1
    [name] => 新冨泰明
    [email] => shintomi.sh@gmail.com
    [email_verified_at] => 
    [organization_id] => 0
    [user_id] => 1
    [login_flg] => 2
    [admin_flg] => 2
    [created_at] => 2022-10-20T03:00:00.000000Z
    [updated_at] => 2022-10-20T03:00:00.000000Z
    [deleted_at] => 
)
  
[2023-03-12 23:11:37] Act:.INFO: auth_user_info START  
[2023-03-12 23:11:37] Act:.INFO: auth_user_info END  
[2023-03-12 23:11:37] Act:.INFO: office top index START $user->name = 新冨泰明  
[2023-03-12 23:11:37] Act:.INFO: auth_user_organization START  
[2023-03-12 23:11:37] Act:.INFO: auth_user_organization END  
[2023-03-12 23:11:37] Act:.INFO: office top index END $user->name = 新冨泰明  
[2023-03-12 23:11:44] Act:.INFO: uploaduser index START  
[2023-03-12 23:11:44] Act:.INFO: auth_user_organization START  
[2023-03-12 23:11:44] Act:.INFO: auth_user_organization END  
[2023-03-12 23:11:45] Act:.INFO: auth_customer_all START  
[2023-03-12 23:11:45] Act:.INFO: auth_customer_all END  
[2023-03-12 23:11:45] Act:.INFO: uploaduser index END  
[2023-03-12 23:11:54] Act:.INFO: filemng post START  
[2023-03-12 23:11:54] Act:.INFO: auth_user_info START  
[2023-03-12 23:11:54] Act:.INFO: auth_user_info END  
[2023-03-12 23:11:54] Act:.INFO: filemng post $customer_id = 2  
[2023-03-12 23:11:54] Act:.INFO: filemng post END  
[2023-03-12 23:11:56] Act:.INFO: filemng index START  
[2023-03-12 23:11:56] Act:.INFO: auth_user_info START  
[2023-03-12 23:11:57] Act:.INFO: auth_user_info END  
[2023-03-12 23:11:57] Act:.INFO: filemng index $customer_id = 2  
[2023-03-12 23:11:57] Act:.INFO: auth_user_foldername START  
[2023-03-12 23:11:57] Act:.INFO: auth_user_foldername END  
[2023-03-12 23:11:57] Act:.INFO: filemng index END  
[2023-03-12 23:12:04] Act:.INFO: uploaduser index START  
[2023-03-12 23:12:04] Act:.INFO: auth_user_organization START  
[2023-03-12 23:12:04] Act:.INFO: auth_user_organization END  
[2023-03-12 23:12:04] Act:.INFO: auth_customer_all START  
[2023-03-12 23:12:04] Act:.INFO: auth_customer_all END  
[2023-03-12 23:12:04] Act:.INFO: uploaduser index END  
[2023-03-12 23:12:13] Act:.INFO: filemng post START  
[2023-03-12 23:12:13] Act:.INFO: auth_user_info START  
[2023-03-12 23:12:13] Act:.INFO: auth_user_info END  
[2023-03-12 23:12:13] Act:.INFO: filemng post $customer_id = 1  
[2023-03-12 23:12:13] Act:.INFO: filemng post END  
[2023-03-12 23:12:13] Act:.INFO: filemng index START  
[2023-03-12 23:12:13] Act:.INFO: auth_user_info START  
[2023-03-12 23:12:13] Act:.INFO: auth_user_info END  
[2023-03-12 23:12:13] Act:.INFO: filemng index $customer_id = 1  
[2023-03-12 23:12:13] Act:.INFO: auth_user_foldername START  
[2023-03-12 23:12:13] Act:.INFO: auth_user_foldername END  
[2023-03-12 23:12:13] Act:.INFO: filemng index END  
[2023-03-12 23:12:23] Act:.INFO: filemng alldwonload START  
[2023-03-12 23:12:23] Act:.INFO: auth_user_info START  
[2023-03-12 23:12:23] Act:.INFO: auth_user_info END  
[2023-03-12 23:12:23] Act:.INFO: auth_user_foldername START  
[2023-03-12 23:12:24] Act:.INFO: auth_user_foldername END  
[2023-03-12 23:12:24] Act:.INFO: filemng alldwonload after $str = 新しいテキスト ドキュメント.txt  
[2023-03-12 23:12:24] Act:.INFO: filemng alldwonload after $str = test - コピー.xlsx  
[2023-03-12 23:12:24] Act:.INFO: filemng alldwonload after $str = test.xlsx  
[2023-03-12 23:12:24] Act:.INFO: filemng alldwonload after $str = 新しいテキスト ドキュメント - コピー.txt  
[2023-03-12 23:12:24] Act:.INFO: filemng alldwonload after $str = 新しいテキスト ドキュメント.txt  
[2023-03-12 23:12:24] Act:.INFO: filemng alldwonload END  
[2023-03-12 23:12:24] Act:.INFO: filemng alldwonload $rtn == true END  
[2023-03-12 23:12:38] Act:.INFO: filemng alldelete START  
[2023-03-12 23:12:38] Act:.INFO: auth_user_info START  
[2023-03-12 23:12:38] Act:.INFO: auth_user_info END  
[2023-03-12 23:12:38] Act:.INFO: auth_user_foldername START  
[2023-03-12 23:12:38] Act:.INFO: auth_user_foldername END  
[2023-03-12 23:12:38] Act:.INFO: filemng remove_delete_files START  
[2023-03-12 23:12:38] Act:.INFO: filemng remove_delete_files END  
[2023-03-12 23:12:38] Act:.INFO: auth_user_foldername START  
[2023-03-12 23:12:38] Act:.INFO: auth_user_foldername END  
[2023-03-12 23:12:38] Act:.INFO: filemng alldelete END  
[2023-03-12 23:12:43] Act:.INFO: filemng index START  
[2023-03-12 23:12:43] Act:.INFO: auth_user_info START  
[2023-03-12 23:12:43] Act:.INFO: auth_user_info END  
[2023-03-12 23:12:43] Act:.INFO: filemng index $customer_id = 1  
[2023-03-12 23:12:43] Act:.INFO: auth_user_foldername START  
[2023-03-12 23:12:43] Act:.INFO: auth_user_foldername END  
[2023-03-12 23:12:43] Act:.INFO: filemng index END  
[2023-03-12 23:13:01] Act:.INFO: filemng index START  
[2023-03-12 23:13:01] Act:.INFO: auth_user_info START  
[2023-03-12 23:13:01] Act:.INFO: auth_user_info END  
[2023-03-12 23:13:01] Act:.INFO: filemng index $customer_id = 1  
[2023-03-12 23:13:01] Act:.INFO: auth_user_foldername START  
[2023-03-12 23:13:01] Act:.INFO: auth_user_foldername END  
[2023-03-12 23:13:01] Act:.INFO: filemng index END  
[2023-03-12 23:13:08] Act:.INFO: filemng index START  
[2023-03-12 23:13:08] Act:.INFO: auth_user_info START  
[2023-03-12 23:13:08] Act:.INFO: auth_user_info END  
[2023-03-12 23:13:08] Act:.INFO: filemng index $customer_id = 1  
[2023-03-12 23:13:08] Act:.INFO: auth_user_foldername START  
[2023-03-12 23:13:08] Act:.INFO: auth_user_foldername END  
[2023-03-12 23:13:08] Act:.INFO: filemng index END  
[2023-03-12 23:14:39] Act:.INFO: uploaduser index START  
[2023-03-12 23:14:39] Act:.INFO: auth_user_organization START  
[2023-03-12 23:14:40] Act:.INFO: auth_user_organization END  
[2023-03-12 23:14:40] Act:.INFO: auth_customer_all START  
[2023-03-12 23:14:40] Act:.INFO: auth_customer_all END  
[2023-03-12 23:14:40] Act:.INFO: uploaduser index END  
[2023-03-12 23:15:22] Act:.INFO: filemng post START  
[2023-03-12 23:15:22] Act:.INFO: auth_user_info START  
[2023-03-12 23:15:22] Act:.INFO: auth_user_info END  
[2023-03-12 23:15:22] Act:.INFO: filemng post $customer_id = 4  
[2023-03-12 23:15:22] Act:.INFO: filemng post END  
[2023-03-12 23:15:24] Act:.INFO: filemng index START  
[2023-03-12 23:15:24] Act:.INFO: auth_user_info START  
[2023-03-12 23:15:24] Act:.INFO: auth_user_info END  
[2023-03-12 23:15:24] Act:.INFO: filemng index $customer_id = 4  
[2023-03-12 23:15:24] Act:.INFO: auth_user_foldername START  
[2023-03-12 23:15:24] Act:.INFO: auth_user_foldername END  
[2023-03-12 23:15:24] Act:.INFO: filemng index END  
[2023-03-12 23:15:40] Act:.INFO: filemng index START  
[2023-03-12 23:15:40] Act:.INFO: auth_user_info START  
[2023-03-12 23:15:40] Act:.INFO: auth_user_info END  
[2023-03-12 23:15:40] Act:.INFO: filemng index $customer_id = 4  
[2023-03-12 23:15:40] Act:.INFO: auth_user_foldername START  
[2023-03-12 23:15:40] Act:.INFO: auth_user_foldername END  
[2023-03-12 23:15:40] Act:.INFO: filemng index END  
[2023-03-12 23:15:50] Act:.INFO: filemng index START  
[2023-03-12 23:15:50] Act:.INFO: auth_user_info START  
[2023-03-12 23:15:50] Act:.INFO: auth_user_info END  
[2023-03-12 23:15:50] Act:.INFO: filemng index $customer_id = 4  
[2023-03-12 23:15:50] Act:.INFO: auth_user_foldername START  
[2023-03-12 23:15:50] Act:.INFO: auth_user_foldername END  
[2023-03-12 23:15:50] Act:.INFO: filemng index END  
[2023-03-12 23:15:50] Act:.INFO: filemng index START  
[2023-03-12 23:15:50] Act:.INFO: auth_user_info START  
[2023-03-12 23:15:50] Act:.INFO: auth_user_info END  
[2023-03-12 23:15:50] Act:.INFO: filemng index $customer_id = 4  
[2023-03-12 23:15:50] Act:.INFO: auth_user_foldername START  
[2023-03-12 23:15:50] Act:.INFO: auth_user_foldername END  
[2023-03-12 23:15:50] Act:.INFO: filemng index END  
[2023-03-12 23:16:01] Act:.INFO: uploaduser index START  
[2023-03-12 23:16:01] Act:.INFO: auth_user_organization START  
[2023-03-12 23:16:01] Act:.INFO: auth_user_organization END  
[2023-03-12 23:16:01] Act:.INFO: auth_customer_all START  
[2023-03-12 23:16:01] Act:.INFO: auth_customer_all END  
[2023-03-12 23:16:02] Act:.INFO: uploaduser index END  
[2023-03-12 23:16:30] Act:.INFO: businesname index START  
[2023-03-12 23:16:30] Act:.INFO: auth_user_organization START  
[2023-03-12 23:16:30] Act:.INFO: auth_user_organization END  
[2023-03-12 23:16:30] Act:.INFO: businesname index END  
[2023-03-12 23:16:38] Act:.INFO: businesname serch_custom START  
[2023-03-12 23:16:38] Act:.INFO: auth_user_organization START  
[2023-03-12 23:16:38] Act:.INFO: auth_user_organization END  
[2023-03-12 23:16:38] Act:.INFO: businesname serch_custom END  
[2023-03-12 23:16:52] Act:.INFO: progrecheck input START  
[2023-03-12 23:16:52] Act:.INFO: auth_user_info START  
[2023-03-12 23:16:52] Act:.INFO: auth_user_info END  
[2023-03-12 23:16:52] Act:.INFO: auth_user_organization START  
[2023-03-12 23:16:52] Act:.INFO: auth_user_organization END  
[2023-03-12 23:16:52] Act:.INFO: progrecheck input END  
[2023-03-12 23:17:00] Act:.INFO: progrecheck serch_input START  
[2023-03-12 23:17:00] Act:.INFO: auth_user_info START  
[2023-03-12 23:17:00] Act:.INFO: auth_user_info END  
[2023-03-12 23:17:00] Act:.INFO: auth_user_organization START  
[2023-03-12 23:17:00] Act:.INFO: auth_user_organization END  
[2023-03-12 23:17:00] Act:.INFO: progrecheckr serch_input END  
[2023-03-12 23:17:06] Act:.INFO: progrecheck serch_input START  
[2023-03-12 23:17:06] Act:.INFO: auth_user_info START  
[2023-03-12 23:17:06] Act:.INFO: auth_user_info END  
[2023-03-12 23:17:06] Act:.INFO: auth_user_organization START  
[2023-03-12 23:17:06] Act:.INFO: auth_user_organization END  
[2023-03-12 23:17:07] Act:.INFO: progrecheckr serch_input END  
[2023-03-12 23:17:15] Act:.INFO: schedule index START  
[2023-03-12 23:17:15] Act:.INFO: auth_user_info START  
[2023-03-12 23:17:15] Act:.INFO: auth_user_info END  
[2023-03-12 23:17:15] Act:.INFO: auth_user_organization START  
[2023-03-12 23:17:15] Act:.INFO: auth_user_organization END  
[2023-03-12 23:17:15] Act:.INFO: schedule index END  
[2023-03-12 23:17:23] Act:.INFO: schedule serch_custom START  
[2023-03-12 23:17:23] Act:.INFO: auth_user_info START  
[2023-03-12 23:17:23] Act:.INFO: auth_user_info END  
[2023-03-12 23:17:23] Act:.INFO: auth_user_organization START  
[2023-03-12 23:17:23] Act:.INFO: auth_user_organization END  
[2023-03-12 23:17:24] Act:.INFO: scheduler serch_custom END  
[2023-03-12 23:17:29] Act:.INFO: schedule serch_custom START  
[2023-03-12 23:17:29] Act:.INFO: auth_user_info START  
[2023-03-12 23:17:29] Act:.INFO: auth_user_info END  
[2023-03-12 23:17:29] Act:.INFO: auth_user_organization START  
[2023-03-12 23:17:29] Act:.INFO: auth_user_organization END  
[2023-03-12 23:17:29] Act:.INFO: scheduler serch_custom END  
[2023-03-12 23:17:39] Act:.INFO: schedule serch_custom START  
[2023-03-12 23:17:39] Act:.INFO: auth_user_info START  
[2023-03-12 23:17:39] Act:.INFO: auth_user_info END  
[2023-03-12 23:17:39] Act:.INFO: auth_user_organization START  
[2023-03-12 23:17:40] Act:.INFO: auth_user_organization END  
[2023-03-12 23:17:40] Act:.INFO: scheduler serch_custom END  
[2023-03-12 23:18:00] Act:.INFO: wokprocbook input START  
[2023-03-12 23:18:00] Act:.INFO: auth_user_info START  
[2023-03-12 23:18:00] Act:.INFO: auth_user_info END  
[2023-03-12 23:18:00] Act:.INFO: auth_user_organization START  
[2023-03-12 23:18:00] Act:.INFO: auth_user_organization END  
[2023-03-12 23:18:00] Act:.INFO: wokprocbook input END  
[2023-03-12 23:18:14] Act:.INFO: wokprocbook serch_custom START  
[2023-03-12 23:18:14] Act:.INFO: auth_user_info START  
[2023-03-12 23:18:14] Act:.INFO: auth_user_info END  
[2023-03-12 23:18:14] Act:.INFO: auth_user_organization START  
[2023-03-12 23:18:14] Act:.INFO: auth_user_organization END  
[2023-03-12 23:18:14] Act:.INFO: wokprocbookr serch_custom END  
[2023-03-12 23:18:33] Act:.INFO: wokprocbook serch_custom START  
[2023-03-12 23:18:33] Act:.INFO: auth_user_info START  
[2023-03-12 23:18:33] Act:.INFO: auth_user_info END  
[2023-03-12 23:18:33] Act:.INFO: auth_user_organization START  
[2023-03-12 23:18:33] Act:.INFO: auth_user_organization END  
[2023-03-12 23:18:33] Act:.INFO: wokprocbookr serch_custom END  
[2023-03-12 23:18:41] Act:.INFO: wokprocbook serch_custom START  
[2023-03-12 23:18:41] Act:.INFO: auth_user_info START  
[2023-03-12 23:18:41] Act:.INFO: auth_user_info END  
[2023-03-12 23:18:41] Act:.INFO: auth_user_organization START  
[2023-03-12 23:18:41] Act:.INFO: auth_user_organization END  
[2023-03-12 23:18:41] Act:.INFO: wokprocbookr serch_custom END  
[2023-03-12 23:21:40] Act:.INFO: auth logout redirectTo user = stdClass Object
(
    [id] => 1
    [name] => 新冨泰明
    [email] => shintomi.sh@gmail.com
    [email_verified_at] => 
    [organization_id] => 0
    [user_id] => 1
    [login_flg] => 2
    [admin_flg] => 2
    [created_at] => 2022-10-20T03:00:00.000000Z
    [updated_at] => 2022-10-20T03:00:00.000000Z
    [deleted_at] => 
)
  
