[2023-11-10 18:18:16] Act:.INFO: auth_user_info START  
[2023-11-10 18:18:17] Act:.INFO: auth_user_info END  
[2023-11-10 18:18:17] Act:.INFO: auth login redirectTo user = stdClass Object
(
    [id] => 1
    [name] => 新冨泰明
    [email] => shintomi.sh@gmail.com
    [email_verified_at] => 
    [organization_id] => 0
    [user_id] => 1
    [login_flg] => 2
    [admin_flg] => 2
    [created_at] => 2022-10-20T03:00:00.000000Z
    [updated_at] => 2022-10-20T03:00:00.000000Z
    [deleted_at] => 
)
  
[2023-11-10 18:18:17] Act:.INFO: loginout operation update START  
[2023-11-10 18:18:17] Act:.INFO: loginout operation update $id < 10 END  
[2023-11-10 18:18:23] Act:.INFO: auth_user_info START  
[2023-11-10 18:18:24] Act:.INFO: auth_user_info END  
[2023-11-10 18:18:24] Act:.INFO: office top index START $user->name = 新冨泰明  
[2023-11-10 18:18:24] Act:.INFO: auth_user_organization START  
[2023-11-10 18:18:24] Act:.INFO: auth_user_organization END  
[2023-11-10 18:18:25] Act:.INFO: office top index END $user->name = 新冨泰明  
[2023-11-10 18:18:35] Act:.INFO: linetrialuser input START  
[2023-11-10 18:18:36] Act:.INFO: linetrialuser input END  
[2023-11-10 18:18:49] Act:.INFO: linetrialuserhistory index START  
[2023-11-10 18:18:50] Act:.INFO: linetrialuserhistory index END  
[2023-11-10 18:23:45] Act:.INFO: auth_user_info START  
[2023-11-10 18:23:46] Act:.INFO: auth_user_info END  
[2023-11-10 18:23:46] Act:.INFO: auth login redirectTo user = stdClass Object
(
    [id] => 1
    [name] => 新冨泰明
    [email] => shintomi.sh@gmail.com
    [email_verified_at] => 
    [organization_id] => 0
    [user_id] => 1
    [login_flg] => 2
    [admin_flg] => 2
    [created_at] => 2022-10-20T03:00:00.000000Z
    [updated_at] => 2022-10-20T03:00:00.000000Z
    [deleted_at] => 
)
  
[2023-11-10 18:23:46] Act:.INFO: loginout operation update START  
[2023-11-10 18:23:46] Act:.INFO: loginout operation update $id < 10 END  
[2023-11-10 18:23:52] Act:.INFO: linetrialuserhistory index START  
[2023-11-10 18:23:52] Act:.INFO: linetrialuserhistory index END  
