[2024-12-22 11:37:46] Act:.INFO: auth_user_info START  
[2024-12-22 11:37:46] Act:.INFO: auth_user_info END  
[2024-12-22 11:37:46] Act:.INFO: auth login redirectTo user = stdClass Object
(
    [id] => 1
    [name] => 新冨泰明
    [email] => shintomi.sh@gmail.com
    [email_verified_at] => 
    [organization_id] => 0
    [user_id] => 1
    [login_flg] => 2
    [admin_flg] => 2
    [created_at] => 2022-10-20T03:00:00.000000Z
    [updated_at] => 2022-10-20T03:00:00.000000Z
    [deleted_at] => 
)
  
[2024-12-22 11:37:46] Act:.INFO: loginout operation update START  
[2024-12-22 11:37:46] Act:.INFO: loginout operation update $id < 10 END  
[2024-12-22 11:37:52] Act:.INFO: auth_user_info START  
[2024-12-22 11:37:52] Act:.INFO: auth_user_info END  
[2024-12-22 11:37:52] Act:.INFO: office top index START $user->name = 新冨泰明  
[2024-12-22 11:37:52] Act:.INFO: auth_user_organization START  
[2024-12-22 11:37:52] Act:.INFO: auth_user_organization END  
[2024-12-22 11:37:53] Act:.INFO: office top index END $user->name = 新冨泰明  
[2024-12-22 11:38:37] Act:.INFO: ChatController index START  
[2024-12-22 11:38:37] Act:.INFO: ChatController index END  
[2024-12-22 11:38:40] Act:.INFO: Ajax ChatController index START  
[2024-12-22 11:38:40] Act:.INFO: auth_user_info START  
[2024-12-22 11:38:40] Act:.INFO: auth_user_info END  
[2024-12-22 11:38:40] Act:.DEBUG: Ajax ChatClientController index  $user_id = 1  
[2024-12-22 11:38:40] Act:.INFO: Ajax ChatController index END  
[2024-12-22 11:38:59] Act:.INFO: user index START  
[2024-12-22 11:38:59] Act:.INFO: auth_user_organization START  
[2024-12-22 11:38:59] Act:.INFO: auth_user_organization END  
[2024-12-22 11:39:00] Act:.INFO: user index END  
[2024-12-22 11:39:16] Act:.INFO: auth_user_info START  
[2024-12-22 11:39:16] Act:.INFO: auth_user_info END  
[2024-12-22 11:39:16] Act:.INFO: office top index START $user->name = 新冨泰明  
[2024-12-22 11:39:16] Act:.INFO: auth_user_organization START  
[2024-12-22 11:39:16] Act:.INFO: auth_user_organization END  
[2024-12-22 11:39:17] Act:.INFO: office top index END $user->name = 新冨泰明  
[2024-12-22 11:39:26] Act:.INFO: auth logout redirectTo user = stdClass Object
(
    [id] => 1
    [name] => 新冨泰明
    [email] => shintomi.sh@gmail.com
    [email_verified_at] => 
    [organization_id] => 0
    [user_id] => 1
    [login_flg] => 2
    [admin_flg] => 2
    [created_at] => 2022-10-20T03:00:00.000000Z
    [updated_at] => 2022-10-20T03:00:00.000000Z
    [deleted_at] => 
)
  
[2024-12-22 11:39:26] Act:.INFO: loginout operation update START  
[2024-12-22 11:39:26] Act:.INFO: loginout operation update $id < 10 END  
