[2025-08-23 08:59:36] Act:.INFO: auth_user_info START  
[2025-08-23 08:59:36] Act:.INFO: auth_user_info END  
[2025-08-23 08:59:36] Act:.INFO: auth login redirectTo user = stdClass Object
(
    [id] => 1
    [name] => 新冨泰明
    [email] => shintomi.sh@gmail.com
    [email_verified_at] => 
    [organization_id] => 0
    [user_id] => 1
    [login_flg] => 2
    [admin_flg] => 2
    [created_at] => 2022-10-20T03:00:00.000000Z
    [updated_at] => 2022-10-20T03:00:00.000000Z
    [deleted_at] => 
)
  
[2025-08-23 08:59:36] Act:.INFO: loginout operation update START  
[2025-08-23 08:59:36] Act:.INFO: loginout operation update $id < 10 END  
[2025-08-23 08:59:36] Act:.INFO: auth_user_info START  
[2025-08-23 08:59:36] Act:.INFO: auth_user_info END  
[2025-08-23 08:59:36] Act:.INFO: office top index START $user->name = 新冨泰明  
[2025-08-23 08:59:36] Act:.INFO: auth_user_organization START  
[2025-08-23 08:59:36] Act:.INFO: auth_user_organization END  
[2025-08-23 08:59:36] Act:.INFO: office top index END $user->name = 新冨泰明  
[2025-08-23 08:59:38] Act:.INFO: customer index START  
[2025-08-23 08:59:38] Act:.INFO: auth_user_organization START  
[2025-08-23 08:59:38] Act:.INFO: auth_user_organization END  
[2025-08-23 08:59:38] Act:.INFO: customer index END  
[2025-08-23 08:59:41] Act:.INFO: customer edit START  
[2025-08-23 08:59:41] Act:.INFO: auth_user_organization START  
[2025-08-23 08:59:41] Act:.INFO: auth_user_organization END  
[2025-08-23 08:59:41] Act:.INFO: customer edit END  
[2025-08-23 08:59:49] Act:.INFO: customer update START  
[2025-08-23 08:59:49] Act:.INFO: beginTransaction - customer update start  
[2025-08-23 08:59:49] Act:.INFO: beginTransaction - customer update end(commit)  
[2025-08-23 08:59:49] Act:.INFO: customer update END  
[2025-08-23 08:59:49] Act:.INFO: customer index START  
[2025-08-23 08:59:49] Act:.INFO: auth_user_organization START  
[2025-08-23 08:59:49] Act:.INFO: auth_user_organization END  
[2025-08-23 08:59:49] Act:.INFO: customer index END  
[2025-08-23 09:00:44] Act:.INFO: auth logout redirectTo user = stdClass Object
(
    [id] => 1
    [name] => 新冨泰明
    [email] => shintomi.sh@gmail.com
    [email_verified_at] => 
    [organization_id] => 0
    [user_id] => 1
    [login_flg] => 2
    [admin_flg] => 2
    [created_at] => 2022-10-20T03:00:00.000000Z
    [updated_at] => 2022-10-20T03:00:00.000000Z
    [deleted_at] => 
)
  
[2025-08-23 09:00:44] Act:.INFO: loginout operation update START  
[2025-08-23 09:00:44] Act:.INFO: loginout operation update $id < 10 END  
