[2023-11-04 16:10:27] Act:.INFO: linetrialuser input START  
[2023-11-04 16:10:27] Act:.INFO: linetrialuser input END  
[2023-11-04 16:10:40] Act:.INFO: LineExcelMakeController lineexcel START  
[2023-11-04 16:10:40] Act:.INFO: auth_user_organization START  
[2023-11-04 16:10:41] Act:.INFO: auth_user_organization END  

[2023-11-04 16:13:29] Act:.INFO: linetrialuser input START  
[2023-11-04 16:13:30] Act:.INFO: linetrialuser input END  
[2023-11-04 16:13:46] Act:.INFO: LineExcelMakeController lineexcel START  
[2023-11-04 16:13:46] Act:.INFO: auth_user_organization START  
[2023-11-04 16:13:47] Act:.INFO: auth_user_organization END  
[2023-11-04 16:13:47] Act:.DEBUG: LineExcelMakeController lineexcel $id = 2  
[2023-11-04 16:13:47] Act:.DEBUG: LineExcelMakeController lineexcel $user_name = 斎藤　二子  
[2023-11-04 16:13:47] Act:.INFO: ExportService LinemakeXlsPdf START  
[2023-11-04 16:13:49] Act:.ERROR: Undefined variable $fileName {"userId":1,"exception":"[object] (ErrorException(code: 0): Undefined variable $fileName at /var/www/html/app/Services/LineExportService.php:78)
[2023-11-04 16:19:27] Act:.INFO: linetrialuser input START  
[2023-11-04 16:19:28] Act:.INFO: linetrialuser input END  
[2023-11-04 16:19:41] Act:.INFO: LineExcelMakeController lineexcel START  
[2023-11-04 16:19:41] Act:.INFO: auth_user_organization START  
[2023-11-04 16:19:42] Act:.INFO: auth_user_organization END  
[2023-11-04 16:19:42] Act:.DEBUG: LineExcelMakeController lineexcel $id = 3  
[2023-11-04 16:19:42] Act:.DEBUG: LineExcelMakeController lineexcel $user_name = 山田三郎  
[2023-11-04 16:22:17] Act:.INFO: linetrialuser input START  
[2023-11-04 16:22:18] Act:.INFO: linetrialuser input END  
