[2023-11-07 21:14:17] Act:.ERROR: Database connection [announcement] not configured. {"exception":"[object] (InvalidArgumentException(code: 0): Database connection [announcement] not configured. at /mnt/d/010_Web開発/100_TaxDemo/act100/vendor/laravel/framework/src/Illuminate/Database/DatabaseManager.php:173)
[stacktrace]
#0 /mnt/d/010_Web開発/100_TaxDemo/act100/vendor/laravel/framework/src/Illuminate/Database/DatabaseManager.php(136): Illuminate\\Database\\DatabaseManager->configuration()
#1 /mnt/d/010_Web開発/100_TaxDemo/act100/vendor/laravel/framework/src/Illuminate/Database/DatabaseManager.php(101): Illuminate\\Database\\DatabaseManager->makeConnection()
#2 /mnt/d/010_Web開発/100_TaxDemo/act100/vendor/laravel/framework/src/Illuminate/Database/Migrations/DatabaseMigrationRepository.php(226): Illuminate\\Database\\DatabaseManager->connection()
#3 /mnt/d/010_Web開発/100_TaxDemo/act100/vendor/laravel/framework/src/Illuminate/Database/Migrations/DatabaseMigrationRepository.php(182): Illuminate\\Database\\Migrations\\DatabaseMigrationRepository->getConnection()
#4 /mnt/d/010_Web開発/100_TaxDemo/act100/vendor/laravel/framework/src/Illuminate/Database/Migrations/Migrator.php(699): Illuminate\\Database\\Migrations\\DatabaseMigrationRepository->repositoryExists()
#5 /mnt/d/010_Web開発/100_TaxDemo/act100/vendor/laravel/framework/src/Illuminate/Database/Console/Migrations/MigrateCommand.php(138): Illuminate\\Database\\Migrations\\Migrator->repositoryExists()
#6 /mnt/d/010_Web開発/100_TaxDemo/act100/vendor/laravel/framework/src/Illuminate/Support/helpers.php(247): Illuminate\\Database\\Console\\Migrations\\MigrateCommand->Illuminate\\Database\\Console\\Migrations\\{closure}()
#7 /mnt/d/010_Web開発/100_TaxDemo/act100/vendor/laravel/framework/src/Illuminate/Database/Console/Migrations/MigrateCommand.php(157): retry()
#8 /mnt/d/010_Web開発/100_TaxDemo/act100/vendor/laravel/framework/src/Illuminate/Database/Console/Migrations/MigrateCommand.php(114): Illuminate\\Database\\Console\\Migrations\\MigrateCommand->repositoryExists()
#9 /mnt/d/010_Web開発/100_TaxDemo/act100/vendor/laravel/framework/src/Illuminate/Database/Console/Migrations/MigrateCommand.php(82): Illuminate\\Database\\Console\\Migrations\\MigrateCommand->prepareDatabase()
#10 /mnt/d/010_Web開発/100_TaxDemo/act100/vendor/laravel/framework/src/Illuminate/Database/Migrations/Migrator.php(632): Illuminate\\Database\\Console\\Migrations\\MigrateCommand->Illuminate\\Database\\Console\\Migrations\\{closure}()
#11 /mnt/d/010_Web開発/100_TaxDemo/act100/vendor/laravel/framework/src/Illuminate/Database/Console/Migrations/MigrateCommand.php(102): Illuminate\\Database\\Migrations\\Migrator->usingConnection()
#12 /mnt/d/010_Web開発/100_TaxDemo/act100/vendor/laravel/framework/src/Illuminate/Container/BoundMethod.php(36): Illuminate\\Database\\Console\\Migrations\\MigrateCommand->handle()
#13 /mnt/d/010_Web開発/100_TaxDemo/act100/vendor/laravel/framework/src/Illuminate/Container/Util.php(41): Illuminate\\Container\\BoundMethod::Illuminate\\Container\\{closure}()
#14 /mnt/d/010_Web開発/100_TaxDemo/act100/vendor/laravel/framework/src/Illuminate/Container/BoundMethod.php(93): Illuminate\\Container\\Util::unwrapIfClosure()
#15 /mnt/d/010_Web開発/100_TaxDemo/act100/vendor/laravel/framework/src/Illuminate/Container/BoundMethod.php(37): Illuminate\\Container\\BoundMethod::callBoundMethod()
#16 /mnt/d/010_Web開発/100_TaxDemo/act100/vendor/laravel/framework/src/Illuminate/Container/Container.php(661): Illuminate\\Container\\BoundMethod::call()
#17 /mnt/d/010_Web開発/100_TaxDemo/act100/vendor/laravel/framework/src/Illuminate/Console/Command.php(194): Illuminate\\Container\\Container->call()
#18 /mnt/d/010_Web開発/100_TaxDemo/act100/vendor/symfony/console/Command/Command.php(312): Illuminate\\Console\\Command->execute()
#19 /mnt/d/010_Web開発/100_TaxDemo/act100/vendor/laravel/framework/src/Illuminate/Console/Command.php(164): Symfony\\Component\\Console\\Command\\Command->run()
#20 /mnt/d/010_Web開発/100_TaxDemo/act100/vendor/symfony/console/Application.php(1022): Illuminate\\Console\\Command->run()
#21 /mnt/d/010_Web開発/100_TaxDemo/act100/vendor/symfony/console/Application.php(314): Symfony\\Component\\Console\\Application->doRunCommand()
#22 /mnt/d/010_Web開発/100_TaxDemo/act100/vendor/symfony/console/Application.php(168): Symfony\\Component\\Console\\Application->doRun()
#23 /mnt/d/010_Web開発/100_TaxDemo/act100/vendor/laravel/framework/src/Illuminate/Console/Application.php(102): Symfony\\Component\\Console\\Application->run()
#24 /mnt/d/010_Web開発/100_TaxDemo/act100/vendor/laravel/framework/src/Illuminate/Foundation/Console/Kernel.php(155): Illuminate\\Console\\Application->run()
#25 /mnt/d/010_Web開発/100_TaxDemo/act100/artisan(37): Illuminate\\Foundation\\Console\\Kernel->handle()
#26 {main}
"} 
[2023-11-07 21:15:08] Act:.ERROR: could not find driver (Connection: mysql, SQL: select * from information_schema.tables where table_schema = act100 and table_name = migrations and table_type = 'BASE TABLE') {"exception":"[object] (Illuminate\\Database\\QueryException(code: 0): could not find driver (Connection: mysql, SQL: select * from information_schema.tables where table_schema = act100 and table_name = migrations and table_type = 'BASE TABLE') at /mnt/d/010_Web開発/100_TaxDemo/act100/vendor/laravel/framework/src/Illuminate/Database/Connection.php:760)
[stacktrace]
#0 /mnt/d/010_Web開発/100_TaxDemo/act100/vendor/laravel/framework/src/Illuminate/Database/Connection.php(720): Illuminate\\Database\\Connection->runQueryCallback()
#1 /mnt/d/010_Web開発/100_TaxDemo/act100/vendor/laravel/framework/src/Illuminate/Database/Connection.php(422): Illuminate\\Database\\Connection->run()
#2 /mnt/d/010_Web開発/100_TaxDemo/act100/vendor/laravel/framework/src/Illuminate/Database/Connection.php(392): Illuminate\\Database\\Connection->select()
#3 /mnt/d/010_Web開発/100_TaxDemo/act100/vendor/laravel/framework/src/Illuminate/Database/Schema/MySqlBuilder.php(44): Illuminate\\Database\\Connection->selectFromWriteConnection()
#4 /mnt/d/010_Web開発/100_TaxDemo/act100/vendor/laravel/framework/src/Illuminate/Database/Migrations/DatabaseMigrationRepository.php(184): Illuminate\\Database\\Schema\\MySqlBuilder->hasTable()
#5 /mnt/d/010_Web開発/100_TaxDemo/act100/vendor/laravel/framework/src/Illuminate/Database/Migrations/Migrator.php(699): Illuminate\\Database\\Migrations\\DatabaseMigrationRepository->repositoryExists()
#6 /mnt/d/010_Web開発/100_TaxDemo/act100/vendor/laravel/framework/src/Illuminate/Database/Console/Migrations/MigrateCommand.php(138): Illuminate\\Database\\Migrations\\Migrator->repositoryExists()
#7 /mnt/d/010_Web開発/100_TaxDemo/act100/vendor/laravel/framework/src/Illuminate/Support/helpers.php(247): Illuminate\\Database\\Console\\Migrations\\MigrateCommand->Illuminate\\Database\\Console\\Migrations\\{closure}()
#8 /mnt/d/010_Web開発/100_TaxDemo/act100/vendor/laravel/framework/src/Illuminate/Database/Console/Migrations/MigrateCommand.php(157): retry()
#9 /mnt/d/010_Web開発/100_TaxDemo/act100/vendor/laravel/framework/src/Illuminate/Database/Console/Migrations/MigrateCommand.php(114): Illuminate\\Database\\Console\\Migrations\\MigrateCommand->repositoryExists()
#10 /mnt/d/010_Web開発/100_TaxDemo/act100/vendor/laravel/framework/src/Illuminate/Database/Console/Migrations/MigrateCommand.php(82): Illuminate\\Database\\Console\\Migrations\\MigrateCommand->prepareDatabase()
#11 /mnt/d/010_Web開発/100_TaxDemo/act100/vendor/laravel/framework/src/Illuminate/Database/Migrations/Migrator.php(632): Illuminate\\Database\\Console\\Migrations\\MigrateCommand->Illuminate\\Database\\Console\\Migrations\\{closure}()
#12 /mnt/d/010_Web開発/100_TaxDemo/act100/vendor/laravel/framework/src/Illuminate/Database/Console/Migrations/MigrateCommand.php(102): Illuminate\\Database\\Migrations\\Migrator->usingConnection()
#13 /mnt/d/010_Web開発/100_TaxDemo/act100/vendor/laravel/framework/src/Illuminate/Container/BoundMethod.php(36): Illuminate\\Database\\Console\\Migrations\\MigrateCommand->handle()
#14 /mnt/d/010_Web開発/100_TaxDemo/act100/vendor/laravel/framework/src/Illuminate/Container/Util.php(41): Illuminate\\Container\\BoundMethod::Illuminate\\Container\\{closure}()
#15 /mnt/d/010_Web開発/100_TaxDemo/act100/vendor/laravel/framework/src/Illuminate/Container/BoundMethod.php(93): Illuminate\\Container\\Util::unwrapIfClosure()
#16 /mnt/d/010_Web開発/100_TaxDemo/act100/vendor/laravel/framework/src/Illuminate/Container/BoundMethod.php(37): Illuminate\\Container\\BoundMethod::callBoundMethod()
#17 /mnt/d/010_Web開発/100_TaxDemo/act100/vendor/laravel/framework/src/Illuminate/Container/Container.php(661): Illuminate\\Container\\BoundMethod::call()
#18 /mnt/d/010_Web開発/100_TaxDemo/act100/vendor/laravel/framework/src/Illuminate/Console/Command.php(194): Illuminate\\Container\\Container->call()
#19 /mnt/d/010_Web開発/100_TaxDemo/act100/vendor/symfony/console/Command/Command.php(312): Illuminate\\Console\\Command->execute()
#20 /mnt/d/010_Web開発/100_TaxDemo/act100/vendor/laravel/framework/src/Illuminate/Console/Command.php(164): Symfony\\Component\\Console\\Command\\Command->run()
#21 /mnt/d/010_Web開発/100_TaxDemo/act100/vendor/symfony/console/Application.php(1022): Illuminate\\Console\\Command->run()
#22 /mnt/d/010_Web開発/100_TaxDemo/act100/vendor/symfony/console/Application.php(314): Symfony\\Component\\Console\\Application->doRunCommand()
#23 /mnt/d/010_Web開発/100_TaxDemo/act100/vendor/symfony/console/Application.php(168): Symfony\\Component\\Console\\Application->doRun()
#24 /mnt/d/010_Web開発/100_TaxDemo/act100/vendor/laravel/framework/src/Illuminate/Console/Application.php(102): Symfony\\Component\\Console\\Application->run()
#25 /mnt/d/010_Web開発/100_TaxDemo/act100/vendor/laravel/framework/src/Illuminate/Foundation/Console/Kernel.php(155): Illuminate\\Console\\Application->run()
#26 /mnt/d/010_Web開発/100_TaxDemo/act100/artisan(37): Illuminate\\Foundation\\Console\\Kernel->handle()
#27 {main}

[previous exception] [object] (PDOException(code: 0): could not find driver at /mnt/d/010_Web開発/100_TaxDemo/act100/vendor/laravel/framework/src/Illuminate/Database/Connectors/Connector.php:65)
[stacktrace]
#0 /mnt/d/010_Web開発/100_TaxDemo/act100/vendor/laravel/framework/src/Illuminate/Database/Connectors/Connector.php(65): PDO->__construct()
#1 /mnt/d/010_Web開発/100_TaxDemo/act100/vendor/laravel/framework/src/Illuminate/Database/Connectors/Connector.php(45): Illuminate\\Database\\Connectors\\Connector->createPdoConnection()
#2 /mnt/d/010_Web開発/100_TaxDemo/act100/vendor/laravel/framework/src/Illuminate/Database/Connectors/MySqlConnector.php(24): Illuminate\\Database\\Connectors\\Connector->createConnection()
#3 /mnt/d/010_Web開発/100_TaxDemo/act100/vendor/laravel/framework/src/Illuminate/Database/Connectors/ConnectionFactory.php(184): Illuminate\\Database\\Connectors\\MySqlConnector->connect()
#4 [internal function]: Illuminate\\Database\\Connectors\\ConnectionFactory->Illuminate\\Database\\Connectors\\{closure}()
#5 /mnt/d/010_Web開発/100_TaxDemo/act100/vendor/laravel/framework/src/Illuminate/Database/Connection.php(1177): call_user_func()
#6 /mnt/d/010_Web開発/100_TaxDemo/act100/vendor/laravel/framework/src/Illuminate/Database/Connection.php(486): Illuminate\\Database\\Connection->getPdo()
#7 /mnt/d/010_Web開発/100_TaxDemo/act100/vendor/laravel/framework/src/Illuminate/Database/Connection.php(414): Illuminate\\Database\\Connection->getPdoForSelect()
#8 /mnt/d/010_Web開発/100_TaxDemo/act100/vendor/laravel/framework/src/Illuminate/Database/Connection.php(753): Illuminate\\Database\\Connection->Illuminate\\Database\\{closure}()
#9 /mnt/d/010_Web開発/100_TaxDemo/act100/vendor/laravel/framework/src/Illuminate/Database/Connection.php(720): Illuminate\\Database\\Connection->runQueryCallback()
#10 /mnt/d/010_Web開発/100_TaxDemo/act100/vendor/laravel/framework/src/Illuminate/Database/Connection.php(422): Illuminate\\Database\\Connection->run()
#11 /mnt/d/010_Web開発/100_TaxDemo/act100/vendor/laravel/framework/src/Illuminate/Database/Connection.php(392): Illuminate\\Database\\Connection->select()
#12 /mnt/d/010_Web開発/100_TaxDemo/act100/vendor/laravel/framework/src/Illuminate/Database/Schema/MySqlBuilder.php(44): Illuminate\\Database\\Connection->selectFromWriteConnection()
#13 /mnt/d/010_Web開発/100_TaxDemo/act100/vendor/laravel/framework/src/Illuminate/Database/Migrations/DatabaseMigrationRepository.php(184): Illuminate\\Database\\Schema\\MySqlBuilder->hasTable()
#14 /mnt/d/010_Web開発/100_TaxDemo/act100/vendor/laravel/framework/src/Illuminate/Database/Migrations/Migrator.php(699): Illuminate\\Database\\Migrations\\DatabaseMigrationRepository->repositoryExists()
#15 /mnt/d/010_Web開発/100_TaxDemo/act100/vendor/laravel/framework/src/Illuminate/Database/Console/Migrations/MigrateCommand.php(138): Illuminate\\Database\\Migrations\\Migrator->repositoryExists()
#16 /mnt/d/010_Web開発/100_TaxDemo/act100/vendor/laravel/framework/src/Illuminate/Support/helpers.php(247): Illuminate\\Database\\Console\\Migrations\\MigrateCommand->Illuminate\\Database\\Console\\Migrations\\{closure}()
#17 /mnt/d/010_Web開発/100_TaxDemo/act100/vendor/laravel/framework/src/Illuminate/Database/Console/Migrations/MigrateCommand.php(157): retry()
#18 /mnt/d/010_Web開発/100_TaxDemo/act100/vendor/laravel/framework/src/Illuminate/Database/Console/Migrations/MigrateCommand.php(114): Illuminate\\Database\\Console\\Migrations\\MigrateCommand->repositoryExists()
#19 /mnt/d/010_Web開発/100_TaxDemo/act100/vendor/laravel/framework/src/Illuminate/Database/Console/Migrations/MigrateCommand.php(82): Illuminate\\Database\\Console\\Migrations\\MigrateCommand->prepareDatabase()
#20 /mnt/d/010_Web開発/100_TaxDemo/act100/vendor/laravel/framework/src/Illuminate/Database/Migrations/Migrator.php(632): Illuminate\\Database\\Console\\Migrations\\MigrateCommand->Illuminate\\Database\\Console\\Migrations\\{closure}()
#21 /mnt/d/010_Web開発/100_TaxDemo/act100/vendor/laravel/framework/src/Illuminate/Database/Console/Migrations/MigrateCommand.php(102): Illuminate\\Database\\Migrations\\Migrator->usingConnection()
#22 /mnt/d/010_Web開発/100_TaxDemo/act100/vendor/laravel/framework/src/Illuminate/Container/BoundMethod.php(36): Illuminate\\Database\\Console\\Migrations\\MigrateCommand->handle()
#23 /mnt/d/010_Web開発/100_TaxDemo/act100/vendor/laravel/framework/src/Illuminate/Container/Util.php(41): Illuminate\\Container\\BoundMethod::Illuminate\\Container\\{closure}()
#24 /mnt/d/010_Web開発/100_TaxDemo/act100/vendor/laravel/framework/src/Illuminate/Container/BoundMethod.php(93): Illuminate\\Container\\Util::unwrapIfClosure()
#25 /mnt/d/010_Web開発/100_TaxDemo/act100/vendor/laravel/framework/src/Illuminate/Container/BoundMethod.php(37): Illuminate\\Container\\BoundMethod::callBoundMethod()
#26 /mnt/d/010_Web開発/100_TaxDemo/act100/vendor/laravel/framework/src/Illuminate/Container/Container.php(661): Illuminate\\Container\\BoundMethod::call()
#27 /mnt/d/010_Web開発/100_TaxDemo/act100/vendor/laravel/framework/src/Illuminate/Console/Command.php(194): Illuminate\\Container\\Container->call()
#28 /mnt/d/010_Web開発/100_TaxDemo/act100/vendor/symfony/console/Command/Command.php(312): Illuminate\\Console\\Command->execute()
#29 /mnt/d/010_Web開発/100_TaxDemo/act100/vendor/laravel/framework/src/Illuminate/Console/Command.php(164): Symfony\\Component\\Console\\Command\\Command->run()
#30 /mnt/d/010_Web開発/100_TaxDemo/act100/vendor/symfony/console/Application.php(1022): Illuminate\\Console\\Command->run()
#31 /mnt/d/010_Web開発/100_TaxDemo/act100/vendor/symfony/console/Application.php(314): Symfony\\Component\\Console\\Application->doRunCommand()
#32 /mnt/d/010_Web開発/100_TaxDemo/act100/vendor/symfony/console/Application.php(168): Symfony\\Component\\Console\\Application->doRun()
#33 /mnt/d/010_Web開発/100_TaxDemo/act100/vendor/laravel/framework/src/Illuminate/Console/Application.php(102): Symfony\\Component\\Console\\Application->run()
#34 /mnt/d/010_Web開発/100_TaxDemo/act100/vendor/laravel/framework/src/Illuminate/Foundation/Console/Kernel.php(155): Illuminate\\Console\\Application->run()
#35 /mnt/d/010_Web開発/100_TaxDemo/act100/artisan(37): Illuminate\\Foundation\\Console\\Kernel->handle()
#36 {main}
"} 
[2023-11-07 21:16:36] Act:.ERROR: Database connection [announcements] not configured. {"exception":"[object] (InvalidArgumentException(code: 0): Database connection [announcements] not configured. at /mnt/d/010_Web開発/100_TaxDemo/act100/vendor/laravel/framework/src/Illuminate/Database/DatabaseManager.php:173)
[stacktrace]
#0 /mnt/d/010_Web開発/100_TaxDemo/act100/vendor/laravel/framework/src/Illuminate/Database/DatabaseManager.php(136): Illuminate\\Database\\DatabaseManager->configuration()
#1 /mnt/d/010_Web開発/100_TaxDemo/act100/vendor/laravel/framework/src/Illuminate/Database/DatabaseManager.php(101): Illuminate\\Database\\DatabaseManager->makeConnection()
#2 /mnt/d/010_Web開発/100_TaxDemo/act100/vendor/laravel/framework/src/Illuminate/Database/Migrations/DatabaseMigrationRepository.php(226): Illuminate\\Database\\DatabaseManager->connection()
#3 /mnt/d/010_Web開発/100_TaxDemo/act100/vendor/laravel/framework/src/Illuminate/Database/Migrations/DatabaseMigrationRepository.php(182): Illuminate\\Database\\Migrations\\DatabaseMigrationRepository->getConnection()
#4 /mnt/d/010_Web開発/100_TaxDemo/act100/vendor/laravel/framework/src/Illuminate/Database/Migrations/Migrator.php(699): Illuminate\\Database\\Migrations\\DatabaseMigrationRepository->repositoryExists()
#5 /mnt/d/010_Web開発/100_TaxDemo/act100/vendor/laravel/framework/src/Illuminate/Database/Console/Migrations/MigrateCommand.php(138): Illuminate\\Database\\Migrations\\Migrator->repositoryExists()
#6 /mnt/d/010_Web開発/100_TaxDemo/act100/vendor/laravel/framework/src/Illuminate/Support/helpers.php(247): Illuminate\\Database\\Console\\Migrations\\MigrateCommand->Illuminate\\Database\\Console\\Migrations\\{closure}()
#7 /mnt/d/010_Web開発/100_TaxDemo/act100/vendor/laravel/framework/src/Illuminate/Database/Console/Migrations/MigrateCommand.php(157): retry()
#8 /mnt/d/010_Web開発/100_TaxDemo/act100/vendor/laravel/framework/src/Illuminate/Database/Console/Migrations/MigrateCommand.php(114): Illuminate\\Database\\Console\\Migrations\\MigrateCommand->repositoryExists()
#9 /mnt/d/010_Web開発/100_TaxDemo/act100/vendor/laravel/framework/src/Illuminate/Database/Console/Migrations/MigrateCommand.php(82): Illuminate\\Database\\Console\\Migrations\\MigrateCommand->prepareDatabase()
#10 /mnt/d/010_Web開発/100_TaxDemo/act100/vendor/laravel/framework/src/Illuminate/Database/Migrations/Migrator.php(632): Illuminate\\Database\\Console\\Migrations\\MigrateCommand->Illuminate\\Database\\Console\\Migrations\\{closure}()
#11 /mnt/d/010_Web開発/100_TaxDemo/act100/vendor/laravel/framework/src/Illuminate/Database/Console/Migrations/MigrateCommand.php(102): Illuminate\\Database\\Migrations\\Migrator->usingConnection()
#12 /mnt/d/010_Web開発/100_TaxDemo/act100/vendor/laravel/framework/src/Illuminate/Container/BoundMethod.php(36): Illuminate\\Database\\Console\\Migrations\\MigrateCommand->handle()
#13 /mnt/d/010_Web開発/100_TaxDemo/act100/vendor/laravel/framework/src/Illuminate/Container/Util.php(41): Illuminate\\Container\\BoundMethod::Illuminate\\Container\\{closure}()
#14 /mnt/d/010_Web開発/100_TaxDemo/act100/vendor/laravel/framework/src/Illuminate/Container/BoundMethod.php(93): Illuminate\\Container\\Util::unwrapIfClosure()
#15 /mnt/d/010_Web開発/100_TaxDemo/act100/vendor/laravel/framework/src/Illuminate/Container/BoundMethod.php(37): Illuminate\\Container\\BoundMethod::callBoundMethod()
#16 /mnt/d/010_Web開発/100_TaxDemo/act100/vendor/laravel/framework/src/Illuminate/Container/Container.php(661): Illuminate\\Container\\BoundMethod::call()
#17 /mnt/d/010_Web開発/100_TaxDemo/act100/vendor/laravel/framework/src/Illuminate/Console/Command.php(194): Illuminate\\Container\\Container->call()
#18 /mnt/d/010_Web開発/100_TaxDemo/act100/vendor/symfony/console/Command/Command.php(312): Illuminate\\Console\\Command->execute()
#19 /mnt/d/010_Web開発/100_TaxDemo/act100/vendor/laravel/framework/src/Illuminate/Console/Command.php(164): Symfony\\Component\\Console\\Command\\Command->run()
#20 /mnt/d/010_Web開発/100_TaxDemo/act100/vendor/symfony/console/Application.php(1022): Illuminate\\Console\\Command->run()
#21 /mnt/d/010_Web開発/100_TaxDemo/act100/vendor/symfony/console/Application.php(314): Symfony\\Component\\Console\\Application->doRunCommand()
#22 /mnt/d/010_Web開発/100_TaxDemo/act100/vendor/symfony/console/Application.php(168): Symfony\\Component\\Console\\Application->doRun()
#23 /mnt/d/010_Web開発/100_TaxDemo/act100/vendor/laravel/framework/src/Illuminate/Console/Application.php(102): Symfony\\Component\\Console\\Application->run()
#24 /mnt/d/010_Web開発/100_TaxDemo/act100/vendor/laravel/framework/src/Illuminate/Foundation/Console/Kernel.php(155): Illuminate\\Console\\Application->run()
#25 /mnt/d/010_Web開発/100_TaxDemo/act100/artisan(37): Illuminate\\Foundation\\Console\\Kernel->handle()
#26 {main}
"} 
[2023-11-07 21:18:51] Act:.ERROR: could not find driver (Connection: mysql, SQL: select * from information_schema.tables where table_schema = act100 and table_name = migrations and table_type = 'BASE TABLE') {"exception":"[object] (Illuminate\\Database\\QueryException(code: 0): could not find driver (Connection: mysql, SQL: select * from information_schema.tables where table_schema = act100 and table_name = migrations and table_type = 'BASE TABLE') at /mnt/d/010_Web開発/100_TaxDemo/act100/vendor/laravel/framework/src/Illuminate/Database/Connection.php:760)
[stacktrace]
#0 /mnt/d/010_Web開発/100_TaxDemo/act100/vendor/laravel/framework/src/Illuminate/Database/Connection.php(720): Illuminate\\Database\\Connection->runQueryCallback()
#1 /mnt/d/010_Web開発/100_TaxDemo/act100/vendor/laravel/framework/src/Illuminate/Database/Connection.php(422): Illuminate\\Database\\Connection->run()
#2 /mnt/d/010_Web開発/100_TaxDemo/act100/vendor/laravel/framework/src/Illuminate/Database/Connection.php(392): Illuminate\\Database\\Connection->select()
#3 /mnt/d/010_Web開発/100_TaxDemo/act100/vendor/laravel/framework/src/Illuminate/Database/Schema/MySqlBuilder.php(44): Illuminate\\Database\\Connection->selectFromWriteConnection()
#4 /mnt/d/010_Web開発/100_TaxDemo/act100/vendor/laravel/framework/src/Illuminate/Database/Migrations/DatabaseMigrationRepository.php(184): Illuminate\\Database\\Schema\\MySqlBuilder->hasTable()
#5 /mnt/d/010_Web開発/100_TaxDemo/act100/vendor/laravel/framework/src/Illuminate/Database/Migrations/Migrator.php(699): Illuminate\\Database\\Migrations\\DatabaseMigrationRepository->repositoryExists()
#6 /mnt/d/010_Web開発/100_TaxDemo/act100/vendor/laravel/framework/src/Illuminate/Database/Console/Migrations/MigrateCommand.php(138): Illuminate\\Database\\Migrations\\Migrator->repositoryExists()
#7 /mnt/d/010_Web開発/100_TaxDemo/act100/vendor/laravel/framework/src/Illuminate/Support/helpers.php(247): Illuminate\\Database\\Console\\Migrations\\MigrateCommand->Illuminate\\Database\\Console\\Migrations\\{closure}()
#8 /mnt/d/010_Web開発/100_TaxDemo/act100/vendor/laravel/framework/src/Illuminate/Database/Console/Migrations/MigrateCommand.php(157): retry()
#9 /mnt/d/010_Web開発/100_TaxDemo/act100/vendor/laravel/framework/src/Illuminate/Database/Console/Migrations/MigrateCommand.php(114): Illuminate\\Database\\Console\\Migrations\\MigrateCommand->repositoryExists()
#10 /mnt/d/010_Web開発/100_TaxDemo/act100/vendor/laravel/framework/src/Illuminate/Database/Console/Migrations/MigrateCommand.php(82): Illuminate\\Database\\Console\\Migrations\\MigrateCommand->prepareDatabase()
#11 /mnt/d/010_Web開発/100_TaxDemo/act100/vendor/laravel/framework/src/Illuminate/Database/Migrations/Migrator.php(632): Illuminate\\Database\\Console\\Migrations\\MigrateCommand->Illuminate\\Database\\Console\\Migrations\\{closure}()
#12 /mnt/d/010_Web開発/100_TaxDemo/act100/vendor/laravel/framework/src/Illuminate/Database/Console/Migrations/MigrateCommand.php(102): Illuminate\\Database\\Migrations\\Migrator->usingConnection()
#13 /mnt/d/010_Web開発/100_TaxDemo/act100/vendor/laravel/framework/src/Illuminate/Container/BoundMethod.php(36): Illuminate\\Database\\Console\\Migrations\\MigrateCommand->handle()
#14 /mnt/d/010_Web開発/100_TaxDemo/act100/vendor/laravel/framework/src/Illuminate/Container/Util.php(41): Illuminate\\Container\\BoundMethod::Illuminate\\Container\\{closure}()
#15 /mnt/d/010_Web開発/100_TaxDemo/act100/vendor/laravel/framework/src/Illuminate/Container/BoundMethod.php(93): Illuminate\\Container\\Util::unwrapIfClosure()
#16 /mnt/d/010_Web開発/100_TaxDemo/act100/vendor/laravel/framework/src/Illuminate/Container/BoundMethod.php(37): Illuminate\\Container\\BoundMethod::callBoundMethod()
#17 /mnt/d/010_Web開発/100_TaxDemo/act100/vendor/laravel/framework/src/Illuminate/Container/Container.php(661): Illuminate\\Container\\BoundMethod::call()
#18 /mnt/d/010_Web開発/100_TaxDemo/act100/vendor/laravel/framework/src/Illuminate/Console/Command.php(194): Illuminate\\Container\\Container->call()
#19 /mnt/d/010_Web開発/100_TaxDemo/act100/vendor/symfony/console/Command/Command.php(312): Illuminate\\Console\\Command->execute()
#20 /mnt/d/010_Web開発/100_TaxDemo/act100/vendor/laravel/framework/src/Illuminate/Console/Command.php(164): Symfony\\Component\\Console\\Command\\Command->run()
#21 /mnt/d/010_Web開発/100_TaxDemo/act100/vendor/symfony/console/Application.php(1022): Illuminate\\Console\\Command->run()
#22 /mnt/d/010_Web開発/100_TaxDemo/act100/vendor/symfony/console/Application.php(314): Symfony\\Component\\Console\\Application->doRunCommand()
#23 /mnt/d/010_Web開発/100_TaxDemo/act100/vendor/symfony/console/Application.php(168): Symfony\\Component\\Console\\Application->doRun()
#24 /mnt/d/010_Web開発/100_TaxDemo/act100/vendor/laravel/framework/src/Illuminate/Console/Application.php(102): Symfony\\Component\\Console\\Application->run()
#25 /mnt/d/010_Web開発/100_TaxDemo/act100/vendor/laravel/framework/src/Illuminate/Foundation/Console/Kernel.php(155): Illuminate\\Console\\Application->run()
#26 /mnt/d/010_Web開発/100_TaxDemo/act100/artisan(37): Illuminate\\Foundation\\Console\\Kernel->handle()
#27 {main}

[previous exception] [object] (PDOException(code: 0): could not find driver at /mnt/d/010_Web開発/100_TaxDemo/act100/vendor/laravel/framework/src/Illuminate/Database/Connectors/Connector.php:65)
[stacktrace]
#0 /mnt/d/010_Web開発/100_TaxDemo/act100/vendor/laravel/framework/src/Illuminate/Database/Connectors/Connector.php(65): PDO->__construct()
#1 /mnt/d/010_Web開発/100_TaxDemo/act100/vendor/laravel/framework/src/Illuminate/Database/Connectors/Connector.php(45): Illuminate\\Database\\Connectors\\Connector->createPdoConnection()
#2 /mnt/d/010_Web開発/100_TaxDemo/act100/vendor/laravel/framework/src/Illuminate/Database/Connectors/MySqlConnector.php(24): Illuminate\\Database\\Connectors\\Connector->createConnection()
#3 /mnt/d/010_Web開発/100_TaxDemo/act100/vendor/laravel/framework/src/Illuminate/Database/Connectors/ConnectionFactory.php(184): Illuminate\\Database\\Connectors\\MySqlConnector->connect()
#4 [internal function]: Illuminate\\Database\\Connectors\\ConnectionFactory->Illuminate\\Database\\Connectors\\{closure}()
#5 /mnt/d/010_Web開発/100_TaxDemo/act100/vendor/laravel/framework/src/Illuminate/Database/Connection.php(1177): call_user_func()
#6 /mnt/d/010_Web開発/100_TaxDemo/act100/vendor/laravel/framework/src/Illuminate/Database/Connection.php(486): Illuminate\\Database\\Connection->getPdo()
#7 /mnt/d/010_Web開発/100_TaxDemo/act100/vendor/laravel/framework/src/Illuminate/Database/Connection.php(414): Illuminate\\Database\\Connection->getPdoForSelect()
#8 /mnt/d/010_Web開発/100_TaxDemo/act100/vendor/laravel/framework/src/Illuminate/Database/Connection.php(753): Illuminate\\Database\\Connection->Illuminate\\Database\\{closure}()
#9 /mnt/d/010_Web開発/100_TaxDemo/act100/vendor/laravel/framework/src/Illuminate/Database/Connection.php(720): Illuminate\\Database\\Connection->runQueryCallback()
#10 /mnt/d/010_Web開発/100_TaxDemo/act100/vendor/laravel/framework/src/Illuminate/Database/Connection.php(422): Illuminate\\Database\\Connection->run()
#11 /mnt/d/010_Web開発/100_TaxDemo/act100/vendor/laravel/framework/src/Illuminate/Database/Connection.php(392): Illuminate\\Database\\Connection->select()
#12 /mnt/d/010_Web開発/100_TaxDemo/act100/vendor/laravel/framework/src/Illuminate/Database/Schema/MySqlBuilder.php(44): Illuminate\\Database\\Connection->selectFromWriteConnection()
#13 /mnt/d/010_Web開発/100_TaxDemo/act100/vendor/laravel/framework/src/Illuminate/Database/Migrations/DatabaseMigrationRepository.php(184): Illuminate\\Database\\Schema\\MySqlBuilder->hasTable()
#14 /mnt/d/010_Web開発/100_TaxDemo/act100/vendor/laravel/framework/src/Illuminate/Database/Migrations/Migrator.php(699): Illuminate\\Database\\Migrations\\DatabaseMigrationRepository->repositoryExists()
#15 /mnt/d/010_Web開発/100_TaxDemo/act100/vendor/laravel/framework/src/Illuminate/Database/Console/Migrations/MigrateCommand.php(138): Illuminate\\Database\\Migrations\\Migrator->repositoryExists()
#16 /mnt/d/010_Web開発/100_TaxDemo/act100/vendor/laravel/framework/src/Illuminate/Support/helpers.php(247): Illuminate\\Database\\Console\\Migrations\\MigrateCommand->Illuminate\\Database\\Console\\Migrations\\{closure}()
#17 /mnt/d/010_Web開発/100_TaxDemo/act100/vendor/laravel/framework/src/Illuminate/Database/Console/Migrations/MigrateCommand.php(157): retry()
#18 /mnt/d/010_Web開発/100_TaxDemo/act100/vendor/laravel/framework/src/Illuminate/Database/Console/Migrations/MigrateCommand.php(114): Illuminate\\Database\\Console\\Migrations\\MigrateCommand->repositoryExists()
#19 /mnt/d/010_Web開発/100_TaxDemo/act100/vendor/laravel/framework/src/Illuminate/Database/Console/Migrations/MigrateCommand.php(82): Illuminate\\Database\\Console\\Migrations\\MigrateCommand->prepareDatabase()
#20 /mnt/d/010_Web開発/100_TaxDemo/act100/vendor/laravel/framework/src/Illuminate/Database/Migrations/Migrator.php(632): Illuminate\\Database\\Console\\Migrations\\MigrateCommand->Illuminate\\Database\\Console\\Migrations\\{closure}()
#21 /mnt/d/010_Web開発/100_TaxDemo/act100/vendor/laravel/framework/src/Illuminate/Database/Console/Migrations/MigrateCommand.php(102): Illuminate\\Database\\Migrations\\Migrator->usingConnection()
#22 /mnt/d/010_Web開発/100_TaxDemo/act100/vendor/laravel/framework/src/Illuminate/Container/BoundMethod.php(36): Illuminate\\Database\\Console\\Migrations\\MigrateCommand->handle()
#23 /mnt/d/010_Web開発/100_TaxDemo/act100/vendor/laravel/framework/src/Illuminate/Container/Util.php(41): Illuminate\\Container\\BoundMethod::Illuminate\\Container\\{closure}()
#24 /mnt/d/010_Web開発/100_TaxDemo/act100/vendor/laravel/framework/src/Illuminate/Container/BoundMethod.php(93): Illuminate\\Container\\Util::unwrapIfClosure()
#25 /mnt/d/010_Web開発/100_TaxDemo/act100/vendor/laravel/framework/src/Illuminate/Container/BoundMethod.php(37): Illuminate\\Container\\BoundMethod::callBoundMethod()
#26 /mnt/d/010_Web開発/100_TaxDemo/act100/vendor/laravel/framework/src/Illuminate/Container/Container.php(661): Illuminate\\Container\\BoundMethod::call()
#27 /mnt/d/010_Web開発/100_TaxDemo/act100/vendor/laravel/framework/src/Illuminate/Console/Command.php(194): Illuminate\\Container\\Container->call()
#28 /mnt/d/010_Web開発/100_TaxDemo/act100/vendor/symfony/console/Command/Command.php(312): Illuminate\\Console\\Command->execute()
#29 /mnt/d/010_Web開発/100_TaxDemo/act100/vendor/laravel/framework/src/Illuminate/Console/Command.php(164): Symfony\\Component\\Console\\Command\\Command->run()
#30 /mnt/d/010_Web開発/100_TaxDemo/act100/vendor/symfony/console/Application.php(1022): Illuminate\\Console\\Command->run()
#31 /mnt/d/010_Web開発/100_TaxDemo/act100/vendor/symfony/console/Application.php(314): Symfony\\Component\\Console\\Application->doRunCommand()
#32 /mnt/d/010_Web開発/100_TaxDemo/act100/vendor/symfony/console/Application.php(168): Symfony\\Component\\Console\\Application->doRun()
#33 /mnt/d/010_Web開発/100_TaxDemo/act100/vendor/laravel/framework/src/Illuminate/Console/Application.php(102): Symfony\\Component\\Console\\Application->run()
#34 /mnt/d/010_Web開発/100_TaxDemo/act100/vendor/laravel/framework/src/Illuminate/Foundation/Console/Kernel.php(155): Illuminate\\Console\\Application->run()
#35 /mnt/d/010_Web開発/100_TaxDemo/act100/artisan(37): Illuminate\\Foundation\\Console\\Kernel->handle()
#36 {main}
"} 
