[2024-12-28 11:17:21] Act:.INFO: LineWebhookController message START  
[2024-12-28 11:17:21] Act:.INFO: LineWebhookController replyNormalMessage START  
[2024-12-28 11:17:21] Act:.INFO: LineWebhookController replyNormalMessage END  
[2024-12-28 11:17:21] Act:.INFO: LineWebhookController message $userMessage = 問い合わせ  
[2024-12-28 11:17:21] Act:.INFO: LineWebhookController message END  
[2024-12-28 11:23:04] Act:.INFO: LineWebhookController message START  
[2024-12-28 11:23:04] Act:.INFO: LineWebhookController replyNormalMessage START  
[2024-12-28 11:23:04] Act:.INFO: LineWebhookController replyNormalMessage END  
[2024-12-28 11:23:04] Act:.INFO: LineWebhookController message $userMessage = 問い合わせ  
[2024-12-28 11:23:04] Act:.INFO: LineWebhookController message END  
[2024-12-28 11:25:29] Act:.INFO: LineWebhookController message START  
[2024-12-28 11:25:29] Act:.INFO: LineWebhookController replyNormalMessage START  
[2024-12-28 11:25:29] Act:.INFO: LineWebhookController replyNormalMessage END  
[2024-12-28 11:25:29] Act:.ERROR: Undefined variable $buttonsTemplate {"exception":"[object] (ErrorException(code: 0): Undefined variable $buttonsTemplate at /var/www/html/actver/app/Http/Controllers/LineWebhookController.php:275)
[2024-12-28 15:47:57] Act:.INFO: LineWebhookController message START  
[2024-12-28 15:47:57] Act:.INFO: LineWebhookController replyDefault START  
[2024-12-28 15:47:57] Act:.INFO: LineWebhookController replyDefault Reply failed:   = {"message":"Authorization header required. Must follow the scheme, 'Authorization: Bearer <ACCESS TOKEN>'"}  
[2024-12-28 15:47:57] Act:.INFO: LineWebhookController replyDefault Access Token:   =   
[2024-12-28 15:47:57] Act:.INFO: LineWebhookController replyDefault HTTP Status:    = 401  
[2024-12-28 15:47:57] Act:.INFO: LineWebhookController replyDefault Error Message:  = {"message":"Authorization header required. Must follow the scheme, 'Authorization: Bearer <ACCESS TOKEN>'"}  
[2024-12-28 15:47:57] Act:.INFO: LineWebhookController replyDefault END  
[2024-12-28 15:47:57] Act:.INFO: LineWebhookController message $userMessage = その他  
[2024-12-28 15:47:57] Act:.INFO: LineWebhookController message END  
[2024-12-28 15:57:04] Act:.INFO: LineWebhookController message START  
[2024-12-28 15:57:04] Act:.INFO: LineWebhookController replyDefault START  
[2024-12-28 15:57:04] Act:.INFO: Access Token:   
[2024-12-28 15:57:04] Act:.INFO: LineWebhookController replyDefault Reply failed:   = {"message":"Authorization header required. Must follow the scheme, 'Authorization: Bearer <ACCESS TOKEN>'"}  
[2024-12-28 15:57:04] Act:.INFO: LineWebhookController replyDefault Access Token:   =   
[2024-12-28 15:57:04] Act:.INFO: LineWebhookController replyDefault HTTP Status:    = 401  
[2024-12-28 15:57:04] Act:.INFO: LineWebhookController replyDefault Error Message:  = {"message":"Authorization header required. Must follow the scheme, 'Authorization: Bearer <ACCESS TOKEN>'"}  
[2024-12-28 15:57:04] Act:.INFO: LineWebhookController replyDefault END  
[2024-12-28 15:57:04] Act:.INFO: LineWebhookController message $userMessage = その他  
[2024-12-28 15:57:04] Act:.INFO: LineWebhookController message END  
[2024-12-28 16:04:08] Act:.INFO: LineWebhookController message START  
[2024-12-28 16:04:08] Act:.INFO: message accessToken:   
[2024-12-28 16:04:08] Act:.INFO: message replyToken: f72e2ba21e3a4f5081f5c224cda06223  
[2024-12-28 16:04:08] Act:.INFO: LineWebhookController replyDefault START  
[2024-12-28 16:04:08] Act:.INFO: replyDefault　Access Token:   
[2024-12-28 16:04:08] Act:.INFO: LineWebhookController replyDefault Reply failed:   = {"message":"Authorization header required. Must follow the scheme, 'Authorization: Bearer <ACCESS TOKEN>'"}  
[2024-12-28 16:04:08] Act:.INFO: LineWebhookController replyDefault Access Token:   =   
[2024-12-28 16:04:08] Act:.INFO: LineWebhookController replyDefault HTTP Status:    = 401  
[2024-12-28 16:04:08] Act:.INFO: LineWebhookController replyDefault Error Message:  = {"message":"Authorization header required. Must follow the scheme, 'Authorization: Bearer <ACCESS TOKEN>'"}  
[2024-12-28 16:04:08] Act:.INFO: LineWebhookController replyDefault END  
[2024-12-28 16:04:08] Act:.INFO: LineWebhookController message $userMessage = その他  
[2024-12-28 16:04:08] Act:.INFO: LineWebhookController message END  
[2024-12-28 16:05:56] Act:.INFO: LineWebhookController message START  
[2024-12-28 16:05:56] Act:.INFO: message accessToken:   
[2024-12-28 16:05:56] Act:.INFO: message replyToken: 3cc314e7e236450f9a8369cb0dba6345  
[2024-12-28 16:05:56] Act:.INFO: LineWebhookController replyDefault START  
[2024-12-28 16:05:56] Act:.INFO: replyDefault　Access Token:   
[2024-12-28 16:05:56] Act:.INFO: LineWebhookController replyDefault Reply failed:   = {"message":"Authorization header required. Must follow the scheme, 'Authorization: Bearer <ACCESS TOKEN>'"}  
[2024-12-28 16:05:56] Act:.INFO: LineWebhookController replyDefault Access Token:   =   
[2024-12-28 16:05:56] Act:.INFO: LineWebhookController replyDefault HTTP Status:    = 401  
[2024-12-28 16:05:56] Act:.INFO: LineWebhookController replyDefault Error Message:  = {"message":"Authorization header required. Must follow the scheme, 'Authorization: Bearer <ACCESS TOKEN>'"}  
[2024-12-28 16:05:56] Act:.INFO: LineWebhookController replyDefault END  
[2024-12-28 16:05:56] Act:.INFO: LineWebhookController message $userMessage = その他  
[2024-12-28 16:05:56] Act:.INFO: LineWebhookController message END  
[2024-12-28 16:11:39] Act:.INFO: LineWebhookController message START  
[2024-12-28 16:11:39] Act:.INFO: message accessToken:   
[2024-12-28 16:11:39] Act:.INFO: message replyToken: ae18401a470e46dca7d8d0067703ffec  
[2024-12-28 16:11:39] Act:.INFO: LineWebhookController replyDefault START  
[2024-12-28 16:11:39] Act:.INFO: replyDefault　Access Token:   
[2024-12-28 16:11:39] Act:.INFO: LineWebhookController replyDefault Reply failed:   = {"message":"Authorization header required. Must follow the scheme, 'Authorization: Bearer <ACCESS TOKEN>'"}  
[2024-12-28 16:11:39] Act:.INFO: LineWebhookController replyDefault Access Token:   =   
[2024-12-28 16:11:39] Act:.INFO: LineWebhookController replyDefault HTTP Status:    = 401  
[2024-12-28 16:11:39] Act:.INFO: LineWebhookController replyDefault Error Message:  = {"message":"Authorization header required. Must follow the scheme, 'Authorization: Bearer <ACCESS TOKEN>'"}  
[2024-12-28 16:11:39] Act:.INFO: LineWebhookController replyDefault END  
[2024-12-28 16:11:39] Act:.INFO: LineWebhookController message $userMessage = その他  
[2024-12-28 16:11:39] Act:.INFO: LineWebhookController message END  
[2024-12-28 18:48:30] Act:.INFO: LineWebhookController message START  
[2024-12-28 18:48:30] Act:.INFO: message accessToken:   
[2024-12-28 18:48:30] Act:.INFO: message replyToken: eebb8c0a2d624f5e95a51646ee46c2e5  
[2024-12-28 18:48:30] Act:.INFO: LineWebhookController replyDefault START  
[2024-12-28 18:48:30] Act:.INFO: replyDefault Access Token:   
[2024-12-28 18:48:30] Act:.INFO: LineWebhookController replyDefault Reply failed:   = {"message":"Authorization header required. Must follow the scheme, 'Authorization: Bearer <ACCESS TOKEN>'"}  
[2024-12-28 18:48:30] Act:.INFO: LineWebhookController replyDefault Access Token:   =   
[2024-12-28 18:48:30] Act:.INFO: LineWebhookController replyDefault HTTP Status:    = 401  
[2024-12-28 18:48:30] Act:.INFO: LineWebhookController replyDefault Error Message:  = {"message":"Authorization header required. Must follow the scheme, 'Authorization: Bearer <ACCESS TOKEN>'"}  
[2024-12-28 18:48:30] Act:.INFO: LineWebhookController replyDefault END  
[2024-12-28 18:48:30] Act:.INFO: LineWebhookController message $userMessage = その他  
[2024-12-28 18:48:30] Act:.INFO: LineWebhookController message END  
[2024-12-28 18:49:17] Act:.INFO: LineWebhookController message START  
[2024-12-28 18:49:17] Act:.INFO: LineWebhookController message END  
[2024-12-28 18:50:47] Act:.INFO: LineWebhookController message START  
[2024-12-28 18:50:47] Act:.INFO: message accessToken:   
[2024-12-28 18:50:47] Act:.INFO: message replyToken: 5d693b834e844b229a499b85ba8c241a  
[2024-12-28 18:50:47] Act:.INFO: LineWebhookController replyDefault START  
[2024-12-28 18:50:47] Act:.INFO: replyDefault Access Token:   
[2024-12-28 18:50:48] Act:.INFO: LineWebhookController replyDefault Reply failed:   = {"message":"Authorization header required. Must follow the scheme, 'Authorization: Bearer <ACCESS TOKEN>'"}  
[2024-12-28 18:50:48] Act:.INFO: LineWebhookController replyDefault Access Token:   =   
[2024-12-28 18:50:48] Act:.INFO: LineWebhookController replyDefault HTTP Status:    = 401  
[2024-12-28 18:50:48] Act:.INFO: LineWebhookController replyDefault Error Message:  = {"message":"Authorization header required. Must follow the scheme, 'Authorization: Bearer <ACCESS TOKEN>'"}  
[2024-12-28 18:50:48] Act:.INFO: LineWebhookController replyDefault END  
[2024-12-28 18:50:48] Act:.INFO: LineWebhookController message $userMessage = あ  
[2024-12-28 18:50:48] Act:.INFO: LineWebhookController message END  
[2024-12-28 18:56:02] Act:.INFO: LineWebhookController message START  
[2024-12-28 18:56:02] Act:.INFO: message accessToken:   
[2024-12-28 18:56:02] Act:.INFO: message replyToken: f1a2f681b9864175a53c013dc5322984  
[2024-12-28 18:56:02] Act:.INFO: LineWebhookController replyDefault START  
[2024-12-28 18:56:02] Act:.INFO: replyDefault Access Token:   
[2024-12-28 18:56:02] Act:.INFO: LineWebhookController replyDefault Reply failed:   = {"message":"Authorization header required. Must follow the scheme, 'Authorization: Bearer <ACCESS TOKEN>'"}  
[2024-12-28 18:56:02] Act:.INFO: LineWebhookController replyDefault Access Token:   =   
[2024-12-28 18:56:02] Act:.INFO: LineWebhookController replyDefault HTTP Status:    = 401  
[2024-12-28 18:56:02] Act:.INFO: LineWebhookController replyDefault Error Message:  = {"message":"Authorization header required. Must follow the scheme, 'Authorization: Bearer <ACCESS TOKEN>'"}  
[2024-12-28 18:56:02] Act:.INFO: LineWebhookController replyDefault END  
[2024-12-28 18:56:02] Act:.INFO: LineWebhookController message $userMessage = あの  
[2024-12-28 18:56:02] Act:.INFO: LineWebhookController message END  
[2024-12-28 18:58:46] Act:.INFO: LineWebhookController message START  
[2024-12-28 18:58:46] Act:.INFO: LineWebhookController message END  
[2024-12-28 19:03:57] Act:.INFO: LineWebhookController message START  
[2024-12-28 19:05:06] Act:.INFO: LineWebhookController message START  
[2024-12-28 19:05:06] Act:.INFO: message replyToken: b97cf29a5a49457da0b1dfa6af8c1f01  
[2024-12-28 19:05:06] Act:.INFO: LineWebhookController replyDefault START  
[2024-12-28 19:05:06] Act:.INFO: replyDefault Access Token:   
[2024-12-28 19:05:06] Act:.INFO: LineWebhookController replyDefault Reply failed:   = {"message":"Authorization header required. Must follow the scheme, 'Authorization: Bearer <ACCESS TOKEN>'"}  
[2024-12-28 19:05:06] Act:.INFO: LineWebhookController replyDefault Access Token:   =   
[2024-12-28 19:05:06] Act:.INFO: LineWebhookController replyDefault HTTP Status:    = 401  
[2024-12-28 19:05:06] Act:.INFO: LineWebhookController replyDefault Error Message:  = {"message":"Authorization header required. Must follow the scheme, 'Authorization: Bearer <ACCESS TOKEN>'"}  
[2024-12-28 19:05:06] Act:.INFO: LineWebhookController replyDefault END  
[2024-12-28 19:05:06] Act:.INFO: LineWebhookController message $userMessage = あ  
[2024-12-28 19:05:06] Act:.INFO: LineWebhookController message END  
[2024-12-28 21:01:29] Act:.INFO: LineWebhookController message START  
[2024-12-28 21:01:29] Act:.INFO: message replyToken: 57575c67c5284cb89ac28678b6949bf2  
[2024-12-28 21:01:29] Act:.INFO: LineWebhookController replyDefault START  
[2024-12-28 21:01:29] Act:.INFO: replyDefault Access Token:   
[2024-12-28 21:01:29] Act:.INFO: LineWebhookController replyDefault Reply failed:   = {"message":"Authorization header required. Must follow the scheme, 'Authorization: Bearer <ACCESS TOKEN>'"}  
[2024-12-28 21:01:29] Act:.INFO: LineWebhookController replyDefault Access Token:   =   
[2024-12-28 21:01:29] Act:.INFO: LineWebhookController replyDefault HTTP Status:    = 401  
[2024-12-28 21:01:29] Act:.INFO: LineWebhookController replyDefault Error Message:  = {"message":"Authorization header required. Must follow the scheme, 'Authorization: Bearer <ACCESS TOKEN>'"}  
[2024-12-28 21:01:29] Act:.INFO: LineWebhookController replyDefault END  
[2024-12-28 21:01:29] Act:.INFO: LineWebhookController message $userMessage = あ  
[2024-12-28 21:01:29] Act:.INFO: LineWebhookController message END  
[2024-12-28 21:07:21] Act:.INFO: LineWebhookController message START  
[2024-12-28 21:07:21] Act:.INFO: message replyToken: 63b53e12f3274072a605f3922a67d5f6  
[2024-12-28 21:07:21] Act:.INFO: LineWebhookController replyDefault START  
[2024-12-28 21:07:21] Act:.INFO: replyDefault Access Token:   
[2024-12-28 21:07:21] Act:.INFO: LineWebhookController replyDefault Reply failed:   = {"message":"Authorization header required. Must follow the scheme, 'Authorization: Bearer <ACCESS TOKEN>'"}  
[2024-12-28 21:07:21] Act:.INFO: LineWebhookController replyDefault Access Token:   =   
[2024-12-28 21:07:21] Act:.INFO: LineWebhookController replyDefault HTTP Status:    = 401  
[2024-12-28 21:07:21] Act:.INFO: LineWebhookController replyDefault Error Message:  = {"message":"Authorization header required. Must follow the scheme, 'Authorization: Bearer <ACCESS TOKEN>'"}  
[2024-12-28 21:07:21] Act:.INFO: LineWebhookController replyDefault END  
[2024-12-28 21:07:21] Act:.INFO: LineWebhookController message $userMessage = あ  
[2024-12-28 21:07:21] Act:.INFO: LineWebhookController message END  
[2024-12-28 21:10:21] Act:.INFO: __construct Access Token:   
[2024-12-28 21:10:21] Act:.INFO: LineWebhookController message START  
[2024-12-28 21:10:21] Act:.INFO: message replyToken: 886816987f414a7b9def118a0959f3be  
[2024-12-28 21:10:21] Act:.INFO: LineWebhookController replyDefault START  
[2024-12-28 21:10:21] Act:.INFO: replyDefault Access Token:   
[2024-12-28 21:10:21] Act:.INFO: LineWebhookController replyDefault Reply failed:   = {"message":"Authorization header required. Must follow the scheme, 'Authorization: Bearer <ACCESS TOKEN>'"}  
[2024-12-28 21:10:21] Act:.INFO: LineWebhookController replyDefault Access Token:   =   
[2024-12-28 21:10:21] Act:.INFO: LineWebhookController replyDefault HTTP Status:    = 401  
[2024-12-28 21:10:21] Act:.INFO: LineWebhookController replyDefault Error Message:  = {"message":"Authorization header required. Must follow the scheme, 'Authorization: Bearer <ACCESS TOKEN>'"}  
[2024-12-28 21:10:21] Act:.INFO: LineWebhookController replyDefault END  
[2024-12-28 21:10:21] Act:.INFO: LineWebhookController message $userMessage = あ  
[2024-12-28 21:10:21] Act:.INFO: LineWebhookController message END  
[2024-12-28 21:12:50] Act:.INFO: __construct Access Token: Aizen-Tax-Trial  
[2024-12-28 21:12:50] Act:.INFO: __construct Secret:   
[2024-12-28 21:12:50] Act:.INFO: LineWebhookController message START  
[2024-12-28 21:12:50] Act:.INFO: message replyToken: 22ad9906931a493fa7a1205aba057c35  
[2024-12-28 21:12:50] Act:.INFO: LineWebhookController replyDefault START  
[2024-12-28 21:12:50] Act:.INFO: replyDefault Access Token: Aizen-Tax-Trial  
[2024-12-28 21:12:50] Act:.INFO: LineWebhookController replyDefault Reply failed:   = {"message":"Authentication failed. Confirm that the access token in the authorization header is valid."}  
[2024-12-28 21:12:50] Act:.INFO: LineWebhookController replyDefault Access Token:   = Aizen-Tax-Trial  
[2024-12-28 21:12:50] Act:.INFO: LineWebhookController replyDefault HTTP Status:    = 401  
[2024-12-28 21:12:50] Act:.INFO: LineWebhookController replyDefault Error Message:  = {"message":"Authentication failed. Confirm that the access token in the authorization header is valid."}  
[2024-12-28 21:12:50] Act:.INFO: LineWebhookController replyDefault END  
[2024-12-28 21:12:50] Act:.INFO: LineWebhookController message $userMessage = あ  
[2024-12-28 21:12:50] Act:.INFO: LineWebhookController message END  
[2024-12-28 21:15:22] Act:.INFO: __construct Access Token:   
[2024-12-28 21:15:22] Act:.INFO: __construct Secret:   
[2024-12-28 21:15:22] Act:.INFO: LineWebhookController message START  
[2024-12-28 21:15:22] Act:.INFO: message replyToken: 90f062f06c0b4bbdbfdf645c23a97cb5  
[2024-12-28 21:15:22] Act:.INFO: LineWebhookController replyDefault START  
[2024-12-28 21:15:22] Act:.INFO: replyDefault Access Token:   
[2024-12-28 21:15:22] Act:.INFO: LineWebhookController replyDefault Reply failed:   = {"message":"Authorization header required. Must follow the scheme, 'Authorization: Bearer <ACCESS TOKEN>'"}  
[2024-12-28 21:15:22] Act:.INFO: LineWebhookController replyDefault Access Token:   =   
[2024-12-28 21:15:22] Act:.INFO: LineWebhookController replyDefault HTTP Status:    = 401  
[2024-12-28 21:15:22] Act:.INFO: LineWebhookController replyDefault Error Message:  = {"message":"Authorization header required. Must follow the scheme, 'Authorization: Bearer <ACCESS TOKEN>'"}  
[2024-12-28 21:15:22] Act:.INFO: LineWebhookController replyDefault END  
[2024-12-28 21:15:22] Act:.INFO: LineWebhookController message $userMessage = あ  
[2024-12-28 21:15:22] Act:.INFO: LineWebhookController message END  
[2024-12-28 21:21:34] Act:.INFO: __construct Access Token: mGSfOS83vgHBSgLKcir/BJcOyi3r/6mthVwmK/DGqhA5u9ZV5XkaG0tKp0mvgMR/5PdL0KDL2uOn98gP+53r8z9LjH6dN98ZEMcy5J8yW+nILOdFkBSrvprPllm9LPpTA6Z+H7HT7r54stfnTP3rsQdB04t89/1O/w1cDnyilFU=  
[2024-12-28 21:21:34] Act:.INFO: __construct Secret: d7d8b977f85b671517e7377d7efdb858  
[2024-12-28 21:21:34] Act:.INFO: LineWebhookController message START  
[2024-12-28 21:21:34] Act:.INFO: message replyToken: eaff49a7560148ab91222b50f5eaa3e4  
[2024-12-28 21:21:34] Act:.INFO: LineWebhookController replyDefault START  
[2024-12-28 21:21:34] Act:.INFO: replyDefault Access Token: mGSfOS83vgHBSgLKcir/BJcOyi3r/6mthVwmK/DGqhA5u9ZV5XkaG0tKp0mvgMR/5PdL0KDL2uOn98gP+53r8z9LjH6dN98ZEMcy5J8yW+nILOdFkBSrvprPllm9LPpTA6Z+H7HT7r54stfnTP3rsQdB04t89/1O/w1cDnyilFU=  
[2024-12-28 21:21:35] Act:.INFO: LineWebhookController replyNormalQuery HTTP Status:    = 200  
[2024-12-28 21:21:35] Act:.INFO: LineWebhookController replyDefault END  
[2024-12-28 21:21:35] Act:.INFO: LineWebhookController message $userMessage = い  
[2024-12-28 21:21:35] Act:.INFO: LineWebhookController message END  
[2024-12-28 21:23:26] Act:.INFO: __construct Access Token: mGSfOS83vgHBSgLKcir/BJcOyi3r/6mthVwmK/DGqhA5u9ZV5XkaG0tKp0mvgMR/5PdL0KDL2uOn98gP+53r8z9LjH6dN98ZEMcy5J8yW+nILOdFkBSrvprPllm9LPpTA6Z+H7HT7r54stfnTP3rsQdB04t89/1O/w1cDnyilFU=  
[2024-12-28 21:23:26] Act:.INFO: __construct Secret: d7d8b977f85b671517e7377d7efdb858  
[2024-12-28 21:23:26] Act:.INFO: LineWebhookController message START  
[2024-12-28 21:23:26] Act:.INFO: message replyToken: 247bb9ea4f784cd3ac925934560189b3  
[2024-12-28 21:23:26] Act:.INFO: LineWebhookController replyNormalQuery START  
[2024-12-28 21:23:26] Act:.INFO: LineWebhookController replyNormalQuery HTTP Status:    = 200  
[2024-12-28 21:23:26] Act:.INFO: LineWebhookController replyNormalQuery END  
[2024-12-28 21:23:26] Act:.INFO: LineWebhookController message $userMessage = 問い合わせ  
[2024-12-28 21:23:26] Act:.INFO: LineWebhookController message END  
[2024-12-28 21:24:39] Act:.INFO: __construct Access Token: mGSfOS83vgHBSgLKcir/BJcOyi3r/6mthVwmK/DGqhA5u9ZV5XkaG0tKp0mvgMR/5PdL0KDL2uOn98gP+53r8z9LjH6dN98ZEMcy5J8yW+nILOdFkBSrvprPllm9LPpTA6Z+H7HT7r54stfnTP3rsQdB04t89/1O/w1cDnyilFU=  
[2024-12-28 21:24:39] Act:.INFO: __construct Secret: d7d8b977f85b671517e7377d7efdb858  
[2024-12-28 21:24:39] Act:.INFO: LineWebhookController message START  
[2024-12-28 21:24:39] Act:.INFO: message replyToken: 833a9710510d46c98b8706b7f9e6f6c3  
[2024-12-28 21:24:39] Act:.INFO: LineWebhookController replyNormalQuery START  
[2024-12-28 21:24:39] Act:.INFO: LineWebhookController replyNormalQuery HTTP Status:    = 200  
[2024-12-28 21:24:39] Act:.INFO: LineWebhookController replyNormalQuery END  
[2024-12-28 21:24:39] Act:.INFO: LineWebhookController message $userMessage = 問い合わせ  
[2024-12-28 21:24:39] Act:.INFO: LineWebhookController message END  
[2024-12-28 21:27:41] Act:.INFO: __construct Access Token: mGSfOS83vgHBSgLKcir/BJcOyi3r/6mthVwmK/DGqhA5u9ZV5XkaG0tKp0mvgMR/5PdL0KDL2uOn98gP+53r8z9LjH6dN98ZEMcy5J8yW+nILOdFkBSrvprPllm9LPpTA6Z+H7HT7r54stfnTP3rsQdB04t89/1O/w1cDnyilFU=  
[2024-12-28 21:27:41] Act:.INFO: __construct Secret: d7d8b977f85b671517e7377d7efdb858  
[2024-12-28 21:27:41] Act:.INFO: LineWebhookController message START  
[2024-12-28 21:27:41] Act:.INFO: message replyToken: 2aa57128e9b748418f65dd4567cdfdd6  
[2024-12-28 21:27:41] Act:.INFO: LineWebhookController replyDefault START  
[2024-12-28 21:27:41] Act:.INFO: replyDefault Access Token: mGSfOS83vgHBSgLKcir/BJcOyi3r/6mthVwmK/DGqhA5u9ZV5XkaG0tKp0mvgMR/5PdL0KDL2uOn98gP+53r8z9LjH6dN98ZEMcy5J8yW+nILOdFkBSrvprPllm9LPpTA6Z+H7HT7r54stfnTP3rsQdB04t89/1O/w1cDnyilFU=  
[2024-12-28 21:27:41] Act:.INFO: LineWebhookController replyNormalQuery HTTP Status:    = 200  
[2024-12-28 21:27:41] Act:.INFO: LineWebhookController replyDefault END  
[2024-12-28 21:27:41] Act:.INFO: LineWebhookController message $userMessage = アクション1  
[2024-12-28 21:27:41] Act:.INFO: LineWebhookController message END  
[2024-12-28 21:27:56] Act:.INFO: __construct Access Token: mGSfOS83vgHBSgLKcir/BJcOyi3r/6mthVwmK/DGqhA5u9ZV5XkaG0tKp0mvgMR/5PdL0KDL2uOn98gP+53r8z9LjH6dN98ZEMcy5J8yW+nILOdFkBSrvprPllm9LPpTA6Z+H7HT7r54stfnTP3rsQdB04t89/1O/w1cDnyilFU=  
[2024-12-28 21:27:56] Act:.INFO: __construct Secret: d7d8b977f85b671517e7377d7efdb858  
[2024-12-28 21:27:56] Act:.INFO: LineWebhookController message START  
[2024-12-28 21:27:56] Act:.INFO: message replyToken: a9261f2c3eef4ef4a3473f56d9cb3e0a  
[2024-12-28 21:27:56] Act:.INFO: LineWebhookController replyPriceQuery START  
[2024-12-28 21:27:56] Act:.ERROR: Undefined variable $templateMessage {"exception":"[object] (ErrorException(code: 0): Undefined variable $templateMessage at /var/www/html/actver/app/Http/Controllers/LineWebhookController.php:143)
[stacktrace]
[2024-12-28 21:30:16] Act:.INFO: LineWebhookController message START  
[2024-12-28 21:30:16] Act:.INFO: message replyToken: 1d55f8d57501488dbbe4ebb68c0475c4  
[2024-12-28 21:30:16] Act:.INFO: LineWebhookController replyPriceQuery START  
[2024-12-28 21:30:16] Act:.ERROR: Call to a member function build() on array {"exception":"[object] (Error(code: 0): Call to a member function build() on array at /var/www/html/actver/vendor/linecorp/line-bot-sdk/src/LINEBot/MessageBuilder/FlexMessageBuilder.php:142)
[2024-12-28 21:44:47] Act:.INFO: LineWebhookController message START  
[2024-12-28 21:44:47] Act:.INFO: message replyToken: a4fb122300814e3cb265482c7eb3f5e7  
[2024-12-28 21:44:47] Act:.INFO: LineWebhookController replyPriceMessage START  
[2024-12-28 21:44:47] Act:.INFO: LineWebhookController replyPriceMessage END  
[2024-12-28 21:44:47] Act:.INFO: LineWebhookController message $userMessage = 価格 シャンプー  
[2024-12-28 21:44:47] Act:.INFO: LineWebhookController message END  
[2024-12-28 21:48:33] Act:.INFO: LineWebhookController message START  
[2024-12-28 21:48:33] Act:.INFO: message replyToken: 1200444058d6495faee1b4d71934cbd0  
[2024-12-28 21:48:33] Act:.INFO: LineWebhookController replyNormalQuery START  
[2024-12-28 21:48:34] Act:.INFO: LineWebhookController replyNormalQuery HTTP Status:    = 200  
[2024-12-28 21:48:34] Act:.INFO: LineWebhookController replyNormalQuery END  
[2024-12-28 21:48:34] Act:.INFO: LineWebhookController message $userMessage = 問い合わせ  
[2024-12-28 21:48:34] Act:.INFO: LineWebhookController message END  
