[2025-02-10 17:41:29] Act:.INFO: auth_user_info START  
[2025-02-10 17:41:29] Act:.INFO: auth_user_info END  
[2025-02-10 17:41:29] Act:.INFO: auth login redirectTo user = stdClass Object
(
    [id] => 1
    [name] => 新冨泰明
    [email] => shintomi.sh@gmail.com
    [email_verified_at] => 
    [organization_id] => 0
    [user_id] => 1
    [login_flg] => 2
    [admin_flg] => 2
    [created_at] => 2022-10-20T12:00:00.000000Z
    [updated_at] => 2022-10-20T12:00:00.000000Z
    [deleted_at] => 
)
  
[2025-02-10 17:41:29] Act:.INFO: loginout operation update START  
[2025-02-10 17:41:29] Act:.INFO: loginout operation update $id < 10 END  
[2025-02-10 17:41:29] Act:.INFO: auth_user_info START  
[2025-02-10 17:41:29] Act:.INFO: auth_user_info END  
[2025-02-10 17:41:29] Act:.INFO: office top index START $user->name = 新冨泰明  
[2025-02-10 17:41:29] Act:.INFO: auth_user_organization START  
[2025-02-10 17:41:29] Act:.INFO: auth_user_organization END  
[2025-02-10 17:41:29] Act:.INFO: office top index END $user->name = 新冨泰明  
[2025-02-10 17:41:32] Act:.INFO: uploaduser index START  
[2025-02-10 17:41:32] Act:.INFO: auth_user_organization START  
[2025-02-10 17:41:32] Act:.INFO: auth_user_organization END  
[2025-02-10 17:41:32] Act:.INFO: auth_customer_all START  
[2025-02-10 17:41:32] Act:.INFO: auth_customer_all END  
[2025-02-10 17:41:32] Act:.INFO: uploaduser index END  
[2025-02-10 17:41:36] Act:.INFO: filemng post START  
[2025-02-10 17:41:36] Act:.INFO: auth_user_info START  
[2025-02-10 17:41:36] Act:.INFO: auth_user_info END  
[2025-02-10 17:41:36] Act:.INFO: filemng post $customer_id = 19  
[2025-02-10 17:41:36] Act:.INFO: filemng post END  
[2025-02-10 17:41:37] Act:.INFO: filemng index START  
[2025-02-10 17:41:37] Act:.INFO: auth_user_info START  
[2025-02-10 17:41:37] Act:.INFO: auth_user_info END  
[2025-02-10 17:41:37] Act:.INFO: filemng index $customer_id = 19  
[2025-02-10 17:41:37] Act:.INFO: auth_user_foldername START  
[2025-02-10 17:41:37] Act:.INFO: auth_user_foldername END  
[2025-02-10 17:41:37] Act:.INFO: filemng index END  
[2025-02-10 17:41:43] Act:.INFO: uploaduser index START  
[2025-02-10 17:41:43] Act:.INFO: auth_user_organization START  
[2025-02-10 17:41:43] Act:.INFO: auth_user_organization END  
[2025-02-10 17:41:43] Act:.INFO: auth_customer_all START  
[2025-02-10 17:41:43] Act:.INFO: auth_customer_all END  
[2025-02-10 17:41:43] Act:.INFO: uploaduser index END  
[2025-02-10 17:49:09] Act:.INFO: filemng post START  
[2025-02-10 17:49:09] Act:.INFO: auth_user_info START  
[2025-02-10 17:49:09] Act:.INFO: auth_user_info END  
[2025-02-10 17:49:09] Act:.INFO: filemng post $customer_id = 12  
[2025-02-10 17:49:09] Act:.INFO: filemng post END  
[2025-02-10 17:49:09] Act:.INFO: filemng index START  
[2025-02-10 17:49:09] Act:.INFO: auth_user_info START  
[2025-02-10 17:49:09] Act:.INFO: auth_user_info END  
[2025-02-10 17:49:09] Act:.INFO: filemng index $customer_id = 12  
[2025-02-10 17:49:09] Act:.INFO: auth_user_foldername START  
[2025-02-10 17:49:09] Act:.INFO: auth_user_foldername END  
[2025-02-10 17:49:09] Act:.INFO: filemng index END  
[2025-02-10 17:49:11] Act:.INFO: uploaduser index START  
[2025-02-10 17:49:11] Act:.INFO: auth_user_organization START  
[2025-02-10 17:49:11] Act:.INFO: auth_user_organization END  
[2025-02-10 17:49:11] Act:.INFO: auth_customer_all START  
[2025-02-10 17:49:11] Act:.INFO: auth_customer_all END  
[2025-02-10 17:49:11] Act:.INFO: uploaduser index END  
[2025-02-10 17:49:12] Act:.INFO: filemng post START  
[2025-02-10 17:49:12] Act:.INFO: auth_user_info START  
[2025-02-10 17:49:12] Act:.INFO: auth_user_info END  
[2025-02-10 17:49:12] Act:.INFO: filemng post $customer_id = 19  
[2025-02-10 17:49:12] Act:.INFO: filemng post END  
[2025-02-10 17:49:13] Act:.INFO: filemng index START  
[2025-02-10 17:49:13] Act:.INFO: auth_user_info START  
[2025-02-10 17:49:13] Act:.INFO: auth_user_info END  
[2025-02-10 17:49:13] Act:.INFO: filemng index $customer_id = 19  
[2025-02-10 17:49:13] Act:.INFO: auth_user_foldername START  
[2025-02-10 17:49:13] Act:.INFO: auth_user_foldername END  
[2025-02-10 17:49:13] Act:.INFO: filemng index END  
[2025-02-10 17:49:20] Act:.INFO: uploaduser index START  
[2025-02-10 17:49:20] Act:.INFO: auth_user_organization START  
[2025-02-10 17:49:20] Act:.INFO: auth_user_organization END  
[2025-02-10 17:49:20] Act:.INFO: auth_customer_all START  
[2025-02-10 17:49:20] Act:.INFO: auth_customer_all END  
[2025-02-10 17:49:20] Act:.INFO: uploaduser index END  
[2025-02-10 17:49:23] Act:.INFO: filemng post START  
[2025-02-10 17:49:23] Act:.INFO: auth_user_info START  
[2025-02-10 17:49:23] Act:.INFO: auth_user_info END  
[2025-02-10 17:49:23] Act:.INFO: filemng post $customer_id = 2  
[2025-02-10 17:49:23] Act:.INFO: filemng post END  
[2025-02-10 17:49:23] Act:.INFO: filemng index START  
[2025-02-10 17:49:23] Act:.INFO: auth_user_info START  
[2025-02-10 17:49:23] Act:.INFO: auth_user_info END  
[2025-02-10 17:49:23] Act:.INFO: filemng index $customer_id = 2  
[2025-02-10 17:49:23] Act:.INFO: auth_user_foldername START  
[2025-02-10 17:49:23] Act:.INFO: auth_user_foldername END  
[2025-02-10 17:49:23] Act:.INFO: filemng index END  
[2025-02-10 17:49:28] Act:.INFO: uploaduser index START  
[2025-02-10 17:49:28] Act:.INFO: auth_user_organization START  
[2025-02-10 17:49:28] Act:.INFO: auth_user_organization END  
[2025-02-10 17:49:28] Act:.INFO: auth_customer_all START  
[2025-02-10 17:49:28] Act:.INFO: auth_customer_all END  
[2025-02-10 17:49:28] Act:.INFO: uploaduser index END  
[2025-02-10 17:49:30] Act:.INFO: filemng post START  
[2025-02-10 17:49:30] Act:.INFO: auth_user_info START  
[2025-02-10 17:49:30] Act:.INFO: auth_user_info END  
[2025-02-10 17:49:30] Act:.INFO: filemng post $customer_id = 1  
[2025-02-10 17:49:30] Act:.INFO: filemng post END  
[2025-02-10 17:49:30] Act:.INFO: filemng index START  
[2025-02-10 17:49:30] Act:.INFO: auth_user_info START  
[2025-02-10 17:49:30] Act:.INFO: auth_user_info END  
[2025-02-10 17:49:30] Act:.INFO: filemng index $customer_id = 1  
[2025-02-10 17:49:30] Act:.INFO: auth_user_foldername START  
[2025-02-10 17:49:30] Act:.INFO: auth_user_foldername END  
[2025-02-10 17:49:30] Act:.INFO: filemng index END  
[2025-02-10 17:49:31] Act:.INFO: uploaduser index START  
[2025-02-10 17:49:31] Act:.INFO: auth_user_organization START  
[2025-02-10 17:49:31] Act:.INFO: auth_user_organization END  
[2025-02-10 17:49:31] Act:.INFO: auth_customer_all START  
[2025-02-10 17:49:31] Act:.INFO: auth_customer_all END  
[2025-02-10 17:49:31] Act:.INFO: uploaduser index END  
[2025-02-10 17:49:34] Act:.INFO: filemng post START  
[2025-02-10 17:49:34] Act:.INFO: auth_user_info START  
[2025-02-10 17:49:34] Act:.INFO: auth_user_info END  
[2025-02-10 17:49:34] Act:.INFO: filemng post $customer_id = 4  
[2025-02-10 17:49:34] Act:.INFO: filemng post END  
[2025-02-10 17:49:34] Act:.INFO: filemng index START  
[2025-02-10 17:49:34] Act:.INFO: auth_user_info START  
[2025-02-10 17:49:34] Act:.INFO: auth_user_info END  
[2025-02-10 17:49:34] Act:.INFO: filemng index $customer_id = 4  
[2025-02-10 17:49:34] Act:.INFO: auth_user_foldername START  
[2025-02-10 17:49:34] Act:.INFO: auth_user_foldername END  
[2025-02-10 17:49:34] Act:.INFO: filemng index END  
[2025-02-10 17:49:35] Act:.INFO: uploaduser index START  
[2025-02-10 17:49:35] Act:.INFO: auth_user_organization START  
[2025-02-10 17:49:35] Act:.INFO: auth_user_organization END  
[2025-02-10 17:49:35] Act:.INFO: auth_customer_all START  
[2025-02-10 17:49:35] Act:.INFO: auth_customer_all END  
[2025-02-10 17:49:35] Act:.INFO: uploaduser index END  
[2025-02-10 17:50:11] Act:.INFO: filemng post START  
[2025-02-10 17:50:11] Act:.INFO: auth_user_info START  
[2025-02-10 17:50:11] Act:.INFO: auth_user_info END  
[2025-02-10 17:50:11] Act:.INFO: filemng post $customer_id = 19  
[2025-02-10 17:50:11] Act:.INFO: filemng post END  
[2025-02-10 17:50:11] Act:.INFO: filemng index START  
[2025-02-10 17:50:11] Act:.INFO: auth_user_info START  
[2025-02-10 17:50:11] Act:.INFO: auth_user_info END  
[2025-02-10 17:50:11] Act:.INFO: filemng index $customer_id = 19  
[2025-02-10 17:50:11] Act:.INFO: auth_user_foldername START  
[2025-02-10 17:50:11] Act:.INFO: auth_user_foldername END  
[2025-02-10 17:50:11] Act:.INFO: filemng index END  
[2025-02-10 17:50:22] Act:.INFO: uploaduser index START  
[2025-02-10 17:50:22] Act:.INFO: auth_user_organization START  
[2025-02-10 17:50:22] Act:.INFO: auth_user_organization END  
[2025-02-10 17:50:22] Act:.INFO: auth_customer_all START  
[2025-02-10 17:50:22] Act:.INFO: auth_customer_all END  
[2025-02-10 17:50:22] Act:.INFO: uploaduser index END  
[2025-02-10 17:50:24] Act:.INFO: auth logout redirectTo user = stdClass Object
(
    [id] => 1
    [name] => 新冨泰明
    [email] => shintomi.sh@gmail.com
    [email_verified_at] => 
    [organization_id] => 0
    [user_id] => 1
    [login_flg] => 2
    [admin_flg] => 2
    [created_at] => 2022-10-20T12:00:00.000000Z
    [updated_at] => 2022-10-20T12:00:00.000000Z
    [deleted_at] => 
)
  
[2025-02-10 17:50:24] Act:.INFO: loginout operation update START  
[2025-02-10 17:50:24] Act:.INFO: loginout operation update $id < 10 END  
[2025-02-10 19:38:57] Act:.INFO: LineWebhookController message START  
[2025-02-10 19:38:57] Act:.INFO: LineWebhookController message END  
