[2025-01-31 04:55:26] Act:.ERROR: Failed to authenticate on SMTP server with username "y-shintomi@aizen-sol.co.jp" using the following authenticators: "LOGIN", "PLAIN". Authenticator "LOGIN" returned "Expected response code "235" but got code "535", with message "535 5.7.8 Error: authentication failed: (reason unavailable)".". Authenticator "PLAIN" returned "Expected response code "235" but got code "535", with message "535 5.7.8 Error: authentication failed: (reason unavailable)".". {"exception":"[object] (Symfony\\Component\\Mailer\\Exception\\TransportException(code: 0): Failed to authenticate on SMTP server with username \"y-shintomi@aizen-sol.co.jp\" using the following authenticators: \"LOGIN\", \"PLAIN\". Authenticator \"LOGIN\" returned \"Expected response code \"235\" but got code \"535\", with message \"535 5.7.8 Error: authentication failed: (reason unavailable)\".\". Authenticator \"PLAIN\" returned \"Expected response code \"235\" but got code \"535\", with message \"535 5.7.8 Error: authentication failed: (reason unavailable)\".\". at /var/www/html/actver/vendor/symfony/mailer/Transport/Smtp/EsmtpTransport.php:209)
[stacktrace]
#0 /var/www/html/actver/vendor/symfony/mailer/Transport/Smtp/EsmtpTransport.php(148): Symfony\\Component\\Mailer\\Transport\\Smtp\\EsmtpTransport->handleAuth()
#1 /var/www/html/actver/vendor/symfony/mailer/Transport/Smtp/EsmtpTransport.php(105): Symfony\\Component\\Mailer\\Transport\\Smtp\\EsmtpTransport->doEhloCommand()
#2 /var/www/html/actver/vendor/symfony/mailer/Transport/Smtp/SmtpTransport.php(232): Symfony\\Component\\Mailer\\Transport\\Smtp\\EsmtpTransport->executeCommand()
#3 /var/www/html/actver/vendor/symfony/mailer/Transport/Smtp/SmtpTransport.php(255): Symfony\\Component\\Mailer\\Transport\\Smtp\\SmtpTransport->doHeloCommand()
#4 /var/www/html/actver/vendor/symfony/mailer/Transport/Smtp/SmtpTransport.php(192): Symfony\\Component\\Mailer\\Transport\\Smtp\\SmtpTransport->start()
#5 /var/www/html/actver/vendor/symfony/mailer/Transport/AbstractTransport.php(68): Symfony\\Component\\Mailer\\Transport\\Smtp\\SmtpTransport->doSend()
#6 /var/www/html/actver/vendor/symfony/mailer/Transport/Smtp/SmtpTransport.php(136): Symfony\\Component\\Mailer\\Transport\\AbstractTransport->send()
#7 /var/www/html/actver/vendor/laravel/framework/src/Illuminate/Mail/Mailer.php(521): Symfony\\Component\\Mailer\\Transport\\Smtp\\SmtpTransport->send()
#8 /var/www/html/actver/vendor/laravel/framework/src/Illuminate/Mail/Mailer.php(285): Illuminate\\Mail\\Mailer->sendSymfonyMessage()
#9 /var/www/html/actver/vendor/laravel/framework/src/Illuminate/Notifications/Channels/MailChannel.php(64): Illuminate\\Mail\\Mailer->send()
#10 /var/www/html/actver/vendor/laravel/framework/src/Illuminate/Notifications/NotificationSender.php(148): Illuminate\\Notifications\\Channels\\MailChannel->send()
#11 /var/www/html/actver/vendor/laravel/framework/src/Illuminate/Notifications/NotificationSender.php(106): Illuminate\\Notifications\\NotificationSender->sendToNotifiable()
#12 /var/www/html/actver/vendor/laravel/framework/src/Illuminate/Support/Traits/Localizable.php(19): Illuminate\\Notifications\\NotificationSender->Illuminate\\Notifications\\{closure}()
#13 /var/www/html/actver/vendor/laravel/framework/src/Illuminate/Notifications/NotificationSender.php(101): Illuminate\\Notifications\\NotificationSender->withLocale()
#14 /var/www/html/actver/vendor/laravel/framework/src/Illuminate/Notifications/NotificationSender.php(79): Illuminate\\Notifications\\NotificationSender->sendNow()
#15 /var/www/html/actver/vendor/laravel/framework/src/Illuminate/Notifications/ChannelManager.php(39): Illuminate\\Notifications\\NotificationSender->send()
#16 /var/www/html/actver/vendor/laravel/framework/src/Illuminate/Notifications/RoutesNotifications.php(18): Illuminate\\Notifications\\ChannelManager->send()
#17 /var/www/html/actver/vendor/spatie/laravel-backup/src/Notifications/EventHandler.php(30): Spatie\\Backup\\Notifications\\Notifiable->notify()
#18 /var/www/html/actver/vendor/laravel/framework/src/Illuminate/Events/Dispatcher.php(421): Spatie\\Backup\\Notifications\\EventHandler->Spatie\\Backup\\Notifications\\{closure}()
#19 /var/www/html/actver/vendor/laravel/framework/src/Illuminate/Events/Dispatcher.php(249): Illuminate\\Events\\Dispatcher->Illuminate\\Events\\{closure}()
#20 /var/www/html/actver/vendor/laravel/framework/src/Illuminate/Foundation/helpers.php(451): Illuminate\\Events\\Dispatcher->dispatch()
#21 /var/www/html/actver/vendor/spatie/laravel-backup/src/Commands/CleanupCommand.php(46): event()
#22 /var/www/html/actver/vendor/laravel/framework/src/Illuminate/Container/BoundMethod.php(36): Spatie\\Backup\\Commands\\CleanupCommand->handle()
#23 /var/www/html/actver/vendor/laravel/framework/src/Illuminate/Container/Util.php(41): Illuminate\\Container\\BoundMethod::Illuminate\\Container\\{closure}()
#24 /var/www/html/actver/vendor/laravel/framework/src/Illuminate/Container/BoundMethod.php(93): Illuminate\\Container\\Util::unwrapIfClosure()
#25 /var/www/html/actver/vendor/laravel/framework/src/Illuminate/Container/BoundMethod.php(35): Illuminate\\Container\\BoundMethod::callBoundMethod()
#26 /var/www/html/actver/vendor/laravel/framework/src/Illuminate/Container/Container.php(651): Illuminate\\Container\\BoundMethod::call()
#27 /var/www/html/actver/vendor/laravel/framework/src/Illuminate/Console/Command.php(144): Illuminate\\Container\\Container->call()
#28 /var/www/html/actver/vendor/symfony/console/Command/Command.php(308): Illuminate\\Console\\Command->execute()
#29 /var/www/html/actver/vendor/laravel/framework/src/Illuminate/Console/Command.php(125): Symfony\\Component\\Console\\Command\\Command->run()
#30 /var/www/html/actver/vendor/spatie/laravel-backup/src/Commands/BaseCommand.php(28): Illuminate\\Console\\Command->run()
#31 /var/www/html/actver/vendor/symfony/console/Application.php(1002): Spatie\\Backup\\Commands\\BaseCommand->run()
#32 /var/www/html/actver/vendor/symfony/console/Application.php(299): Symfony\\Component\\Console\\Application->doRunCommand()
#33 /var/www/html/actver/vendor/symfony/console/Application.php(171): Symfony\\Component\\Console\\Application->doRun()
#34 /var/www/html/actver/vendor/laravel/framework/src/Illuminate/Console/Application.php(102): Symfony\\Component\\Console\\Application->run()
#35 /var/www/html/actver/vendor/laravel/framework/src/Illuminate/Foundation/Console/Kernel.php(151): Illuminate\\Console\\Application->run()
#36 /var/www/html/actver/artisan(35): Illuminate\\Foundation\\Console\\Kernel->handle()
#37 {main}
"} 
[2025-01-31 05:00:11] Act:.ERROR: Failed to authenticate on SMTP server with username "y-shintomi@aizen-sol.co.jp" using the following authenticators: "LOGIN", "PLAIN". Authenticator "LOGIN" returned "Expected response code "235" but got code "535", with message "535 5.7.8 Error: authentication failed: (reason unavailable)".". Authenticator "PLAIN" returned "Expected response code "235" but got code "535", with message "535 5.7.8 Error: authentication failed: (reason unavailable)".". {"exception":"[object] (Symfony\\Component\\Mailer\\Exception\\TransportException(code: 0): Failed to authenticate on SMTP server with username \"y-shintomi@aizen-sol.co.jp\" using the following authenticators: \"LOGIN\", \"PLAIN\". Authenticator \"LOGIN\" returned \"Expected response code \"235\" but got code \"535\", with message \"535 5.7.8 Error: authentication failed: (reason unavailable)\".\". Authenticator \"PLAIN\" returned \"Expected response code \"235\" but got code \"535\", with message \"535 5.7.8 Error: authentication failed: (reason unavailable)\".\". at /var/www/html/actver/vendor/symfony/mailer/Transport/Smtp/EsmtpTransport.php:209)
[stacktrace]
#0 /var/www/html/actver/vendor/symfony/mailer/Transport/Smtp/EsmtpTransport.php(148): Symfony\\Component\\Mailer\\Transport\\Smtp\\EsmtpTransport->handleAuth()
#1 /var/www/html/actver/vendor/symfony/mailer/Transport/Smtp/EsmtpTransport.php(105): Symfony\\Component\\Mailer\\Transport\\Smtp\\EsmtpTransport->doEhloCommand()
#2 /var/www/html/actver/vendor/symfony/mailer/Transport/Smtp/SmtpTransport.php(232): Symfony\\Component\\Mailer\\Transport\\Smtp\\EsmtpTransport->executeCommand()
#3 /var/www/html/actver/vendor/symfony/mailer/Transport/Smtp/SmtpTransport.php(255): Symfony\\Component\\Mailer\\Transport\\Smtp\\SmtpTransport->doHeloCommand()
#4 /var/www/html/actver/vendor/symfony/mailer/Transport/Smtp/SmtpTransport.php(192): Symfony\\Component\\Mailer\\Transport\\Smtp\\SmtpTransport->start()
#5 /var/www/html/actver/vendor/symfony/mailer/Transport/AbstractTransport.php(68): Symfony\\Component\\Mailer\\Transport\\Smtp\\SmtpTransport->doSend()
#6 /var/www/html/actver/vendor/symfony/mailer/Transport/Smtp/SmtpTransport.php(136): Symfony\\Component\\Mailer\\Transport\\AbstractTransport->send()
#7 /var/www/html/actver/vendor/laravel/framework/src/Illuminate/Mail/Mailer.php(521): Symfony\\Component\\Mailer\\Transport\\Smtp\\SmtpTransport->send()
#8 /var/www/html/actver/vendor/laravel/framework/src/Illuminate/Mail/Mailer.php(285): Illuminate\\Mail\\Mailer->sendSymfonyMessage()
#9 /var/www/html/actver/vendor/laravel/framework/src/Illuminate/Notifications/Channels/MailChannel.php(64): Illuminate\\Mail\\Mailer->send()
#10 /var/www/html/actver/vendor/laravel/framework/src/Illuminate/Notifications/NotificationSender.php(148): Illuminate\\Notifications\\Channels\\MailChannel->send()
#11 /var/www/html/actver/vendor/laravel/framework/src/Illuminate/Notifications/NotificationSender.php(106): Illuminate\\Notifications\\NotificationSender->sendToNotifiable()
#12 /var/www/html/actver/vendor/laravel/framework/src/Illuminate/Support/Traits/Localizable.php(19): Illuminate\\Notifications\\NotificationSender->Illuminate\\Notifications\\{closure}()
#13 /var/www/html/actver/vendor/laravel/framework/src/Illuminate/Notifications/NotificationSender.php(101): Illuminate\\Notifications\\NotificationSender->withLocale()
#14 /var/www/html/actver/vendor/laravel/framework/src/Illuminate/Notifications/NotificationSender.php(79): Illuminate\\Notifications\\NotificationSender->sendNow()
#15 /var/www/html/actver/vendor/laravel/framework/src/Illuminate/Notifications/ChannelManager.php(39): Illuminate\\Notifications\\NotificationSender->send()
#16 /var/www/html/actver/vendor/laravel/framework/src/Illuminate/Notifications/RoutesNotifications.php(18): Illuminate\\Notifications\\ChannelManager->send()
#17 /var/www/html/actver/vendor/spatie/laravel-backup/src/Notifications/EventHandler.php(30): Spatie\\Backup\\Notifications\\Notifiable->notify()
#18 /var/www/html/actver/vendor/laravel/framework/src/Illuminate/Events/Dispatcher.php(421): Spatie\\Backup\\Notifications\\EventHandler->Spatie\\Backup\\Notifications\\{closure}()
#19 /var/www/html/actver/vendor/laravel/framework/src/Illuminate/Events/Dispatcher.php(249): Illuminate\\Events\\Dispatcher->Illuminate\\Events\\{closure}()
#20 /var/www/html/actver/vendor/laravel/framework/src/Illuminate/Foundation/helpers.php(451): Illuminate\\Events\\Dispatcher->dispatch()
#21 /var/www/html/actver/vendor/spatie/laravel-backup/src/Tasks/Backup/BackupJob.php(311): event()
#22 /var/www/html/actver/vendor/laravel/framework/src/Illuminate/Foundation/helpers.php(720): Spatie\\Backup\\Tasks\\Backup\\BackupJob->Spatie\\Backup\\Tasks\\Backup\\{closure}()
#23 /var/www/html/actver/vendor/spatie/laravel-backup/src/Tasks/Backup/BackupJob.php(310): rescue()
#24 /var/www/html/actver/vendor/spatie/laravel-backup/src/Tasks/Backup/BackupJob.php(296): Spatie\\Backup\\Tasks\\Backup\\BackupJob->sendNotification()
#25 /var/www/html/actver/vendor/laravel/framework/src/Illuminate/Collections/Traits/EnumeratesValues.php(262): Spatie\\Backup\\Tasks\\Backup\\BackupJob->Spatie\\Backup\\Tasks\\Backup\\{closure}()
#26 /var/www/html/actver/vendor/spatie/laravel-backup/src/Tasks/Backup/BackupJob.php(284): Illuminate\\Support\\Collection->each()
#27 /var/www/html/actver/vendor/spatie/laravel-backup/src/Tasks/Backup/BackupJob.php(168): Spatie\\Backup\\Tasks\\Backup\\BackupJob->copyToBackupDestinations()
#28 /var/www/html/actver/vendor/spatie/laravel-backup/src/Commands/BackupCommand.php(58): Spatie\\Backup\\Tasks\\Backup\\BackupJob->run()
#29 /var/www/html/actver/vendor/laravel/framework/src/Illuminate/Container/BoundMethod.php(36): Spatie\\Backup\\Commands\\BackupCommand->handle()
#30 /var/www/html/actver/vendor/laravel/framework/src/Illuminate/Container/Util.php(41): Illuminate\\Container\\BoundMethod::Illuminate\\Container\\{closure}()
#31 /var/www/html/actver/vendor/laravel/framework/src/Illuminate/Container/BoundMethod.php(93): Illuminate\\Container\\Util::unwrapIfClosure()
#32 /var/www/html/actver/vendor/laravel/framework/src/Illuminate/Container/BoundMethod.php(35): Illuminate\\Container\\BoundMethod::callBoundMethod()
#33 /var/www/html/actver/vendor/laravel/framework/src/Illuminate/Container/Container.php(651): Illuminate\\Container\\BoundMethod::call()
#34 /var/www/html/actver/vendor/laravel/framework/src/Illuminate/Console/Command.php(144): Illuminate\\Container\\Container->call()
#35 /var/www/html/actver/vendor/symfony/console/Command/Command.php(308): Illuminate\\Console\\Command->execute()
#36 /var/www/html/actver/vendor/laravel/framework/src/Illuminate/Console/Command.php(125): Symfony\\Component\\Console\\Command\\Command->run()
#37 /var/www/html/actver/vendor/spatie/laravel-backup/src/Commands/BaseCommand.php(28): Illuminate\\Console\\Command->run()
#38 /var/www/html/actver/vendor/symfony/console/Application.php(1002): Spatie\\Backup\\Commands\\BaseCommand->run()
#39 /var/www/html/actver/vendor/symfony/console/Application.php(299): Symfony\\Component\\Console\\Application->doRunCommand()
#40 /var/www/html/actver/vendor/symfony/console/Application.php(171): Symfony\\Component\\Console\\Application->doRun()
#41 /var/www/html/actver/vendor/laravel/framework/src/Illuminate/Console/Application.php(102): Symfony\\Component\\Console\\Application->run()
#42 /var/www/html/actver/vendor/laravel/framework/src/Illuminate/Foundation/Console/Kernel.php(151): Illuminate\\Console\\Application->run()
#43 /var/www/html/actver/artisan(35): Illuminate\\Foundation\\Console\\Kernel->handle()
#44 {main}
"} 
